#
# There is insufficient memory for the Java Runtime Environment to continue.
# Native memory allocation (malloc) failed to allocate 2116656 bytes for Chunk::new
# Possible reasons:
#   The system is out of physical RAM or swap space
#   In 32 bit mode, the process size limit was hit
# Possible solutions:
#   Reduce memory load on the system
#   Increase physical memory or swap space
#   Check if swap backing store is full
#   Use 64 bit Java on a 64 bit OS
#   Decrease Java heap size (-Xmx/-Xms)
#   Decrease number of Java threads
#   Decrease Java thread stack sizes (-Xss)
#   Set larger code cache with -XX:ReservedCodeCacheSize=
# This output file may be truncated or incomplete.
#
#  Out of Memory Error (allocation.cpp:390), pid=14764, tid=0x0000000000004444
#
# JRE version: Java(TM) SE Runtime Environment (8.0_191-b12) (build 1.8.0_191-b12)
# Java VM: Java HotSpot(TM) 64-Bit Server VM (25.191-b12 mixed mode windows-amd64 compressed oops)
# Failed to write core dump. Minidumps are not enabled by default on client versions of Windows
#

---------------  T H R E A D  ---------------

Current thread (0x0000000018e37800):  JavaThread "C2 CompilerThread0" daemon [_thread_in_native, id=17476, stack(0x0000000018f60000,0x0000000019060000)]

Stack: [0x0000000018f60000,0x0000000019060000]
[error occurred during error reporting (printing stack bounds), id 0xc0000005]

Native frames: (J=compiled Java code, j=interpreted, Vv=VM code, C=native code)


Current CompileTask:
C2:   8047 2333       4       java.net.URLClassLoader$1::run (5 bytes)


---------------  P R O C E S S  ---------------

Java Threads: ( => current thread )
  0x000000001990c800 JavaThread "restartedMain" [_thread_in_vm, id=8848, stack(0x000000001b0a0000,0x000000001b1a0000)]
  0x0000000017444000 JavaThread "Thread-0" [_thread_blocked, id=7292, stack(0x000000001afa0000,0x000000001b0a0000)]
  0x0000000018def000 JavaThread "Service Thread" daemon [_thread_blocked, id=13968, stack(0x0000000019a60000,0x0000000019b60000)]
  0x0000000019190800 JavaThread "C1 CompilerThread2" daemon [_thread_in_native, id=18084, stack(0x0000000019960000,0x0000000019a60000)]
  0x0000000018db8000 JavaThread "C2 CompilerThread1" daemon [_thread_in_native, id=13636, stack(0x0000000019060000,0x0000000019160000)]
=>0x0000000018e37800 JavaThread "C2 CompilerThread0" daemon [_thread_in_native, id=17476, stack(0x0000000018f60000,0x0000000019060000)]
  0x0000000018d9e000 JavaThread "Monitor Ctrl-Break" daemon [_thread_in_native, id=9184, stack(0x0000000018e60000,0x0000000018f60000)]
  0x00000000173fe000 JavaThread "Attach Listener" daemon [_thread_blocked, id=15772, stack(0x0000000018960000,0x0000000018a60000)]
  0x00000000173fd000 JavaThread "Signal Dispatcher" daemon [_thread_blocked, id=6224, stack(0x0000000018860000,0x0000000018960000)]
  0x000000000291a000 JavaThread "Finalizer" daemon [_thread_blocked, id=19044, stack(0x0000000018640000,0x0000000018740000)]
  0x0000000002917000 JavaThread "Reference Handler" daemon [_thread_blocked, id=12256, stack(0x0000000018540000,0x0000000018640000)]
  0x0000000002827000 JavaThread "main" [_thread_blocked, id=7916, stack(0x0000000000d80000,0x0000000000e80000)]

Other Threads:
  0x00000000173b7800 VMThread [stack: 0x0000000018440000,0x0000000018540000] [id=10728]
  0x00000000192af000 WatcherThread [stack: 0x0000000019cd0000,0x0000000019dd0000] [id=7308]

VM state:not at safepoint (normal execution)

VM Mutex/Monitor currently owned by a thread: None

Heap:
 PSYoungGen      total 141312K, used 51819K [0x00000000d6100000, 0x00000000df500000, 0x0000000100000000)
  eden space 131072K, 39% used [0x00000000d6100000,0x00000000d939acb0,0x00000000de100000)
  from space 10240K, 0% used [0x00000000deb00000,0x00000000deb00000,0x00000000df500000)
  to   space 10240K, 0% used [0x00000000de100000,0x00000000de100000,0x00000000deb00000)
 ParOldGen       total 51200K, used 7739K [0x0000000082200000, 0x0000000085400000, 0x00000000d6100000)
  object space 51200K, 15% used [0x0000000082200000,0x000000008298ee50,0x0000000085400000)
 Metaspace       used 22758K, capacity 23920K, committed 24064K, reserved 1071104K
  class space    used 2821K, capacity 3070K, committed 3072K, reserved 1048576K

Card table byte_map: [0x0000000011ce0000,0x00000000120d0000] byte_map_base: 0x00000000118cf000

Marking Bits: (ParMarkBitMap*) 0x0000000066b23e30
 Begin Bits: [0x0000000012770000, 0x00000000146e8000)
 End Bits:   [0x00000000146e8000, 0x0000000016660000)

Polling page: 0x0000000000a20000

CodeCache: size=245760Kb used=8112Kb max_used=8112Kb free=237647Kb
 bounds [0x0000000002920000, 0x0000000003120000, 0x0000000011920000]
 total_blobs=2820 nmethods=2457 adapters=275
 compilation: enabled

Compilation events (10 events):
Event: 8.003 Thread 0x0000000019190800 2462       3       org.springframework.asm.ClassReader::readField (666 bytes)
Event: 8.010 Thread 0x0000000019190800 nmethod 2462 0x00000000031049d0 code [0x0000000003104f20, 0x0000000003108918]
Event: 8.012 Thread 0x0000000019190800 2463       3       java.util.stream.Streams$ConcatSpliterator::characteristics (56 bytes)
Event: 8.013 Thread 0x0000000019190800 nmethod 2463 0x000000000310bd10 code [0x000000000310bea0, 0x000000000310c308]
Event: 8.016 Thread 0x0000000019190800 2464       3       java.util.stream.Stream::concat (73 bytes)
Event: 8.018 Thread 0x0000000019190800 nmethod 2464 0x000000000310c450 code [0x000000000310c6c0, 0x000000000310d698]
Event: 8.018 Thread 0x0000000019190800 2465       3       org.springframework.core.type.classreading.SimpleMetadataReaderFactory::getMetadataReader (18 bytes)
Event: 8.018 Thread 0x0000000019190800 nmethod 2465 0x000000000310df90 code [0x000000000310e100, 0x000000000310e3b8]
Event: 8.020 Thread 0x0000000019190800 2466       3       org.springframework.core.type.classreading.SimpleMetadataReader::<init> (37 bytes)
Event: 8.021 Thread 0x0000000019190800 nmethod 2466 0x000000000310e4d0 code [0x000000000310e6a0, 0x000000000310ed38]

GC Heap History (10 events):
Event: 3.067 GC heap before
{Heap before GC invocations=3 (full 0):
 PSYoungGen      total 37888K, used 34902K [0x00000000d6100000, 0x00000000dab00000, 0x0000000100000000)
  eden space 32768K, 100% used [0x00000000d6100000,0x00000000d8100000,0x00000000d8100000)
  from space 5120K, 41% used [0x00000000d8600000,0x00000000d8815a28,0x00000000d8b00000)
  to   space 5120K, 0% used [0x00000000d8100000,0x00000000d8100000,0x00000000d8600000)
 ParOldGen       total 86016K, used 16K [0x0000000082200000, 0x0000000087600000, 0x00000000d6100000)
  object space 86016K, 0% used [0x0000000082200000,0x0000000082204000,0x0000000087600000)
 Metaspace       used 11123K, capacity 11484K, committed 11648K, reserved 1058816K
  class space    used 1300K, capacity 1397K, committed 1408K, reserved 1048576K
Event: 3.076 GC heap after
Heap after GC invocations=3 (full 0):
 PSYoungGen      total 37888K, used 5103K [0x00000000d6100000, 0x00000000dab00000, 0x0000000100000000)
  eden space 32768K, 0% used [0x00000000d6100000,0x00000000d6100000,0x00000000d8100000)
  from space 5120K, 99% used [0x00000000d8100000,0x00000000d85fbd48,0x00000000d8600000)
  to   space 5120K, 0% used [0x00000000da600000,0x00000000da600000,0x00000000dab00000)
 ParOldGen       total 86016K, used 367K [0x0000000082200000, 0x0000000087600000, 0x00000000d6100000)
  object space 86016K, 0% used [0x0000000082200000,0x000000008225bed0,0x0000000087600000)
 Metaspace       used 11123K, capacity 11484K, committed 11648K, reserved 1058816K
  class space    used 1300K, capacity 1397K, committed 1408K, reserved 1048576K
}
Event: 3.516 GC heap before
{Heap before GC invocations=4 (full 0):
 PSYoungGen      total 37888K, used 37871K [0x00000000d6100000, 0x00000000dab00000, 0x0000000100000000)
  eden space 32768K, 100% used [0x00000000d6100000,0x00000000d8100000,0x00000000d8100000)
  from space 5120K, 99% used [0x00000000d8100000,0x00000000d85fbd48,0x00000000d8600000)
  to   space 5120K, 0% used [0x00000000da600000,0x00000000da600000,0x00000000dab00000)
 ParOldGen       total 86016K, used 367K [0x0000000082200000, 0x0000000087600000, 0x00000000d6100000)
  object space 86016K, 0% used [0x0000000082200000,0x000000008225bed0,0x0000000087600000)
 Metaspace       used 14788K, capacity 15334K, committed 15488K, reserved 1062912K
  class space    used 1757K, capacity 1880K, committed 1920K, reserved 1048576K
Event: 3.526 GC heap after
Heap after GC invocations=4 (full 0):
 PSYoungGen      total 70656K, used 5098K [0x00000000d6100000, 0x00000000dab00000, 0x0000000100000000)
  eden space 65536K, 0% used [0x00000000d6100000,0x00000000d6100000,0x00000000da100000)
  from space 5120K, 99% used [0x00000000da600000,0x00000000daafa970,0x00000000dab00000)
  to   space 5120K, 0% used [0x00000000da100000,0x00000000da100000,0x00000000da600000)
 ParOldGen       total 86016K, used 1833K [0x0000000082200000, 0x0000000087600000, 0x00000000d6100000)
  object space 86016K, 2% used [0x0000000082200000,0x00000000823ca440,0x0000000087600000)
 Metaspace       used 14788K, capacity 15334K, committed 15488K, reserved 1062912K
  class space    used 1757K, capacity 1880K, committed 1920K, reserved 1048576K
}
Event: 5.274 GC heap before
{Heap before GC invocations=5 (full 0):
 PSYoungGen      total 70656K, used 70588K [0x00000000d6100000, 0x00000000dab00000, 0x0000000100000000)
  eden space 65536K, 99% used [0x00000000d6100000,0x00000000da0f4840,0x00000000da100000)
  from space 5120K, 99% used [0x00000000da600000,0x00000000daafa970,0x00000000dab00000)
  to   space 5120K, 0% used [0x00000000da100000,0x00000000da100000,0x00000000da600000)
 ParOldGen       total 86016K, used 1833K [0x0000000082200000, 0x0000000087600000, 0x00000000d6100000)
  object space 86016K, 2% used [0x0000000082200000,0x00000000823ca440,0x0000000087600000)
 Metaspace       used 19116K, capacity 19828K, committed 19968K, reserved 1067008K
  class space    used 2358K, capacity 2521K, committed 2560K, reserved 1048576K
Event: 5.298 GC heap after
Heap after GC invocations=5 (full 0):
 PSYoungGen      total 70656K, used 5092K [0x00000000d6100000, 0x00000000df500000, 0x0000000100000000)
  eden space 65536K, 0% used [0x00000000d6100000,0x00000000d6100000,0x00000000da100000)
  from space 5120K, 99% used [0x00000000da100000,0x00000000da5f92a8,0x00000000da600000)
  to   space 10240K, 0% used [0x00000000deb00000,0x00000000deb00000,0x00000000df500000)
 ParOldGen       total 86016K, used 4980K [0x0000000082200000, 0x0000000087600000, 0x00000000d6100000)
  object space 86016K, 5% used [0x0000000082200000,0x00000000826dd008,0x0000000087600000)
 Metaspace       used 19116K, capacity 19828K, committed 19968K, reserved 1067008K
  class space    used 2358K, capacity 2521K, committed 2560K, reserved 1048576K
}
Event: 6.280 GC heap before
{Heap before GC invocations=6 (full 0):
 PSYoungGen      total 70656K, used 49371K [0x00000000d6100000, 0x00000000df500000, 0x0000000100000000)
  eden space 65536K, 67% used [0x00000000d6100000,0x00000000d8c3dab8,0x00000000da100000)
  from space 5120K, 99% used [0x00000000da100000,0x00000000da5f92a8,0x00000000da600000)
  to   space 10240K, 0% used [0x00000000deb00000,0x00000000deb00000,0x00000000df500000)
 ParOldGen       total 86016K, used 4980K [0x0000000082200000, 0x0000000087600000, 0x00000000d6100000)
  object space 86016K, 5% used [0x0000000082200000,0x00000000826dd008,0x0000000087600000)
 Metaspace       used 20414K, capacity 21246K, committed 21296K, reserved 1069056K
  class space    used 2498K, capacity 2685K, committed 2688K, reserved 1048576K
Event: 6.292 GC heap after
Heap after GC invocations=6 (full 0):
 PSYoungGen      total 141312K, used 7368K [0x00000000d6100000, 0x00000000df500000, 0x0000000100000000)
  eden space 131072K, 0% used [0x00000000d6100000,0x00000000d6100000,0x00000000de100000)
  from space 10240K, 71% used [0x00000000deb00000,0x00000000df232068,0x00000000df500000)
  to   space 10240K, 0% used [0x00000000de100000,0x00000000de100000,0x00000000deb00000)
 ParOldGen       total 86016K, used 4988K [0x0000000082200000, 0x0000000087600000, 0x00000000d6100000)
  object space 86016K, 5% used [0x0000000082200000,0x00000000826df008,0x0000000087600000)
 Metaspace       used 20414K, capacity 21246K, committed 21296K, reserved 1069056K
  class space    used 2498K, capacity 2685K, committed 2688K, reserved 1048576K
}
Event: 6.292 GC heap before
{Heap before GC invocations=7 (full 1):
 PSYoungGen      total 141312K, used 7368K [0x00000000d6100000, 0x00000000df500000, 0x0000000100000000)
  eden space 131072K, 0% used [0x00000000d6100000,0x00000000d6100000,0x00000000de100000)
  from space 10240K, 71% used [0x00000000deb00000,0x00000000df232068,0x00000000df500000)
  to   space 10240K, 0% used [0x00000000de100000,0x00000000de100000,0x00000000deb00000)
 ParOldGen       total 86016K, used 4988K [0x0000000082200000, 0x0000000087600000, 0x00000000d6100000)
  object space 86016K, 5% used [0x0000000082200000,0x00000000826df008,0x0000000087600000)
 Metaspace       used 20414K, capacity 21246K, committed 21296K, reserved 1069056K
  class space    used 2498K, capacity 2685K, committed 2688K, reserved 1048576K
Event: 6.352 GC heap after
Heap after GC invocations=7 (full 1):
 PSYoungGen      total 141312K, used 0K [0x00000000d6100000, 0x00000000df500000, 0x0000000100000000)
  eden space 131072K, 0% used [0x00000000d6100000,0x00000000d6100000,0x00000000de100000)
  from space 10240K, 0% used [0x00000000deb00000,0x00000000deb00000,0x00000000df500000)
  to   space 10240K, 0% used [0x00000000de100000,0x00000000de100000,0x00000000deb00000)
 ParOldGen       total 51200K, used 7739K [0x0000000082200000, 0x0000000085400000, 0x00000000d6100000)
  object space 51200K, 15% used [0x0000000082200000,0x000000008298ee50,0x0000000085400000)
 Metaspace       used 20414K, capacity 21246K, committed 21296K, reserved 1069056K
  class space    used 2498K, capacity 2685K, committed 2688K, reserved 1048576K
}

Deoptimization events (10 events):
Event: 6.812 Thread 0x000000001990c800 Uncommon trap: reason=class_check action=maybe_recompile pc=0x0000000002b2f254 method=java.lang.String.equals(Ljava/lang/Object;)Z @ 8
Event: 7.366 Thread 0x000000001990c800 Uncommon trap: reason=unstable_if action=reinterpret pc=0x000000000307d470 method=org.springframework.beans.factory.support.AbstractBeanFactory.isFactoryBean(Ljava/lang/String;Lorg/springframework/beans/factory/support/RootBeanDefinition;)Z @ 38
Event: 7.519 Thread 0x000000001990c800 Uncommon trap: reason=unstable_if action=reinterpret pc=0x00000000030708e0 method=org.springframework.beans.factory.support.AbstractBeanFactory.getMergedLocalBeanDefinition(Ljava/lang/String;)Lorg/springframework/beans/factory/support/RootBeanDefinition; 
Event: 7.546 Thread 0x000000001990c800 Uncommon trap: reason=unstable_if action=reinterpret pc=0x000000000307ff8c method=org.springframework.beans.factory.support.DefaultSingletonBeanRegistry.getSingleton(Ljava/lang/String;Z)Ljava/lang/Object; @ 20
Event: 7.703 Thread 0x000000001990c800 Uncommon trap: reason=class_check action=maybe_recompile pc=0x0000000002f4fba4 method=org.springframework.util.ConcurrentReferenceHashMap$Segment.findInChain(Lorg/springframework/util/ConcurrentReferenceHashMap$Reference;Ljava/lang/Object;I)Lorg/springfra
Event: 7.760 Thread 0x000000001990c800 Uncommon trap: reason=class_check action=maybe_recompile pc=0x0000000002f4fba4 method=org.springframework.util.ConcurrentReferenceHashMap$Segment.findInChain(Lorg/springframework/util/ConcurrentReferenceHashMap$Reference;Ljava/lang/Object;I)Lorg/springfra
Event: 7.782 Thread 0x000000001990c800 Uncommon trap: reason=class_check action=maybe_recompile pc=0x0000000002f4fba4 method=org.springframework.util.ConcurrentReferenceHashMap$Segment.findInChain(Lorg/springframework/util/ConcurrentReferenceHashMap$Reference;Ljava/lang/Object;I)Lorg/springfra
Event: 7.807 Thread 0x000000001990c800 Uncommon trap: reason=class_check action=maybe_recompile pc=0x0000000002f4fba4 method=org.springframework.util.ConcurrentReferenceHashMap$Segment.findInChain(Lorg/springframework/util/ConcurrentReferenceHashMap$Reference;Ljava/lang/Object;I)Lorg/springfra
Event: 7.842 Thread 0x000000001990c800 Uncommon trap: reason=class_check action=maybe_recompile pc=0x0000000002f537e0 method=org.springframework.util.ConcurrentReferenceHashMap$Segment.findInChain(Lorg/springframework/util/ConcurrentReferenceHashMap$Reference;Ljava/lang/Object;I)Lorg/springfra
Event: 7.858 Thread 0x000000001990c800 Uncommon trap: reason=class_check action=maybe_recompile pc=0x0000000002f28cfc method=org.springframework.util.ConcurrentReferenceHashMap$Segment.findInChain(Lorg/springframework/util/ConcurrentReferenceHashMap$Reference;Ljava/lang/Object;I)Lorg/springfra

Classes redefined (0 events):
No events

Internal exceptions (10 events):
Event: 4.402 Thread 0x000000001990c800 Exception <a 'java/lang/ClassNotFoundException': org/springframework/beans/factory/AwareCustomizer> (0x00000000d7fd1938) thrown at [C:\re\workspace\8-2-build-windows-amd64-cygwin\jdk8u191\11896\hotspot\src\share\vm\classfile\systemDictionary.cpp, line 210
Event: 4.403 Thread 0x000000001990c800 Exception <a 'java/lang/ClassNotFoundException': org/springframework/context/EnvironmentAwareCustomizer> (0x00000000d7fe8db0) thrown at [C:\re\workspace\8-2-build-windows-amd64-cygwin\jdk8u191\11896\hotspot\src\share\vm\classfile\systemDictionary.cpp, lin
Event: 4.404 Thread 0x000000001990c800 Exception <a 'java/lang/ClassNotFoundException': org/springframework/beans/factory/AwareCustomizer> (0x00000000d7fffb40) thrown at [C:\re\workspace\8-2-build-windows-amd64-cygwin\jdk8u191\11896\hotspot\src\share\vm\classfile\systemDictionary.cpp, line 210
Event: 5.102 Thread 0x000000001990c800 Exception <a 'java/lang/NoSuchMethodError': java.lang.Object.lambda$or$2(Ljava/util/function/Predicate;Ljava/lang/Object;)Z> (0x00000000d8ae2d88) thrown at [C:\re\workspace\8-2-build-windows-amd64-cygwin\jdk8u191\11896\hotspot\src\share\vm\interpreter\lin
Event: 5.456 Thread 0x000000001990c800 Exception <a 'java/lang/IncompatibleClassChangeError': Found class java.lang.Object, but interface was expected> (0x00000000d7a6e1b0) thrown at [C:\re\workspace\8-2-build-windows-amd64-cygwin\jdk8u191\11896\hotspot\src\share\vm\interpreter\linkResolver.cp
Event: 5.558 Thread 0x000000001990c800 Exception <a 'java/lang/NoSuchMethodError': java.lang.Object.lambda$getAllAnnotationAttributes$0(Lorg/springframework/util/MultiValueMap;)Lorg/springframework/util/MultiValueMap;> (0x00000000d7d95388) thrown at [C:\re\workspace\8-2-build-windows-amd64-cyg
Event: 5.560 Thread 0x000000001990c800 Exception <a 'java/lang/NoSuchMethodError': java.lang.Object.lambda$identity$2(Ljava/lang/Object;)Ljava/lang/Object;> (0x00000000d7daec28) thrown at [C:\re\workspace\8-2-build-windows-amd64-cygwin\jdk8u191\11896\hotspot\src\share\vm\interpreter\linkResolv
Event: 7.483 Thread 0x000000001990c800 Exception <a 'java/lang/NoSuchMethodError': java.lang.Object.lambda$getRequiredAttribute$0(Ljava/lang/String;)Ljava/lang/IllegalArgumentException;> (0x00000000d89022d8) thrown at [C:\re\workspace\8-2-build-windows-amd64-cygwin\jdk8u191\11896\hotspot\src\s
Event: 7.986 Thread 0x000000001990c800 Exception <a 'java/lang/NoSuchMethodError': java.lang.Object.lambda$andThen$1(Ljava/util/function/Function;Ljava/lang/Object;)Ljava/lang/Object;> (0x00000000d9166218) thrown at [C:\re\workspace\8-2-build-windows-amd64-cygwin\jdk8u191\11896\hotspot\src\sha
Event: 7.987 Thread 0x000000001990c800 Exception <a 'java/lang/NoSuchMethodError': java.lang.Object.lambda$and$5([Ljava/lang/Object;)Ljava/util/stream/Stream;> (0x00000000d916a568) thrown at [C:\re\workspace\8-2-build-windows-amd64-cygwin\jdk8u191\11896\hotspot\src\share\vm\interpreter\linkRes

Events (10 events):
Event: 8.043 loading class org/springframework/data/repository/config/SelectionSet
Event: 8.043 loading class org/springframework/data/repository/config/SelectionSet done
Event: 8.043 loading class org/springframework/data/repository/config/SelectionSet
Event: 8.043 loading class org/springframework/data/repository/config/SelectionSet done
Event: 8.043 loading class org/springframework/data/repository/config/SelectionSet
Event: 8.043 loading class org/springframework/data/repository/config/SelectionSet done
Event: 8.044 loading class org/springframework/data/repository/config/SelectionSet
Event: 8.044 loading class org/springframework/data/repository/config/SelectionSet done
Event: 8.044 loading class org/springframework/data/repository/config/SelectionSet
Event: 8.044 loading class org/springframework/data/repository/config/SelectionSet done


Dynamic libraries:
0x00007ff686850000 - 0x00007ff686887000 	C:\Program Files\Java\jdk1.8.0_191\bin\java.exe
0x00007ffa1dc60000 - 0x00007ffa1de4d000 	C:\WINDOWS\SYSTEM32\ntdll.dll
0x00007ffa1daa0000 - 0x00007ffa1db53000 	C:\WINDOWS\System32\KERNEL32.DLL
0x00007ffa1a8d0000 - 0x00007ffa1ab65000 	C:\WINDOWS\System32\KERNELBASE.dll
0x00007ffa1b250000 - 0x00007ffa1b2f3000 	C:\WINDOWS\System32\ADVAPI32.dll
0x00007ffa1ce70000 - 0x00007ffa1cf0e000 	C:\WINDOWS\System32\msvcrt.dll
0x00007ffa1b1b0000 - 0x00007ffa1b24e000 	C:\WINDOWS\System32\sechost.dll
0x00007ffa1d400000 - 0x00007ffa1d522000 	C:\WINDOWS\System32\RPCRT4.dll
0x00007ffa1c880000 - 0x00007ffa1ca17000 	C:\WINDOWS\System32\USER32.dll
0x00007ffa1ab70000 - 0x00007ffa1ab90000 	C:\WINDOWS\System32\win32u.dll
0x00007ffa1d530000 - 0x00007ffa1d559000 	C:\WINDOWS\System32\GDI32.dll
0x00007ffa1ac60000 - 0x00007ffa1adfa000 	C:\WINDOWS\System32\gdi32full.dll
0x00007ffa1abc0000 - 0x00007ffa1ac60000 	C:\WINDOWS\System32\msvcp_win.dll
0x00007ffa1ae00000 - 0x00007ffa1aefa000 	C:\WINDOWS\System32\ucrtbase.dll
0x00007ffa02940000 - 0x00007ffa02bb9000 	C:\WINDOWS\WinSxS\amd64_microsoft.windows.common-controls_6595b64144ccf1df_6.0.17763.1282_none_de75b6f253473c0f\COMCTL32.dll
0x00007ffa1d560000 - 0x00007ffa1d88c000 	C:\WINDOWS\System32\combase.dll
0x00007ffa1a830000 - 0x00007ffa1a8ae000 	C:\WINDOWS\System32\bcryptPrimitives.dll
0x00007ffa1af10000 - 0x00007ffa1af3e000 	C:\WINDOWS\System32\IMM32.DLL
0x0000000066bb0000 - 0x0000000066c82000 	C:\Program Files\Java\jdk1.8.0_191\jre\bin\msvcr100.dll
0x0000000066300000 - 0x0000000066ba4000 	C:\Program Files\Java\jdk1.8.0_191\jre\bin\server\jvm.dll
0x00007ffa1af00000 - 0x00007ffa1af08000 	C:\WINDOWS\System32\PSAPI.DLL
0x00007ffa15fd0000 - 0x00007ffa15fd9000 	C:\WINDOWS\SYSTEM32\WSOCK32.dll
0x00007ffa1d390000 - 0x00007ffa1d3fd000 	C:\WINDOWS\System32\WS2_32.dll
0x00007ffa163b0000 - 0x00007ffa163d4000 	C:\WINDOWS\SYSTEM32\WINMM.dll
0x00007ffa0a8f0000 - 0x00007ffa0a8fa000 	C:\WINDOWS\SYSTEM32\VERSION.dll
0x00007ffa16380000 - 0x00007ffa163ad000 	C:\WINDOWS\SYSTEM32\WINMMBASE.dll
0x00007ffa1a7e0000 - 0x00007ffa1a82a000 	C:\WINDOWS\System32\cfgmgr32.dll
0x00000000662f0000 - 0x00000000662ff000 	C:\Program Files\Java\jdk1.8.0_191\jre\bin\verify.dll
0x00000000662c0000 - 0x00000000662e9000 	C:\Program Files\Java\jdk1.8.0_191\jre\bin\java.dll
0x00000000660a0000 - 0x00000000660c3000 	C:\Program Files\Java\jdk1.8.0_191\jre\bin\instrument.dll
0x00000000662a0000 - 0x00000000662b6000 	C:\Program Files\Java\jdk1.8.0_191\jre\bin\zip.dll
0x00007ffa1b380000 - 0x00007ffa1c878000 	C:\WINDOWS\System32\SHELL32.dll
0x00007ffa1db80000 - 0x00007ffa1dc28000 	C:\WINDOWS\System32\shcore.dll
0x00007ffa19e00000 - 0x00007ffa1a54f000 	C:\WINDOWS\System32\windows.storage.dll
0x00007ffa19d70000 - 0x00007ffa19d94000 	C:\WINDOWS\System32\profapi.dll
0x00007ffa19cf0000 - 0x00007ffa19d4d000 	C:\WINDOWS\System32\powrprof.dll
0x00007ffa1ca20000 - 0x00007ffa1ca72000 	C:\WINDOWS\System32\shlwapi.dll
0x00007ffa19cd0000 - 0x00007ffa19ce1000 	C:\WINDOWS\System32\kernel.appcore.dll
0x00007ffa1a8b0000 - 0x00007ffa1a8c7000 	C:\WINDOWS\System32\cryptsp.dll
0x00007ff9e4300000 - 0x00007ff9e431a000 	C:\Program Files\JetBrains\IntelliJ IDEA Community Edition 2018.3\bin\breakgen64.dll
0x0000000066280000 - 0x000000006629a000 	C:\Program Files\Java\jdk1.8.0_191\jre\bin\net.dll
0x00007ffa194e0000 - 0x00007ffa19547000 	C:\WINDOWS\system32\mswsock.dll
0x00000000660d0000 - 0x00000000660dd000 	C:\Program Files\Java\jdk1.8.0_191\jre\bin\management.dll
0x00007ff9f9370000 - 0x00007ff9f9386000 	C:\WINDOWS\system32\napinsp.dll
0x00007ff9f8ed0000 - 0x00007ff9f8eea000 	C:\WINDOWS\system32\pnrpnsp.dll
0x00007ffa191f0000 - 0x00007ffa192b7000 	C:\WINDOWS\SYSTEM32\DNSAPI.dll
0x00007ffa1da90000 - 0x00007ffa1da98000 	C:\WINDOWS\System32\NSI.dll
0x00007ffa191b0000 - 0x00007ffa191ed000 	C:\WINDOWS\SYSTEM32\IPHLPAPI.DLL
0x00007ff9f9ad0000 - 0x00007ff9f9ade000 	C:\WINDOWS\System32\winrnr.dll
0x00007ffa15ea0000 - 0x00007ffa15ebb000 	C:\WINDOWS\system32\NLAapi.dll
0x00007ffa10b20000 - 0x00007ffa10b35000 	C:\WINDOWS\system32\wshbth.dll
0x00007ffa0b7e0000 - 0x00007ffa0b7ea000 	C:\Windows\System32\rasadhlp.dll
0x00007ffa0b9b0000 - 0x00007ffa0ba29000 	C:\WINDOWS\System32\fwpuclnt.dll
0x00007ffa1ab90000 - 0x00007ffa1abb6000 	C:\WINDOWS\System32\bcrypt.dll
0x0000000066260000 - 0x0000000066271000 	C:\Program Files\Java\jdk1.8.0_191\jre\bin\nio.dll

VM Arguments:
jvm_args: -javaagent:C:\Program Files\JetBrains\IntelliJ IDEA Community Edition 2018.3\lib\idea_rt.jar=55733:C:\Program Files\JetBrains\IntelliJ IDEA Community Edition 2018.3\bin -Dfile.encoding=UTF-8 
java_command: com.library.LibraryApplication
java_class_path (initial): C:\Users\Folio9470m\IdeaProjects\Library\target\classes;C:\Program Files\Java\jdk1.8.0_191\jre\lib\charsets.jar;C:\Program Files\Java\jdk1.8.0_191\jre\lib\deploy.jar;C:\Program Files\Java\jdk1.8.0_191\jre\lib\ext\access-bridge-64.jar;C:\Program Files\Java\jdk1.8.0_191\jre\lib\ext\cldrdata.jar;C:\Program Files\Java\jdk1.8.0_191\jre\lib\ext\dnsns.jar;C:\Program Files\Java\jdk1.8.0_191\jre\lib\ext\jaccess.jar;C:\Program Files\Java\jdk1.8.0_191\jre\lib\ext\jfxrt.jar;C:\Program Files\Java\jdk1.8.0_191\jre\lib\ext\localedata.jar;C:\Program Files\Java\jdk1.8.0_191\jre\lib\ext\nashorn.jar;C:\Program Files\Java\jdk1.8.0_191\jre\lib\ext\sunec.jar;C:\Program Files\Java\jdk1.8.0_191\jre\lib\ext\sunjce_provider.jar;C:\Program Files\Java\jdk1.8.0_191\jre\lib\ext\sunmscapi.jar;C:\Program Files\Java\jdk1.8.0_191\jre\lib\ext\sunpkcs11.jar;C:\Program Files\Java\jdk1.8.0_191\jre\lib\ext\zipfs.jar;C:\Program Files\Java\jdk1.8.0_191\jre\lib\javaws.jar;C:\Program Files\Java\jdk1.8.0_191\jre\lib\jce.jar;C:\Program Files\Java\jdk1.8.0_191\jre\lib\jfr.jar;C:\Program Files\Java\jdk1.8.0_191\jre\lib\jfxswt.jar;C:\Program Files\Java\jdk1.8.0_191\jre\lib\jsse.jar;C:\Program Files\Java\jdk1.8.0_191\jre\lib\management-agent.jar;C:\Program Files\Java\jdk1.8.0_191\jre\lib\plugin.jar;C:\Program Files\Java\jdk1.8.0_191\jre\lib\resources.jar;C:\Program Files\Java\jdk1.8.0_191\jre\lib\rt.jar;C:\Users\Folio9470m\.m2\repository\org\springframework\boot\spring-boot-starter-data-jpa\2.3.2.RELEASE\spring-boot-starter-data-jpa-2.3.2.RELEASE.jar;C:\Users\Folio9470m\.m2\repository\org\springframework\boot\spring-boot-starter-aop\2.3.2.RELEASE\spring-boot-starter-aop-2.3.2.RELEASE.jar;C:\Users\Folio9470m\.m2\repository\org\springframework\spring-aop\5.2.8.RELEASE\spring-aop-5.2.8.RELEASE.jar;C:\Users\Folio9470m\.m2\repository\org\aspectj\aspectjweaver\1.9.6\aspectjweaver-1.9.6.jar;C:\Users\Folio9470m\.m2\repository\org\springframework\boot\spring-boot-starter-jdbc\2.3.2.RELEASE\spri
Launcher Type: SUN_STANDARD

Environment Variables:
JAVA_HOME=C:\Program Files\Java\jdk1.8.0_191\bin
PATH=C:\Program Files (x86)\Common Files\Oracle\Java\javapath;C:\ProgramData\DockerDesktop\version-bin;C:\Program Files\Docker\Docker\Resources\bin;C:\WINDOWS\system32;C:\WINDOWS;C:\WINDOWS\System32\Wbem;C:\WINDOWS\System32\WindowsPowerShell\v1.0\;C:\Program Files\Git\cmd;C:\WINDOWS\System32\OpenSSH\;C:\wamp\bin\mysql\mysql5.6.12\bin;C:\Program Files\nodejs\;C:\Program Files\Java\jdk1.8.0_191\bin;C:\Program Files\heroku\bin;C:\Program Files\PostgreSQL\12\bin;C:\xampp\php;C:\ProgramData\ComposerSetup\bin;C:\Program Files\Microsoft VS Code\bin;C:\xampp\mysql\bin;C:\Users\Folio9470m\AppData\Local\Microsoft\WindowsApps;C:\Users\Folio9470m\AppData\Roaming\npm;C:\Program Files\Java\jdk1.8.0_191\bin;C:\Program Files\heroku\bin;C:\Program Files\heroku\bin;C:\Program Files\PostgreSQL\12\bin;C:\xampp\php;C:\Users\Folio9470m\AppData\Roaming\Composer\vendor\bin;C:\xampp\mysql\bin;
USERNAME=Folio9470m
OS=Windows_NT
PROCESSOR_IDENTIFIER=Intel64 Family 6 Model 58 Stepping 9, GenuineIntel



---------------  S Y S T E M  ---------------

OS: Windows 10.0 , 64 bit Build 17763 (10.0.17763.1158)

CPU:total 4 (initial active 4) (2 cores per cpu, 2 threads per core) family 6 model 58 stepping 9, cmov, cx8, fxsr, mmx, sse, sse2, sse3, ssse3, sse4.1, sse4.2, popcnt, avx, aes, clmul, erms, ht, tsc, tscinvbit, tscinv

Memory: 4k page, physical 8248876k(912528k free), swap 12836876k(5728k free)

vm_info: Java HotSpot(TM) 64-Bit Server VM (25.191-b12) for windows-amd64 JRE (1.8.0_191-b12), built on Oct  6 2018 09:29:03 by "java_re" with MS VC++ 10.0 (VS2010)

time: Tue Sep 15 00:31:34 2020
elapsed time: 8 seconds (0d 0h 0m 8s)

