#
# There is insufficient memory for the Java Runtime Environment to continue.
# Native memory allocation (malloc) failed to allocate 63216 bytes for Chunk::new
# Possible reasons:
#   The system is out of physical RAM or swap space
#   In 32 bit mode, the process size limit was hit
# Possible solutions:
#   Reduce memory load on the system
#   Increase physical memory or swap space
#   Check if swap backing store is full
#   Use 64 bit Java on a 64 bit OS
#   Decrease Java heap size (-Xmx/-Xms)
#   Decrease number of Java threads
#   Decrease Java thread stack sizes (-Xss)
#   Set larger code cache with -XX:ReservedCodeCacheSize=
# This output file may be truncated or incomplete.
#
#  Out of Memory Error (allocation.cpp:390), pid=3180, tid=0x000000000000518c
#
# JRE version: Java(TM) SE Runtime Environment (8.0_191-b12) (build 1.8.0_191-b12)
# Java VM: Java HotSpot(TM) 64-Bit Server VM (25.191-b12 mixed mode windows-amd64 compressed oops)
# Failed to write core dump. Minidumps are not enabled by default on client versions of Windows
#

---------------  T H R E A D  ---------------

Current thread (0x00000000194e7800):  JavaThread "C2 CompilerThread1" daemon [_thread_in_native, id=20876, stack(0x0000000019e20000,0x0000000019f20000)]

Stack: [0x0000000019e20000,0x0000000019f20000]
[error occurred during error reporting (printing stack bounds), id 0xc0000005]

Native frames: (J=compiled Java code, j=interpreted, Vv=VM code, C=native code)


Current CompileTask:
C2: 107368 8090       4       org.springframework.asm.Frame::getAbstractTypeFromDescriptor (415 bytes)


---------------  P R O C E S S  ---------------

Java Threads: ( => current thread )
  0x000000001a6c0800 JavaThread "DestroyJavaVM" [_thread_blocked, id=15144, stack(0x0000000002ac0000,0x0000000002bc0000)]
  0x000000001a6c3000 JavaThread "http-nio-8080-Acceptor" daemon [_thread_in_native, id=18668, stack(0x0000000023530000,0x0000000023630000)]
  0x000000001a6c0000 JavaThread "http-nio-8080-ClientPoller" daemon [_thread_in_native, id=5500, stack(0x0000000022cf0000,0x0000000022df0000)]
  0x000000001a6bf000 JavaThread "http-nio-8080-exec-10" daemon [_thread_blocked, id=11888, stack(0x0000000023430000,0x0000000023530000)]
  0x000000001a6be800 JavaThread "http-nio-8080-exec-9" daemon [_thread_blocked, id=11108, stack(0x0000000023330000,0x0000000023430000)]
  0x000000001a6b7000 JavaThread "http-nio-8080-exec-8" daemon [_thread_blocked, id=1164, stack(0x0000000023230000,0x0000000023330000)]
  0x000000001a6bd000 JavaThread "http-nio-8080-exec-7" daemon [_thread_blocked, id=19216, stack(0x0000000023130000,0x0000000023230000)]
  0x000000001a6bd800 JavaThread "http-nio-8080-exec-6" daemon [_thread_blocked, id=6412, stack(0x0000000023030000,0x0000000023130000)]
  0x000000001a6b9000 JavaThread "http-nio-8080-exec-5" daemon [_thread_blocked, id=16464, stack(0x0000000022f30000,0x0000000023030000)]
  0x000000001a6b6000 JavaThread "http-nio-8080-exec-4" daemon [_thread_blocked, id=8756, stack(0x0000000022e30000,0x0000000022f30000)]
  0x000000001a6bc000 JavaThread "http-nio-8080-exec-3" daemon [_thread_blocked, id=21476, stack(0x0000000022bf0000,0x0000000022cf0000)]
  0x000000001a6ba000 JavaThread "http-nio-8080-exec-2" daemon [_thread_blocked, id=10232, stack(0x0000000022af0000,0x0000000022bf0000)]
  0x000000001a6b5800 JavaThread "http-nio-8080-exec-1" daemon [_thread_blocked, id=14944, stack(0x0000000022460000,0x0000000022560000)]
  0x000000001a6b8800 JavaThread "http-nio-8080-BlockPoller" daemon [_thread_in_native, id=19396, stack(0x0000000020110000,0x0000000020210000)]
  0x000000001a6bb800 JavaThread "Live Reload Server" daemon [_thread_in_native, id=21100, stack(0x0000000022360000,0x0000000022460000)]
  0x000000001a6b4800 JavaThread "File Watcher" daemon [_thread_in_native, id=19908, stack(0x00000000227f0000,0x00000000228f0000)]
  0x000000001a6b7800 JavaThread "container-0" [_thread_blocked, id=11132, stack(0x0000000021760000,0x0000000021860000)]
  0x000000001ceb3800 JavaThread "Catalina-utility-2" [_thread_blocked, id=2868, stack(0x0000000021660000,0x0000000021760000)]
  0x000000001ceb6800 JavaThread "Catalina-utility-1" [_thread_blocked, id=11688, stack(0x0000000020010000,0x0000000020110000)]
  0x000000001ceb4800 JavaThread "HikariPool-1 housekeeper" daemon [_thread_blocked, id=4492, stack(0x00000000204f0000,0x00000000205f0000)]
  0x000000001ceb5000 JavaThread "mysql-cj-abandoned-connection-cleanup" daemon [_thread_blocked, id=3292, stack(0x000000001b560000,0x000000001b660000)]
  0x000000001941d800 JavaThread "Service Thread" daemon [_thread_blocked, id=18968, stack(0x000000001a020000,0x000000001a120000)]
  0x000000001953e800 JavaThread "C1 CompilerThread2" daemon [_thread_blocked, id=18264, stack(0x0000000019f20000,0x000000001a020000)]
=>0x00000000194e7800 JavaThread "C2 CompilerThread1" daemon [_thread_in_native, id=20876, stack(0x0000000019e20000,0x0000000019f20000)]
  0x0000000019477000 JavaThread "C2 CompilerThread0" daemon [_thread_in_native, id=17008, stack(0x0000000019d20000,0x0000000019e20000)]
  0x0000000019445800 JavaThread "Monitor Ctrl-Break" daemon [_thread_in_native, id=19972, stack(0x0000000019c20000,0x0000000019d20000)]
  0x0000000017993000 JavaThread "Attach Listener" daemon [_thread_blocked, id=12792, stack(0x0000000018f20000,0x0000000019020000)]
  0x0000000017992800 JavaThread "Signal Dispatcher" daemon [_thread_blocked, id=18796, stack(0x0000000018e20000,0x0000000018f20000)]
  0x000000001797d000 JavaThread "Finalizer" daemon [_thread_blocked, id=13176, stack(0x0000000018bf0000,0x0000000018cf0000)]
  0x0000000002cb8000 JavaThread "Reference Handler" daemon [_thread_blocked, id=21160, stack(0x0000000018af0000,0x0000000018bf0000)]

Other Threads:
  0x0000000017957000 VMThread [stack: 0x00000000189f0000,0x0000000018af0000] [id=17348]
  0x000000001941e800 WatcherThread [stack: 0x000000001a290000,0x000000001a390000] [id=19340]

VM state:at safepoint (normal execution)

VM Mutex/Monitor currently owned by a thread:  ([mutex/lock_event])
[0x0000000002bc5590] Threads_lock - owner thread: 0x0000000017957000

Heap:
 PSYoungGen      total 339456K, used 208153K [0x00000000d6100000, 0x00000000f1b80000, 0x0000000100000000)
  eden space 319488K, 65% used [0x00000000d6100000,0x00000000e2c46778,0x00000000e9900000)
  from space 19968K, 0% used [0x00000000e9900000,0x00000000e9900000,0x00000000eac80000)
  to   space 19968K, 0% used [0x00000000f0800000,0x00000000f0800000,0x00000000f1b80000)
 ParOldGen       total 106496K, used 29473K [0x0000000082200000, 0x0000000088a00000, 0x00000000d6100000)
  object space 106496K, 27% used [0x0000000082200000,0x0000000083ec86e8,0x0000000088a00000)
 Metaspace       used 61765K, capacity 65314K, committed 65448K, reserved 1105920K
  class space    used 7960K, capacity 8515K, committed 8616K, reserved 1048576K

Card table byte_map: [0x0000000012280000,0x0000000012670000] byte_map_base: 0x0000000011e6f000

Marking Bits: (ParMarkBitMap*) 0x0000000052d53e30
 Begin Bits: [0x0000000012d10000, 0x0000000014c88000)
 End Bits:   [0x0000000014c88000, 0x0000000016c00000)

Polling page: 0x0000000000cb0000

CodeCache: size=245760Kb used=22662Kb max_used=23379Kb free=223097Kb
 bounds [0x0000000002ec0000, 0x00000000045b0000, 0x0000000011ec0000]
 total_blobs=7567 nmethods=7007 adapters=470
 compilation: enabled

Compilation events (10 events):
Event: 107.317 Thread 0x000000001953e800 8105       3       org.springframework.cglib.core.CollectionUtils::bucket (94 bytes)
Event: 107.319 Thread 0x000000001953e800 nmethod 8105 0x00000000042b7d90 code [0x00000000042b8020, 0x00000000042b91c8]
Event: 107.321 Thread 0x0000000019477000 nmethod 8089 0x0000000003ad8710 code [0x0000000003ad88a0, 0x0000000003ad9258]
Event: 107.321 Thread 0x0000000019477000 8095       4       org.springframework.asm.SymbolTable::put (150 bytes)
Event: 107.323 Thread 0x000000001953e800 8106       3       org.springframework.asm.Frame::getInitializedType (152 bytes)
Event: 107.323 Thread 0x000000001953e800 nmethod 8106 0x0000000003c32890 code [0x0000000003c32a40, 0x0000000003c33198]
Event: 107.328 Thread 0x0000000019477000 nmethod 8095 0x00000000032db390 code [0x00000000032db4e0, 0x00000000032db878]
Event: 107.328 Thread 0x0000000019477000 8096       4       org.springframework.asm.Frame::accept (264 bytes)
Event: 107.345 Thread 0x0000000019477000 nmethod 8096 0x000000000406f490 code [0x000000000406f620, 0x000000000406fec8]
Event: 107.345 Thread 0x0000000019477000 8094       4       org.springframework.asm.SymbolTable::addConstantMemberReference (147 bytes)

GC Heap History (10 events):
Event: 13.959 GC heap before
{Heap before GC invocations=10 (full 1):
 PSYoungGen      total 238080K, used 65808K [0x00000000d6100000, 0x00000000e5a80000, 0x0000000100000000)
  eden space 226304K, 24% used [0x00000000d6100000,0x00000000d963b858,0x00000000e3e00000)
  from space 11776K, 95% used [0x00000000e4f00000,0x00000000e5a08ae0,0x00000000e5a80000)
  to   space 13824K, 0% used [0x00000000e3f80000,0x00000000e3f80000,0x00000000e4d00000)
 ParOldGen       total 51200K, used 7602K [0x0000000082200000, 0x0000000085400000, 0x00000000d6100000)
  object space 51200K, 14% used [0x0000000082200000,0x000000008296c9c0,0x0000000085400000)
 Metaspace       used 33460K, capacity 35340K, committed 35496K, reserved 1081344K
  class space    used 4137K, capacity 4484K, committed 4520K, reserved 1048576K
Event: 13.994 GC heap after
Heap after GC invocations=10 (full 1):
 PSYoungGen      total 241664K, used 13282K [0x00000000d6100000, 0x00000000ec000000, 0x0000000100000000)
  eden space 227840K, 0% used [0x00000000d6100000,0x00000000d6100000,0x00000000e3f80000)
  from space 13824K, 96% used [0x00000000e3f80000,0x00000000e4c78988,0x00000000e4d00000)
  to   space 15872K, 0% used [0x00000000eb080000,0x00000000eb080000,0x00000000ec000000)
 ParOldGen       total 51200K, used 7602K [0x0000000082200000, 0x0000000085400000, 0x00000000d6100000)
  object space 51200K, 14% used [0x0000000082200000,0x000000008296c9c0,0x0000000085400000)
 Metaspace       used 33460K, capacity 35340K, committed 35496K, reserved 1081344K
  class space    used 4137K, capacity 4484K, committed 4520K, reserved 1048576K
}
Event: 13.994 GC heap before
{Heap before GC invocations=11 (full 2):
 PSYoungGen      total 241664K, used 13282K [0x00000000d6100000, 0x00000000ec000000, 0x0000000100000000)
  eden space 227840K, 0% used [0x00000000d6100000,0x00000000d6100000,0x00000000e3f80000)
  from space 13824K, 96% used [0x00000000e3f80000,0x00000000e4c78988,0x00000000e4d00000)
  to   space 15872K, 0% used [0x00000000eb080000,0x00000000eb080000,0x00000000ec000000)
 ParOldGen       total 51200K, used 7602K [0x0000000082200000, 0x0000000085400000, 0x00000000d6100000)
  object space 51200K, 14% used [0x0000000082200000,0x000000008296c9c0,0x0000000085400000)
 Metaspace       used 33460K, capacity 35340K, committed 35496K, reserved 1081344K
  class space    used 4137K, capacity 4484K, committed 4520K, reserved 1048576K
Event: 14.133 GC heap after
Heap after GC invocations=11 (full 2):
 PSYoungGen      total 241664K, used 0K [0x00000000d6100000, 0x00000000ec000000, 0x0000000100000000)
  eden space 227840K, 0% used [0x00000000d6100000,0x00000000d6100000,0x00000000e3f80000)
  from space 13824K, 0% used [0x00000000e3f80000,0x00000000e3f80000,0x00000000e4d00000)
  to   space 15872K, 0% used [0x00000000eb080000,0x00000000eb080000,0x00000000ec000000)
 ParOldGen       total 75776K, used 18719K [0x0000000082200000, 0x0000000086c00000, 0x00000000d6100000)
  object space 75776K, 24% used [0x0000000082200000,0x0000000083447d68,0x0000000086c00000)
 Metaspace       used 33460K, capacity 35340K, committed 35496K, reserved 1081344K
  class space    used 4137K, capacity 4484K, committed 4520K, reserved 1048576K
}
Event: 23.857 GC heap before
{Heap before GC invocations=12 (full 2):
 PSYoungGen      total 241664K, used 227840K [0x00000000d6100000, 0x00000000ec000000, 0x0000000100000000)
  eden space 227840K, 100% used [0x00000000d6100000,0x00000000e3f80000,0x00000000e3f80000)
  from space 13824K, 0% used [0x00000000e3f80000,0x00000000e3f80000,0x00000000e4d00000)
  to   space 15872K, 0% used [0x00000000eb080000,0x00000000eb080000,0x00000000ec000000)
 ParOldGen       total 75776K, used 18719K [0x0000000082200000, 0x0000000086c00000, 0x00000000d6100000)
  object space 75776K, 24% used [0x0000000082200000,0x0000000083447d68,0x0000000086c00000)
 Metaspace       used 51770K, capacity 54494K, committed 54696K, reserved 1097728K
  class space    used 6772K, capacity 7227K, committed 7336K, reserved 1048576K
Event: 23.898 GC heap after
Heap after GC invocations=12 (full 2):
 PSYoungGen      total 325632K, used 15857K [0x00000000d6100000, 0x00000000ec000000, 0x0000000100000000)
  eden space 309760K, 0% used [0x00000000d6100000,0x00000000d6100000,0x00000000e8f80000)
  from space 15872K, 99% used [0x00000000eb080000,0x00000000ebffc740,0x00000000ec000000)
  to   space 19968K, 0% used [0x00000000e9900000,0x00000000e9900000,0x00000000eac80000)
 ParOldGen       total 75776K, used 24815K [0x0000000082200000, 0x0000000086c00000, 0x00000000d6100000)
  object space 75776K, 32% used [0x0000000082200000,0x0000000083a3bef8,0x0000000086c00000)
 Metaspace       used 51770K, capacity 54494K, committed 54696K, reserved 1097728K
  class space    used 6772K, capacity 7227K, committed 7336K, reserved 1048576K
}
Event: 27.542 GC heap before
{Heap before GC invocations=13 (full 2):
 PSYoungGen      total 325632K, used 83968K [0x00000000d6100000, 0x00000000ec000000, 0x0000000100000000)
  eden space 309760K, 21% used [0x00000000d6100000,0x00000000da383bc0,0x00000000e8f80000)
  from space 15872K, 99% used [0x00000000eb080000,0x00000000ebffc740,0x00000000ec000000)
  to   space 19968K, 0% used [0x00000000e9900000,0x00000000e9900000,0x00000000eac80000)
 ParOldGen       total 75776K, used 24815K [0x0000000082200000, 0x0000000086c00000, 0x00000000d6100000)
  object space 75776K, 32% used [0x0000000082200000,0x0000000083a3bef8,0x0000000086c00000)
 Metaspace       used 55999K, capacity 59116K, committed 59160K, reserved 1101824K
  class space    used 7322K, capacity 7840K, committed 7848K, reserved 1048576K
Event: 27.569 GC heap after
Heap after GC invocations=13 (full 2):
 PSYoungGen      total 339456K, used 4734K [0x00000000d6100000, 0x00000000f1b80000, 0x0000000100000000)
  eden space 319488K, 0% used [0x00000000d6100000,0x00000000d6100000,0x00000000e9900000)
  from space 19968K, 23% used [0x00000000e9900000,0x00000000e9d9f930,0x00000000eac80000)
  to   space 19968K, 0% used [0x00000000f0800000,0x00000000f0800000,0x00000000f1b80000)
 ParOldGen       total 75776K, used 33897K [0x0000000082200000, 0x0000000086c00000, 0x00000000d6100000)
  object space 75776K, 44% used [0x0000000082200000,0x000000008431a5c0,0x0000000086c00000)
 Metaspace       used 55999K, capacity 59116K, committed 59160K, reserved 1101824K
  class space    used 7322K, capacity 7840K, committed 7848K, reserved 1048576K
}
Event: 27.569 GC heap before
{Heap before GC invocations=14 (full 3):
 PSYoungGen      total 339456K, used 4734K [0x00000000d6100000, 0x00000000f1b80000, 0x0000000100000000)
  eden space 319488K, 0% used [0x00000000d6100000,0x00000000d6100000,0x00000000e9900000)
  from space 19968K, 23% used [0x00000000e9900000,0x00000000e9d9f930,0x00000000eac80000)
  to   space 19968K, 0% used [0x00000000f0800000,0x00000000f0800000,0x00000000f1b80000)
 ParOldGen       total 75776K, used 33897K [0x0000000082200000, 0x0000000086c00000, 0x00000000d6100000)
  object space 75776K, 44% used [0x0000000082200000,0x000000008431a5c0,0x0000000086c00000)
 Metaspace       used 55999K, capacity 59116K, committed 59160K, reserved 1101824K
  class space    used 7322K, capacity 7840K, committed 7848K, reserved 1048576K
Event: 27.845 GC heap after
Heap after GC invocations=14 (full 3):
 PSYoungGen      total 339456K, used 0K [0x00000000d6100000, 0x00000000f1b80000, 0x0000000100000000)
  eden space 319488K, 0% used [0x00000000d6100000,0x00000000d6100000,0x00000000e9900000)
  from space 19968K, 0% used [0x00000000e9900000,0x00000000e9900000,0x00000000eac80000)
  to   space 19968K, 0% used [0x00000000f0800000,0x00000000f0800000,0x00000000f1b80000)
 ParOldGen       total 106496K, used 29473K [0x0000000082200000, 0x0000000088a00000, 0x00000000d6100000)
  object space 106496K, 27% used [0x0000000082200000,0x0000000083ec86e8,0x0000000088a00000)
 Metaspace       used 55909K, capacity 58972K, committed 59160K, reserved 1101824K
  class space    used 7308K, capacity 7816K, committed 7848K, reserved 1048576K
}

Deoptimization events (10 events):
Event: 28.372 Thread 0x000000001a41c800 Uncommon trap: reason=bimorphic action=maybe_recompile pc=0x00000000034bf6f4 method=java.util.Hashtable.addEntry(ILjava/lang/Object;Ljava/lang/Object;I)V @ 38
Event: 28.530 Thread 0x000000001a41c800 Uncommon trap: reason=unstable_if action=reinterpret pc=0x0000000003eb68e8 method=org.springframework.core.annotation.TypeMappedAnnotations$MergedAnnotationFinder.doWithAnnotations(Ljava/lang/Object;ILjava/lang/Object;[Ljava/lang/annotation/Annotation;)Lo
Event: 31.320 Thread 0x000000001a41c800 Uncommon trap: reason=unstable_if action=reinterpret pc=0x0000000003168598 method=org.springframework.util.ConcurrentReferenceHashMap$Segment.clear()V @ 7
Event: 31.327 Thread 0x000000001a41c800 Uncommon trap: reason=class_check action=maybe_recompile pc=0x00000000040165d4 method=org.springframework.util.ConcurrentReferenceHashMap$ReferenceManager.pollForPurge()Lorg/springframework/util/ConcurrentReferenceHashMap$Reference; @ 7
Event: 31.327 Thread 0x000000001a41c800 Uncommon trap: reason=class_check action=maybe_recompile pc=0x00000000040165d4 method=org.springframework.util.ConcurrentReferenceHashMap$ReferenceManager.pollForPurge()Lorg/springframework/util/ConcurrentReferenceHashMap$Reference; @ 7
Event: 31.327 Thread 0x000000001a41c800 Uncommon trap: reason=class_check action=maybe_recompile pc=0x00000000040165d4 method=org.springframework.util.ConcurrentReferenceHashMap$ReferenceManager.pollForPurge()Lorg/springframework/util/ConcurrentReferenceHashMap$Reference; @ 7
Event: 31.327 Thread 0x000000001a41c800 Uncommon trap: reason=class_check action=maybe_recompile pc=0x00000000040165d4 method=org.springframework.util.ConcurrentReferenceHashMap$ReferenceManager.pollForPurge()Lorg/springframework/util/ConcurrentReferenceHashMap$Reference; @ 7
Event: 107.212 Thread 0x000000001a6b5800 Uncommon trap: reason=unstable_if action=reinterpret pc=0x00000000036d8d30 method=org.springframework.util.AntPathMatcher$AntPathStringMatcher.matchStrings(Ljava/lang/String;Ljava/util/Map;)Z @ 17
Event: 107.293 Thread 0x000000001a6b5800 Uncommon trap: reason=unstable_if action=reinterpret pc=0x00000000039f3c38 method=java.lang.ThreadLocal$ThreadLocalMap.getEntry(Ljava/lang/ThreadLocal;)Ljava/lang/ThreadLocal$ThreadLocalMap$Entry; @ 29
Event: 107.355 Thread 0x000000001a6b5800 Uncommon trap: reason=speculate_class_check action=maybe_recompile pc=0x000000000456b48c method=org.springframework.transaction.interceptor.AbstractFallbackTransactionAttributeSource.getTransactionAttribute(Ljava/lang/reflect/Method;Ljava/lang/Class;)Lorg

Classes redefined (0 events):
No events

Internal exceptions (10 events):
Event: 31.060 Thread 0x000000001a41c800 Exception <a 'java/lang/ClassNotFoundException': com/library/entities/ChargeCustomizer> (0x00000000de6d2dc0) thrown at [C:\re\workspace\8-2-build-windows-amd64-cygwin\jdk8u191\11896\hotspot\src\share\vm\classfile\systemDictionary.cpp, line 210]
Event: 31.260 Thread 0x000000001a41c800 Exception <a 'java/lang/reflect/InvocationTargetException'> (0x00000000df5087e8) thrown at [C:\re\workspace\8-2-build-windows-amd64-cygwin\jdk8u191\11896\hotspot\src\share\vm\runtime\reflection.cpp, line 1092]
Event: 31.363 Thread 0x000000001a41c800 Exception <a 'java/lang/ClassNotFoundException': java/lang/ObjectCustomizer> (0x00000000df710760) thrown at [C:\re\workspace\8-2-build-windows-amd64-cygwin\jdk8u191\11896\hotspot\src\share\vm\classfile\systemDictionary.cpp, line 210]
Event: 31.365 Thread 0x000000001a41c800 Exception <a 'java/lang/ClassNotFoundException': com/library/entities/CategoryCustomizer> (0x00000000df72be60) thrown at [C:\re\workspace\8-2-build-windows-amd64-cygwin\jdk8u191\11896\hotspot\src\share\vm\classfile\systemDictionary.cpp, line 210]
Event: 31.504 Thread 0x000000001a41c800 Exception <a 'java/lang/ClassNotFoundException': java/lang/ObjectCustomizer> (0x00000000dfa67da0) thrown at [C:\re\workspace\8-2-build-windows-amd64-cygwin\jdk8u191\11896\hotspot\src\share\vm\classfile\systemDictionary.cpp, line 210]
Event: 31.505 Thread 0x000000001a41c800 Exception <a 'java/lang/ClassNotFoundException': com/library/entities/ScategorieCustomizer> (0x00000000dfa83c20) thrown at [C:\re\workspace\8-2-build-windows-amd64-cygwin\jdk8u191\11896\hotspot\src\share\vm\classfile\systemDictionary.cpp, line 210]
Event: 31.542 Thread 0x000000001a41c800 Exception <a 'java/lang/ClassNotFoundException': java/lang/ObjectCustomizer> (0x00000000dfaba390) thrown at [C:\re\workspace\8-2-build-windows-amd64-cygwin\jdk8u191\11896\hotspot\src\share\vm\classfile\systemDictionary.cpp, line 210]
Event: 31.544 Thread 0x000000001a41c800 Exception <a 'java/lang/ClassNotFoundException': com/library/entities/ProduitCustomizer> (0x00000000dfad52f0) thrown at [C:\re\workspace\8-2-build-windows-amd64-cygwin\jdk8u191\11896\hotspot\src\share\vm\classfile\systemDictionary.cpp, line 210]
Event: 31.588 Thread 0x000000001a41c800 Exception <a 'java/lang/ClassNotFoundException': java/lang/ObjectCustomizer> (0x00000000dfb519d0) thrown at [C:\re\workspace\8-2-build-windows-amd64-cygwin\jdk8u191\11896\hotspot\src\share\vm\classfile\systemDictionary.cpp, line 210]
Event: 31.589 Thread 0x000000001a41c800 Exception <a 'java/lang/ClassNotFoundException': com/library/entities/ClientCustomizer> (0x00000000dfb6c910) thrown at [C:\re\workspace\8-2-build-windows-amd64-cygwin\jdk8u191\11896\hotspot\src\share\vm\classfile\systemDictionary.cpp, line 210]

Events (10 events):
Event: 107.355 Thread 0x000000001a6b5800 Uncommon trap: trap_request=0xffffff76 fr.pc=0x000000000456b48c
Event: 107.355 Thread 0x000000001a6b5800 DEOPT PACKING pc=0x000000000456b48c sp=0x000000002255bd20
Event: 107.355 Thread 0x000000001a6b5800 DEOPT UNPACKING pc=0x0000000002f0583b sp=0x000000002255bd88 mode 2
Event: 107.355 Executing VM operation: RevokeBias
Event: 107.355 Executing VM operation: RevokeBias done
Event: 107.355 Executing VM operation: RevokeBias
Event: 107.355 Executing VM operation: RevokeBias done
Event: 107.356 Executing VM operation: RevokeBias
Event: 107.356 Executing VM operation: RevokeBias done
Event: 107.362 Executing VM operation: RevokeBias


Dynamic libraries:
0x00007ff62a1e0000 - 0x00007ff62a217000 	C:\Program Files\Java\jdk1.8.0_191\bin\java.exe
0x00007ff836340000 - 0x00007ff836530000 	C:\WINDOWS\SYSTEM32\ntdll.dll
0x00007ff834d10000 - 0x00007ff834dc2000 	C:\WINDOWS\System32\KERNEL32.DLL
0x00007ff833c10000 - 0x00007ff833eb5000 	C:\WINDOWS\System32\KERNELBASE.dll
0x00007ff8345a0000 - 0x00007ff834643000 	C:\WINDOWS\System32\ADVAPI32.dll
0x00007ff835500000 - 0x00007ff83559e000 	C:\WINDOWS\System32\msvcrt.dll
0x00007ff834af0000 - 0x00007ff834b87000 	C:\WINDOWS\System32\sechost.dll
0x00007ff836130000 - 0x00007ff836250000 	C:\WINDOWS\System32\RPCRT4.dll
0x00007ff834e50000 - 0x00007ff834fe4000 	C:\WINDOWS\System32\USER32.dll
0x00007ff833be0000 - 0x00007ff833c01000 	C:\WINDOWS\System32\win32u.dll
0x00007ff835750000 - 0x00007ff835776000 	C:\WINDOWS\System32\GDI32.dll
0x00007ff834220000 - 0x00007ff8343b6000 	C:\WINDOWS\System32\gdi32full.dll
0x00007ff8332b0000 - 0x00007ff83334e000 	C:\WINDOWS\System32\msvcp_win.dll
0x00007ff834120000 - 0x00007ff83421a000 	C:\WINDOWS\System32\ucrtbase.dll
0x00007ff81d1a0000 - 0x00007ff81d424000 	C:\WINDOWS\WinSxS\amd64_microsoft.windows.common-controls_6595b64144ccf1df_6.0.18362.1256_none_9e7e379be45e40e2\COMCTL32.dll
0x00007ff834650000 - 0x00007ff834986000 	C:\WINDOWS\System32\combase.dll
0x00007ff833b50000 - 0x00007ff833bd1000 	C:\WINDOWS\System32\bcryptPrimitives.dll
0x00007ff836080000 - 0x00007ff8360ae000 	C:\WINDOWS\System32\IMM32.DLL
0x0000000052de0000 - 0x0000000052eb2000 	C:\Program Files\Java\jdk1.8.0_191\jre\bin\msvcr100.dll
0x0000000052530000 - 0x0000000052dd4000 	C:\Program Files\Java\jdk1.8.0_191\jre\bin\server\jvm.dll
0x00007ff8343f0000 - 0x00007ff8343f8000 	C:\WINDOWS\System32\PSAPI.DLL
0x00007ff81ab80000 - 0x00007ff81ab89000 	C:\WINDOWS\SYSTEM32\WSOCK32.dll
0x00007ff834b90000 - 0x00007ff834bff000 	C:\WINDOWS\System32\WS2_32.dll
0x00007ff8309e0000 - 0x00007ff830a04000 	C:\WINDOWS\SYSTEM32\WINMM.dll
0x00007ff8309b0000 - 0x00007ff8309dd000 	C:\WINDOWS\SYSTEM32\WINMMBASE.dll
0x00007ff822740000 - 0x00007ff82274a000 	C:\WINDOWS\SYSTEM32\VERSION.dll
0x00007ff833b00000 - 0x00007ff833b4a000 	C:\WINDOWS\System32\cfgmgr32.dll
0x0000000052520000 - 0x000000005252f000 	C:\Program Files\Java\jdk1.8.0_191\jre\bin\verify.dll
0x00000000524f0000 - 0x0000000052519000 	C:\Program Files\Java\jdk1.8.0_191\jre\bin\java.dll
0x0000000051ea0000 - 0x0000000051ec3000 	C:\Program Files\Java\jdk1.8.0_191\jre\bin\instrument.dll
0x00000000524d0000 - 0x00000000524e6000 	C:\Program Files\Java\jdk1.8.0_191\jre\bin\zip.dll
0x00007ff835780000 - 0x00007ff835e67000 	C:\WINDOWS\System32\SHELL32.dll
0x00007ff834c60000 - 0x00007ff834d09000 	C:\WINDOWS\System32\shcore.dll
0x00007ff833350000 - 0x00007ff833ad1000 	C:\WINDOWS\System32\windows.storage.dll
0x00007ff8331f0000 - 0x00007ff833213000 	C:\WINDOWS\System32\profapi.dll
0x00007ff833240000 - 0x00007ff83328a000 	C:\WINDOWS\System32\powrprof.dll
0x00007ff8331e0000 - 0x00007ff8331f0000 	C:\WINDOWS\System32\UMPDC.dll
0x00007ff834c00000 - 0x00007ff834c52000 	C:\WINDOWS\System32\shlwapi.dll
0x00007ff833290000 - 0x00007ff8332a1000 	C:\WINDOWS\System32\kernel.appcore.dll
0x00007ff833ae0000 - 0x00007ff833af7000 	C:\WINDOWS\System32\cryptsp.dll
0x00007ff81ca80000 - 0x00007ff81ca9a000 	C:\Program Files\JetBrains\IntelliJ IDEA Community Edition 2018.3\bin\breakgen64.dll
0x0000000051a00000 - 0x0000000051a1a000 	C:\Program Files\Java\jdk1.8.0_191\jre\bin\net.dll
0x00007ff832980000 - 0x00007ff8329e7000 	C:\WINDOWS\system32\mswsock.dll
0x0000000051e90000 - 0x0000000051e9d000 	C:\Program Files\Java\jdk1.8.0_191\jre\bin\management.dll
0x00007ff811dd0000 - 0x00007ff811de6000 	C:\WINDOWS\system32\napinsp.dll
0x00007ff811db0000 - 0x00007ff811dca000 	C:\WINDOWS\system32\pnrpnsp.dll
0x00007ff8326e0000 - 0x00007ff8327ab000 	C:\WINDOWS\SYSTEM32\DNSAPI.dll
0x00007ff835460000 - 0x00007ff835468000 	C:\WINDOWS\System32\NSI.dll
0x00007ff8326a0000 - 0x00007ff8326da000 	C:\WINDOWS\SYSTEM32\IPHLPAPI.DLL
0x00007ff811da0000 - 0x00007ff811dae000 	C:\WINDOWS\System32\winrnr.dll
0x00007ff82efb0000 - 0x00007ff82efcc000 	C:\WINDOWS\system32\NLAapi.dll
0x00007ff82df00000 - 0x00007ff82df15000 	C:\WINDOWS\system32\wshbth.dll
0x0000000053ac0000 - 0x0000000053ae6000 	C:\Program Files\Bonjour\mdnsNSP.dll
0x00007ff824fd0000 - 0x00007ff824fda000 	C:\Windows\System32\rasadhlp.dll
0x00007ff828020000 - 0x00007ff828097000 	C:\WINDOWS\System32\fwpuclnt.dll
0x00007ff8343c0000 - 0x00007ff8343e6000 	C:\WINDOWS\System32\bcrypt.dll
0x00000000519e0000 - 0x00000000519f1000 	C:\Program Files\Java\jdk1.8.0_191\jre\bin\nio.dll
0x00007ff832500000 - 0x00007ff832533000 	C:\WINDOWS\system32\rsaenh.dll
0x00007ff8330c0000 - 0x00007ff8330e5000 	C:\WINDOWS\SYSTEM32\USERENV.dll
0x00007ff832b00000 - 0x00007ff832b0c000 	C:\WINDOWS\SYSTEM32\CRYPTBASE.dll
0x00007ff8288a0000 - 0x00007ff8288b6000 	C:\WINDOWS\SYSTEM32\dhcpcsvc6.DLL
0x00007ff828810000 - 0x00007ff82882c000 	C:\WINDOWS\SYSTEM32\dhcpcsvc.DLL

VM Arguments:
jvm_args: -javaagent:C:\Program Files\JetBrains\IntelliJ IDEA Community Edition 2018.3\lib\idea_rt.jar=55534:C:\Program Files\JetBrains\IntelliJ IDEA Community Edition 2018.3\bin -Dfile.encoding=UTF-8 
java_command: com.library.LibraryApplication
java_class_path (initial): C:\Program Files\Java\jdk1.8.0_191\jre\lib\charsets.jar;C:\Program Files\Java\jdk1.8.0_191\jre\lib\deploy.jar;C:\Program Files\Java\jdk1.8.0_191\jre\lib\ext\access-bridge-64.jar;C:\Program Files\Java\jdk1.8.0_191\jre\lib\ext\cldrdata.jar;C:\Program Files\Java\jdk1.8.0_191\jre\lib\ext\dnsns.jar;C:\Program Files\Java\jdk1.8.0_191\jre\lib\ext\jaccess.jar;C:\Program Files\Java\jdk1.8.0_191\jre\lib\ext\jfxrt.jar;C:\Program Files\Java\jdk1.8.0_191\jre\lib\ext\localedata.jar;C:\Program Files\Java\jdk1.8.0_191\jre\lib\ext\nashorn.jar;C:\Program Files\Java\jdk1.8.0_191\jre\lib\ext\sunec.jar;C:\Program Files\Java\jdk1.8.0_191\jre\lib\ext\sunjce_provider.jar;C:\Program Files\Java\jdk1.8.0_191\jre\lib\ext\sunmscapi.jar;C:\Program Files\Java\jdk1.8.0_191\jre\lib\ext\sunpkcs11.jar;C:\Program Files\Java\jdk1.8.0_191\jre\lib\ext\zipfs.jar;C:\Program Files\Java\jdk1.8.0_191\jre\lib\javaws.jar;C:\Program Files\Java\jdk1.8.0_191\jre\lib\jce.jar;C:\Program Files\Java\jdk1.8.0_191\jre\lib\jfr.jar;C:\Program Files\Java\jdk1.8.0_191\jre\lib\jfxswt.jar;C:\Program Files\Java\jdk1.8.0_191\jre\lib\jsse.jar;C:\Program Files\Java\jdk1.8.0_191\jre\lib\management-agent.jar;C:\Program Files\Java\jdk1.8.0_191\jre\lib\plugin.jar;C:\Program Files\Java\jdk1.8.0_191\jre\lib\resources.jar;C:\Program Files\Java\jdk1.8.0_191\jre\lib\rt.jar;C:\Users\Folio9470m\IdeaProjects\library\target\classes;C:\Users\Folio9470m\.m2\repository\org\springframework\boot\spring-boot-starter-data-jpa\2.3.2.RELEASE\spring-boot-starter-data-jpa-2.3.2.RELEASE.jar;C:\Users\Folio9470m\.m2\repository\org\springframework\boot\spring-boot-starter-aop\2.3.2.RELEASE\spring-boot-starter-aop-2.3.2.RELEASE.jar;C:\Users\Folio9470m\.m2\repository\org\springframework\spring-aop\5.2.8.RELEASE\spring-aop-5.2.8.RELEASE.jar;C:\Users\Folio9470m\.m2\repository\org\aspectj\aspectjweaver\1.9.6\aspectjweaver-1.9.6.jar;C:\Users\Folio9470m\.m2\repository\org\springframework\boot\spring-boot-starter-jdbc\2.3.2.RELEASE\spri
Launcher Type: SUN_STANDARD

Environment Variables:
JAVA_HOME=C:\Program Files\Java\jdk1.8.0_191
PATH=C:\Program Files (x86)\Common Files\Oracle\Java\javapath;C:\ProgramData\DockerDesktop\version-bin;C:\Program Files\Docker\Docker\Resources\bin;C:\WINDOWS\system32;C:\WINDOWS;C:\WINDOWS\System32\Wbem;C:\WINDOWS\System32\WindowsPowerShell\v1.0\;C:\Program Files\Git\cmd;C:\WINDOWS\System32\OpenSSH\;C:\wamp\bin\mysql\mysql5.6.12\bin;C:\Program Files\nodejs\;C:\Program Files\heroku\bin;C:\Program Files\PostgreSQL\12\bin;C:\xampp\php;C:\ProgramData\ComposerSetup\bin;C:\Program Files\Microsoft VS Code\bin;C:\xampp\mysql\bin;C:\Program Files\Java\jdk1.8.0_191\bin;C:\Program Files\apache-maven-3.6.3\bin;C:\Users\Folio9470m\AppData\Local\Microsoft\WindowsApps;C:\Users\Folio9470m\AppData\Roaming\npm;C:\Program Files\heroku\bin;C:\Program Files\PostgreSQL\12\bin;C:\xampp\php;C:\Users\Folio9470m\AppData\Roaming\Composer\vendor\bin;C:\xampp\mysql\bin;C:\Program Files\Java\jdk1.8.0_191\bin;C:\Program Files\apache-maven-3.6.3\bin;
USERNAME=Folio9470m
OS=Windows_NT
PROCESSOR_IDENTIFIER=Intel64 Family 6 Model 58 Stepping 9, GenuineIntel



---------------  S Y S T E M  ---------------

OS: Windows 10.0 , 64 bit Build 18362 (10.0.18362.1110)

CPU:total 4 (initial active 4) (2 cores per cpu, 2 threads per core) family 6 model 58 stepping 9, cmov, cx8, fxsr, mmx, sse, sse2, sse3, ssse3, sse4.1, sse4.2, popcnt, avx, aes, clmul, erms, ht, tsc, tscinvbit, tscinv

Memory: 4k page, physical 8248876k(793768k free), swap 13305868k(5132k free)

vm_info: Java HotSpot(TM) 64-Bit Server VM (25.191-b12) for windows-amd64 JRE (1.8.0_191-b12), built on Oct  6 2018 09:29:03 by "java_re" with MS VC++ 10.0 (VS2010)

time: Tue Jan 05 00:19:35 2021
elapsed time: 107 seconds (0d 0h 1m 47s)

