#
# There is insufficient memory for the Java Runtime Environment to continue.
# Native memory allocation (malloc) failed to allocate 65552 bytes for Chunk::new
# Possible reasons:
#   The system is out of physical RAM or swap space
#   In 32 bit mode, the process size limit was hit
# Possible solutions:
#   Reduce memory load on the system
#   Increase physical memory or swap space
#   Check if swap backing store is full
#   Use 64 bit Java on a 64 bit OS
#   Decrease Java heap size (-Xmx/-Xms)
#   Decrease number of Java threads
#   Decrease Java thread stack sizes (-Xss)
#   Set larger code cache with -XX:ReservedCodeCacheSize=
# This output file may be truncated or incomplete.
#
#  Out of Memory Error (allocation.cpp:390), pid=16976, tid=0x00000000000043b0
#
# JRE version: Java(TM) SE Runtime Environment (8.0_191-b12) (build 1.8.0_191-b12)
# Java VM: Java HotSpot(TM) 64-Bit Server VM (25.191-b12 mixed mode windows-amd64 compressed oops)
# Failed to write core dump. Minidumps are not enabled by default on client versions of Windows
#

---------------  T H R E A D  ---------------

Current thread (0x0000000018d9d800):  JavaThread "C2 CompilerThread0" daemon [_thread_in_native, id=17328, stack(0x0000000019610000,0x0000000019710000)]

Stack: [0x0000000019610000,0x0000000019710000]
[error occurred during error reporting (printing stack bounds), id 0xc0000005]

Native frames: (J=compiled Java code, j=interpreted, Vv=VM code, C=native code)


Current CompileTask:
C2:  33047 6930       4       org.springframework.core.annotation.AnnotationTypeMappings::forAnnotationType (71 bytes)


---------------  P R O C E S S  ---------------

Java Threads: ( => current thread )
  0x000000001cac2800 JavaThread "task-2" [_thread_blocked, id=7152, stack(0x0000000023350000,0x0000000023450000)]
  0x000000001cabf000 JavaThread "http-nio-8080-Acceptor" daemon [_thread_in_native, id=21052, stack(0x0000000022b50000,0x0000000022c50000)]
  0x000000001cac6000 JavaThread "http-nio-8080-ClientPoller" daemon [_thread_in_native, id=11296, stack(0x0000000022a50000,0x0000000022b50000)]
  0x000000001cabf800 JavaThread "http-nio-8080-exec-10" daemon [_thread_blocked, id=19880, stack(0x0000000022950000,0x0000000022a50000)]
  0x000000001cabe000 JavaThread "http-nio-8080-exec-9" daemon [_thread_blocked, id=592, stack(0x0000000022850000,0x0000000022950000)]
  0x000000001cac4800 JavaThread "http-nio-8080-exec-8" daemon [_thread_blocked, id=17532, stack(0x0000000022750000,0x0000000022850000)]
  0x000000001cac5000 JavaThread "http-nio-8080-exec-7" daemon [_thread_blocked, id=17480, stack(0x0000000022650000,0x0000000022750000)]
  0x000000001cac1000 JavaThread "http-nio-8080-exec-6" daemon [_thread_blocked, id=19268, stack(0x0000000022550000,0x0000000022650000)]
  0x000000001cabc800 JavaThread "http-nio-8080-exec-5" daemon [_thread_blocked, id=11176, stack(0x0000000022450000,0x0000000022550000)]
  0x000000001cac2000 JavaThread "http-nio-8080-exec-4" daemon [_thread_blocked, id=15740, stack(0x0000000022350000,0x0000000022450000)]
  0x000000001cabd800 JavaThread "http-nio-8080-exec-3" daemon [_thread_blocked, id=16528, stack(0x0000000022250000,0x0000000022350000)]
  0x000000001cabc000 JavaThread "http-nio-8080-exec-2" daemon [_thread_blocked, id=12104, stack(0x0000000022150000,0x0000000022250000)]
  0x000000001c8c6000 JavaThread "http-nio-8080-exec-1" daemon [_thread_blocked, id=10700, stack(0x0000000022050000,0x0000000022150000)]
  0x000000001c8cd000 JavaThread "http-nio-8080-BlockPoller" daemon [_thread_in_native, id=3576, stack(0x0000000021440000,0x0000000021540000)]
  0x000000001c8ca000 JavaThread "Live Reload Server" daemon [_thread_in_native, id=19176, stack(0x0000000021ab0000,0x0000000021bb0000)]
  0x000000001c8cc000 JavaThread "File Watcher" daemon [_thread_blocked, id=19452, stack(0x0000000020b90000,0x0000000020c90000)]
  0x000000001c8c8800 JavaThread "task-1" [_thread_blocked, id=7368, stack(0x00000000215b0000,0x00000000216b0000)]
  0x000000001c8c7800 JavaThread "container-0" [_thread_blocked, id=6456, stack(0x0000000020e90000,0x0000000020f90000)]
  0x000000001c8c9000 JavaThread "Catalina-utility-2" [_thread_blocked, id=18516, stack(0x0000000020d90000,0x0000000020e90000)]
  0x000000001c8c7000 JavaThread "Catalina-utility-1" [_thread_blocked, id=18784, stack(0x0000000020c90000,0x0000000020d90000)]
  0x000000001c8cb800 JavaThread "HikariPool-1 housekeeper" daemon [_thread_blocked, id=11544, stack(0x000000001b550000,0x000000001b650000)]
  0x000000001c8ca800 JavaThread "mysql-cj-abandoned-connection-cleanup" daemon [_thread_blocked, id=20848, stack(0x000000001ae50000,0x000000001af50000)]
  0x000000001a43b000 JavaThread "restartedMain" [_thread_in_Java, id=828, stack(0x000000001ad50000,0x000000001ae50000)]
  0x0000000017293000 JavaThread "Thread-0" [_thread_blocked, id=19784, stack(0x000000001ac50000,0x000000001ad50000)]
  0x0000000018ce3000 JavaThread "Service Thread" daemon [_thread_blocked, id=1892, stack(0x0000000019910000,0x0000000019a10000)]
  0x0000000018e00000 JavaThread "C1 CompilerThread2" daemon [_thread_in_native, id=20404, stack(0x0000000019810000,0x0000000019910000)]
  0x0000000018da1000 JavaThread "C2 CompilerThread1" daemon [_thread_in_native, id=4196, stack(0x0000000019710000,0x0000000019810000)]
=>0x0000000018d9d800 JavaThread "C2 CompilerThread0" daemon [_thread_in_native, id=17328, stack(0x0000000019610000,0x0000000019710000)]
  0x0000000018d9c000 JavaThread "Monitor Ctrl-Break" daemon [_thread_in_native, id=5036, stack(0x0000000019510000,0x0000000019610000)]
  0x0000000017273000 JavaThread "Attach Listener" daemon [_thread_blocked, id=11972, stack(0x0000000018810000,0x0000000018910000)]
  0x0000000017272000 JavaThread "Signal Dispatcher" daemon [_thread_blocked, id=15752, stack(0x0000000018710000,0x0000000018810000)]
  0x000000001725d800 JavaThread "Finalizer" daemon [_thread_blocked, id=17404, stack(0x00000000184e0000,0x00000000185e0000)]
  0x0000000002657000 JavaThread "Reference Handler" daemon [_thread_blocked, id=4512, stack(0x00000000183e0000,0x00000000184e0000)]
  0x0000000002567000 JavaThread "main" [_thread_blocked, id=15856, stack(0x0000000002360000,0x0000000002460000)]

Other Threads:
  0x0000000017237800 VMThread [stack: 0x00000000182e0000,0x00000000183e0000] [id=6956]
  0x0000000018d06000 WatcherThread [stack: 0x0000000019b80000,0x0000000019c80000] [id=19232]

VM state:not at safepoint (normal execution)

VM Mutex/Monitor currently owned by a thread: None

Heap:
 PSYoungGen      total 322048K, used 69698K [0x00000000d6100000, 0x00000000eb200000, 0x0000000100000000)
  eden space 306176K, 22% used [0x00000000d6100000,0x00000000da510ad0,0x00000000e8c00000)
  from space 15872K, 0% used [0x00000000ea280000,0x00000000ea280000,0x00000000eb200000)
  to   space 19456K, 0% used [0x00000000e8c00000,0x00000000e8c00000,0x00000000e9f00000)
 ParOldGen       total 96256K, used 23489K [0x0000000082200000, 0x0000000088000000, 0x00000000d6100000)
  object space 96256K, 24% used [0x0000000082200000,0x00000000838f07b0,0x0000000088000000)
 Metaspace       used 59905K, capacity 63254K, committed 63528K, reserved 1103872K
  class space    used 7859K, capacity 8409K, committed 8488K, reserved 1048576K

Card table byte_map: [0x0000000011b60000,0x0000000011f50000] byte_map_base: 0x000000001174f000

Marking Bits: (ParMarkBitMap*) 0x00000000661e3e30
 Begin Bits: [0x00000000125f0000, 0x0000000014568000)
 End Bits:   [0x0000000014568000, 0x00000000164e0000)

Polling page: 0x0000000000a00000

CodeCache: size=245760Kb used=20239Kb max_used=20239Kb free=225520Kb
 bounds [0x00000000027a0000, 0x0000000003b80000, 0x00000000117a0000]
 total_blobs=6591 nmethods=6047 adapters=454
 compilation: enabled

Compilation events (10 events):
Event: 33.034 Thread 0x0000000018e00000 6993       3       java.util.stream.IntPipeline::mapToObj (26 bytes)
Event: 33.035 Thread 0x0000000018e00000 nmethod 6993 0x0000000003b76990 code [0x0000000003b76b40, 0x0000000003b77018]
Event: 33.035 Thread 0x0000000018e00000 6994       3       java.util.stream.IntPipeline$4::opWrapSink (10 bytes)
Event: 33.035 Thread 0x0000000018e00000 nmethod 6994 0x0000000003b77290 code [0x0000000003b77420, 0x0000000003b77868]
Event: 33.035 Thread 0x0000000018e00000 6996       3       java.util.stream.Streams$RangeIntSpliterator::forEachRemaining (65 bytes)
Event: 33.036 Thread 0x0000000018e00000 nmethod 6996 0x0000000003b77b10 code [0x0000000003b77cc0, 0x0000000003b78208]
Event: 33.036 Thread 0x0000000018e00000 6995       3       java.util.stream.Streams$RangeIntSpliterator::estimateSize (18 bytes)
Event: 33.036 Thread 0x0000000018e00000 nmethod 6995 0x0000000003b6ef90 code [0x0000000003b6f0e0, 0x0000000003b6f250]
Event: 33.038 Thread 0x0000000018e00000 6997       1       org.springframework.orm.jpa.AbstractEntityManagerFactoryBean::getEntityManagerInterface (5 bytes)
Event: 33.038 Thread 0x0000000018e00000 nmethod 6997 0x0000000003b78450 code [0x0000000003b785a0, 0x0000000003b786b0]

GC Heap History (10 events):
Event: 14.730 GC heap before
{Heap before GC invocations=9 (full 1):
 PSYoungGen      total 141312K, used 136763K [0x00000000d6100000, 0x00000000e5a80000, 0x0000000100000000)
  eden space 131072K, 96% used [0x00000000d6100000,0x00000000ddc92018,0x00000000de100000)
  from space 10240K, 99% used [0x00000000de100000,0x00000000deafcf38,0x00000000deb00000)
  to   space 12800K, 0% used [0x00000000e4e00000,0x00000000e4e00000,0x00000000e5a80000)
 ParOldGen       total 50176K, used 8622K [0x0000000082200000, 0x0000000085300000, 0x00000000d6100000)
  object space 50176K, 17% used [0x0000000082200000,0x0000000082a6b9a8,0x0000000085300000)
 Metaspace       used 33701K, capacity 35462K, committed 35496K, reserved 1081344K
  class space    used 4183K, capacity 4497K, committed 4520K, reserved 1048576K
Event: 14.753 GC heap after
Heap after GC invocations=9 (full 1):
 PSYoungGen      total 236032K, used 10699K [0x00000000d6100000, 0x00000000e5880000, 0x0000000100000000)
  eden space 225280K, 0% used [0x00000000d6100000,0x00000000d6100000,0x00000000e3d00000)
  from space 10752K, 99% used [0x00000000e4e00000,0x00000000e5872cb0,0x00000000e5880000)
  to   space 13824K, 0% used [0x00000000e3d80000,0x00000000e3d80000,0x00000000e4b00000)
 ParOldGen       total 50176K, used 8630K [0x0000000082200000, 0x0000000085300000, 0x00000000d6100000)
  object space 50176K, 17% used [0x0000000082200000,0x0000000082a6d9a8,0x0000000085300000)
 Metaspace       used 33701K, capacity 35462K, committed 35496K, reserved 1081344K
  class space    used 4183K, capacity 4497K, committed 4520K, reserved 1048576K
}
Event: 14.753 GC heap before
{Heap before GC invocations=10 (full 2):
 PSYoungGen      total 236032K, used 10699K [0x00000000d6100000, 0x00000000e5880000, 0x0000000100000000)
  eden space 225280K, 0% used [0x00000000d6100000,0x00000000d6100000,0x00000000e3d00000)
  from space 10752K, 99% used [0x00000000e4e00000,0x00000000e5872cb0,0x00000000e5880000)
  to   space 13824K, 0% used [0x00000000e3d80000,0x00000000e3d80000,0x00000000e4b00000)
 ParOldGen       total 50176K, used 8630K [0x0000000082200000, 0x0000000085300000, 0x00000000d6100000)
  object space 50176K, 17% used [0x0000000082200000,0x0000000082a6d9a8,0x0000000085300000)
 Metaspace       used 33701K, capacity 35462K, committed 35496K, reserved 1081344K
  class space    used 4183K, capacity 4497K, committed 4520K, reserved 1048576K
Event: 14.897 GC heap after
Heap after GC invocations=10 (full 2):
 PSYoungGen      total 236032K, used 0K [0x00000000d6100000, 0x00000000e5880000, 0x0000000100000000)
  eden space 225280K, 0% used [0x00000000d6100000,0x00000000d6100000,0x00000000e3d00000)
  from space 10752K, 0% used [0x00000000e4e00000,0x00000000e4e00000,0x00000000e5880000)
  to   space 13824K, 0% used [0x00000000e3d80000,0x00000000e3d80000,0x00000000e4b00000)
 ParOldGen       total 71680K, used 15849K [0x0000000082200000, 0x0000000086800000, 0x00000000d6100000)
  object space 71680K, 22% used [0x0000000082200000,0x000000008317a630,0x0000000086800000)
 Metaspace       used 33701K, capacity 35462K, committed 35496K, reserved 1081344K
  class space    used 4183K, capacity 4497K, committed 4520K, reserved 1048576K
}
Event: 25.222 GC heap before
{Heap before GC invocations=11 (full 2):
 PSYoungGen      total 236032K, used 225280K [0x00000000d6100000, 0x00000000e5880000, 0x0000000100000000)
  eden space 225280K, 100% used [0x00000000d6100000,0x00000000e3d00000,0x00000000e3d00000)
  from space 10752K, 0% used [0x00000000e4e00000,0x00000000e4e00000,0x00000000e5880000)
  to   space 13824K, 0% used [0x00000000e3d80000,0x00000000e3d80000,0x00000000e4b00000)
 ParOldGen       total 71680K, used 15849K [0x0000000082200000, 0x0000000086800000, 0x00000000d6100000)
  object space 71680K, 22% used [0x0000000082200000,0x000000008317a630,0x0000000086800000)
 Metaspace       used 52940K, capacity 55610K, committed 55848K, reserved 1097728K
  class space    used 6973K, capacity 7403K, committed 7464K, reserved 1048576K
Event: 25.266 GC heap after
Heap after GC invocations=11 (full 2):
 PSYoungGen      total 239616K, used 13821K [0x00000000d6100000, 0x00000000eb500000, 0x0000000100000000)
  eden space 225792K, 0% used [0x00000000d6100000,0x00000000d6100000,0x00000000e3d80000)
  from space 13824K, 99% used [0x00000000e3d80000,0x00000000e4aff678,0x00000000e4b00000)
  to   space 18944K, 0% used [0x00000000ea280000,0x00000000ea280000,0x00000000eb500000)
 ParOldGen       total 71680K, used 23996K [0x0000000082200000, 0x0000000086800000, 0x00000000d6100000)
  object space 71680K, 33% used [0x0000000082200000,0x000000008396f058,0x0000000086800000)
 Metaspace       used 52940K, capacity 55610K, committed 55848K, reserved 1097728K
  class space    used 6973K, capacity 7403K, committed 7464K, reserved 1048576K
}
Event: 28.180 GC heap before
{Heap before GC invocations=12 (full 2):
 PSYoungGen      total 239616K, used 66764K [0x00000000d6100000, 0x00000000eb500000, 0x0000000100000000)
  eden space 225792K, 23% used [0x00000000d6100000,0x00000000d94b3d10,0x00000000e3d80000)
  from space 13824K, 99% used [0x00000000e3d80000,0x00000000e4aff678,0x00000000e4b00000)
  to   space 18944K, 0% used [0x00000000ea280000,0x00000000ea280000,0x00000000eb500000)
 ParOldGen       total 71680K, used 23996K [0x0000000082200000, 0x0000000086800000, 0x00000000d6100000)
  object space 71680K, 33% used [0x0000000082200000,0x000000008396f058,0x0000000086800000)
 Metaspace       used 56296K, capacity 59064K, committed 59160K, reserved 1101824K
  class space    used 7384K, capacity 7842K, committed 7848K, reserved 1048576K
Event: 28.213 GC heap after
Heap after GC invocations=12 (full 2):
 PSYoungGen      total 322048K, used 12135K [0x00000000d6100000, 0x00000000eb200000, 0x0000000100000000)
  eden space 306176K, 0% used [0x00000000d6100000,0x00000000d6100000,0x00000000e8c00000)
  from space 15872K, 76% used [0x00000000ea280000,0x00000000eae59e50,0x00000000eb200000)
  to   space 19456K, 0% used [0x00000000e8c00000,0x00000000e8c00000,0x00000000e9f00000)
 ParOldGen       total 71680K, used 24004K [0x0000000082200000, 0x0000000086800000, 0x00000000d6100000)
  object space 71680K, 33% used [0x0000000082200000,0x0000000083971058,0x0000000086800000)
 Metaspace       used 56296K, capacity 59064K, committed 59160K, reserved 1101824K
  class space    used 7384K, capacity 7842K, committed 7848K, reserved 1048576K
}
Event: 28.213 GC heap before
{Heap before GC invocations=13 (full 3):
 PSYoungGen      total 322048K, used 12135K [0x00000000d6100000, 0x00000000eb200000, 0x0000000100000000)
  eden space 306176K, 0% used [0x00000000d6100000,0x00000000d6100000,0x00000000e8c00000)
  from space 15872K, 76% used [0x00000000ea280000,0x00000000eae59e50,0x00000000eb200000)
  to   space 19456K, 0% used [0x00000000e8c00000,0x00000000e8c00000,0x00000000e9f00000)
 ParOldGen       total 71680K, used 24004K [0x0000000082200000, 0x0000000086800000, 0x00000000d6100000)
  object space 71680K, 33% used [0x0000000082200000,0x0000000083971058,0x0000000086800000)
 Metaspace       used 56296K, capacity 59064K, committed 59160K, reserved 1101824K
  class space    used 7384K, capacity 7842K, committed 7848K, reserved 1048576K
Event: 28.514 GC heap after
Heap after GC invocations=13 (full 3):
 PSYoungGen      total 322048K, used 0K [0x00000000d6100000, 0x00000000eb200000, 0x0000000100000000)
  eden space 306176K, 0% used [0x00000000d6100000,0x00000000d6100000,0x00000000e8c00000)
  from space 15872K, 0% used [0x00000000ea280000,0x00000000ea280000,0x00000000eb200000)
  to   space 19456K, 0% used [0x00000000e8c00000,0x00000000e8c00000,0x00000000e9f00000)
 ParOldGen       total 96256K, used 23489K [0x0000000082200000, 0x0000000088000000, 0x00000000d6100000)
  object space 96256K, 24% used [0x0000000082200000,0x00000000838f07b0,0x0000000088000000)
 Metaspace       used 56217K, capacity 58938K, committed 59160K, reserved 1101824K
  class space    used 7372K, capacity 7821K, committed 7848K, reserved 1048576K
}

Deoptimization events (10 events):
Event: 29.648 Thread 0x000000001a43b000 Uncommon trap: reason=unstable_if action=reinterpret pc=0x00000000035a7380 method=org.springframework.core.annotation.AnnotationsScanner.processMethodHierarchy(Ljava/lang/Object;[ILjava/lang/Class;Lorg/springframework/core/annotation/AnnotationsProcessor;
Event: 29.865 Thread 0x000000001a43b000 Uncommon trap: reason=unstable_if action=reinterpret pc=0x00000000031b4b94 method=org.springframework.core.annotation.AnnotatedElementUtils.findMergedAnnotation(Ljava/lang/reflect/AnnotatedElement;Ljava/lang/Class;)Ljava/lang/annotation/Annotation; @ 16
Event: 30.080 Thread 0x000000001a43b000 Uncommon trap: reason=unstable_if action=reinterpret pc=0x0000000002c8d498 method=java.util.regex.Matcher.match(II)Z @ 30
Event: 30.145 Thread 0x000000001a43b000 Uncommon trap: reason=predicate action=maybe_recompile pc=0x0000000002feeb88 method=java.util.StringTokenizer.skipDelimiters(I)I @ 17
Event: 30.146 Thread 0x000000001a43b000 Uncommon trap: reason=unstable_if action=reinterpret pc=0x0000000002fea0e4 method=java.util.StringTokenizer.scanToken(I)I @ 96
Event: 30.146 Thread 0x000000001a43b000 Uncommon trap: reason=unstable_if action=reinterpret pc=0x00000000032bfd08 method=java.util.StringTokenizer.scanToken(I)I @ 96
Event: 30.278 Thread 0x000000001a43b000 Uncommon trap: reason=unstable_if action=reinterpret pc=0x00000000028b4c40 method=java.lang.CharacterData.of(I)Ljava/lang/CharacterData; @ 4
Event: 30.832 Thread 0x000000001a43b000 Uncommon trap: reason=unstable_if action=reinterpret pc=0x00000000033a14e4 method=org.springframework.core.annotation.TypeMappedAnnotations$MergedAnnotationFinder.doWithAnnotations(Ljava/lang/Object;ILjava/lang/Object;[Ljava/lang/annotation/Annotation;)Lo
Event: 31.634 Thread 0x000000001a43b000 Uncommon trap: reason=bimorphic action=maybe_recompile pc=0x0000000003503f70 method=java.util.regex.Pattern$CharProperty.match(Ljava/util/regex/Matcher;ILjava/lang/CharSequence;)Z @ 37
Event: 32.567 Thread 0x000000001a43b000 Uncommon trap: reason=bimorphic action=maybe_recompile pc=0x0000000003503f70 method=java.util.regex.Pattern$CharProperty.match(Ljava/util/regex/Matcher;ILjava/lang/CharSequence;)Z @ 37

Classes redefined (0 events):
No events

Internal exceptions (10 events):
Event: 32.193 Thread 0x000000001a43b000 Exception <a 'java/lang/ClassNotFoundException': com/library/entities/LigneCmdClientCustomizer> (0x00000000d97b3500) thrown at [C:\re\workspace\8-2-build-windows-amd64-cygwin\jdk8u191\11896\hotspot\src\share\vm\classfile\systemDictionary.cpp, line 210]
Event: 32.267 Thread 0x000000001a43b000 Exception <a 'java/lang/ClassNotFoundException': java/lang/ObjectCustomizer> (0x00000000d97f7aa0) thrown at [C:\re\workspace\8-2-build-windows-amd64-cygwin\jdk8u191\11896\hotspot\src\share\vm\classfile\systemDictionary.cpp, line 210]
Event: 32.272 Thread 0x000000001a43b000 Exception <a 'java/lang/ClassNotFoundException': com/library/entities/CommandeClientCustomizer> (0x00000000d98127c8) thrown at [C:\re\workspace\8-2-build-windows-amd64-cygwin\jdk8u191\11896\hotspot\src\share\vm\classfile\systemDictionary.cpp, line 210]
Event: 32.283 Thread 0x000000001a43b000 Exception <a 'java/lang/ClassNotFoundException': java/lang/ObjectCustomizer> (0x00000000d9856780) thrown at [C:\re\workspace\8-2-build-windows-amd64-cygwin\jdk8u191\11896\hotspot\src\share\vm\classfile\systemDictionary.cpp, line 210]
Event: 32.285 Thread 0x000000001a43b000 Exception <a 'java/lang/ClassNotFoundException': com/library/entities/ClientCustomizer> (0x00000000d986f448) thrown at [C:\re\workspace\8-2-build-windows-amd64-cygwin\jdk8u191\11896\hotspot\src\share\vm\classfile\systemDictionary.cpp, line 210]
Event: 32.566 Thread 0x000000001a43b000 Exception <a 'java/lang/reflect/InvocationTargetException'> (0x00000000d9d01460) thrown at [C:\re\workspace\8-2-build-windows-amd64-cygwin\jdk8u191\11896\hotspot\src\share\vm\runtime\reflection.cpp, line 1092]
Event: 32.995 Thread 0x000000001a43b000 Exception <a 'java/lang/ClassNotFoundException': java/lang/ObjectCustomizer> (0x00000000da2cac30) thrown at [C:\re\workspace\8-2-build-windows-amd64-cygwin\jdk8u191\11896\hotspot\src\share\vm\classfile\systemDictionary.cpp, line 210]
Event: 32.997 Thread 0x000000001a43b000 Exception <a 'java/lang/ClassNotFoundException': com/library/entities/UtilisateurCustomizer> (0x00000000da2e38f8) thrown at [C:\re\workspace\8-2-build-windows-amd64-cygwin\jdk8u191\11896\hotspot\src\share\vm\classfile\systemDictionary.cpp, line 210]
Event: 33.025 Thread 0x000000001a43b000 Exception <a 'java/lang/ClassNotFoundException': java/lang/ObjectCustomizer> (0x00000000da32ca20) thrown at [C:\re\workspace\8-2-build-windows-amd64-cygwin\jdk8u191\11896\hotspot\src\share\vm\classfile\systemDictionary.cpp, line 210]
Event: 33.026 Thread 0x000000001a43b000 Exception <a 'java/lang/ClassNotFoundException': com/library/entities/RoleCustomizer> (0x00000000da344a48) thrown at [C:\re\workspace\8-2-build-windows-amd64-cygwin\jdk8u191\11896\hotspot\src\share\vm\classfile\systemDictionary.cpp, line 210]

Events (10 events):
Event: 33.024 loading class java/lang/ObjectCustomizer
Event: 33.024 loading class java/lang/ObjectCustomizer done
Event: 33.025 loading class java/lang/ObjectCustomizer
Event: 33.025 loading class java/lang/ObjectCustomizer done
Event: 33.025 loading class com/library/entities/RoleCustomizer
Event: 33.025 loading class com/library/entities/RoleCustomizer done
Event: 33.026 loading class com/library/entities/RoleCustomizer
Event: 33.026 loading class com/library/entities/RoleCustomizer done
Event: 33.026 loading class com/library/entities/RoleCustomizer
Event: 33.026 loading class com/library/entities/RoleCustomizer done


Dynamic libraries:
0x00007ff7ace00000 - 0x00007ff7ace37000 	C:\Program Files\Java\jdk1.8.0_191\bin\java.exe
0x00007ff908860000 - 0x00007ff908a50000 	C:\WINDOWS\SYSTEM32\ntdll.dll
0x00007ff9085b0000 - 0x00007ff908662000 	C:\WINDOWS\System32\KERNEL32.DLL
0x00007ff905c00000 - 0x00007ff905ea5000 	C:\WINDOWS\System32\KERNELBASE.dll
0x00007ff906990000 - 0x00007ff906a33000 	C:\WINDOWS\System32\ADVAPI32.dll
0x00007ff907b40000 - 0x00007ff907bde000 	C:\WINDOWS\System32\msvcrt.dll
0x00007ff907d50000 - 0x00007ff907de7000 	C:\WINDOWS\System32\sechost.dll
0x00007ff908240000 - 0x00007ff908360000 	C:\WINDOWS\System32\RPCRT4.dll
0x00007ff907eb0000 - 0x00007ff908044000 	C:\WINDOWS\System32\USER32.dll
0x00007ff9068e0000 - 0x00007ff906901000 	C:\WINDOWS\System32\win32u.dll
0x00007ff907aa0000 - 0x00007ff907ac6000 	C:\WINDOWS\System32\GDI32.dll
0x00007ff906740000 - 0x00007ff9068d6000 	C:\WINDOWS\System32\gdi32full.dll
0x00007ff9059b0000 - 0x00007ff905a4e000 	C:\WINDOWS\System32\msvcp_win.dll
0x00007ff906640000 - 0x00007ff90673a000 	C:\WINDOWS\System32\ucrtbase.dll
0x00007ff8ecb40000 - 0x00007ff8ecdc4000 	C:\WINDOWS\WinSxS\amd64_microsoft.windows.common-controls_6595b64144ccf1df_6.0.18362.1198_none_9e820b57e45ad92f\COMCTL32.dll
0x00007ff907070000 - 0x00007ff9073a5000 	C:\WINDOWS\System32\combase.dll
0x00007ff905880000 - 0x00007ff905900000 	C:\WINDOWS\System32\bcryptPrimitives.dll
0x00007ff9084a0000 - 0x00007ff9084ce000 	C:\WINDOWS\System32\IMM32.DLL
0x0000000066270000 - 0x0000000066342000 	C:\Program Files\Java\jdk1.8.0_191\jre\bin\msvcr100.dll
0x00000000659c0000 - 0x0000000066264000 	C:\Program Files\Java\jdk1.8.0_191\jre\bin\server\jvm.dll
0x00007ff9084d0000 - 0x00007ff9084d8000 	C:\WINDOWS\System32\PSAPI.DLL
0x00007ff901a80000 - 0x00007ff901a89000 	C:\WINDOWS\SYSTEM32\WSOCK32.dll
0x00007ff9081d0000 - 0x00007ff90823f000 	C:\WINDOWS\System32\WS2_32.dll
0x00007ff901a50000 - 0x00007ff901a74000 	C:\WINDOWS\SYSTEM32\WINMM.dll
0x00007ff8f63f0000 - 0x00007ff8f63fa000 	C:\WINDOWS\SYSTEM32\VERSION.dll
0x00007ff901a20000 - 0x00007ff901a4d000 	C:\WINDOWS\SYSTEM32\WINMMBASE.dll
0x00007ff905830000 - 0x00007ff90587a000 	C:\WINDOWS\System32\cfgmgr32.dll
0x0000000066ff0000 - 0x0000000066fff000 	C:\Program Files\Java\jdk1.8.0_191\jre\bin\verify.dll
0x0000000065990000 - 0x00000000659b9000 	C:\Program Files\Java\jdk1.8.0_191\jre\bin\java.dll
0x0000000065860000 - 0x0000000065883000 	C:\Program Files\Java\jdk1.8.0_191\jre\bin\instrument.dll
0x0000000065970000 - 0x0000000065986000 	C:\Program Files\Java\jdk1.8.0_191\jre\bin\zip.dll
0x00007ff9073b0000 - 0x00007ff907a97000 	C:\WINDOWS\System32\SHELL32.dll
0x00007ff908050000 - 0x00007ff9080f9000 	C:\WINDOWS\System32\shcore.dll
0x00007ff905eb0000 - 0x00007ff906631000 	C:\WINDOWS\System32\windows.storage.dll
0x00007ff9057b0000 - 0x00007ff9057d3000 	C:\WINDOWS\System32\profapi.dll
0x00007ff905760000 - 0x00007ff9057aa000 	C:\WINDOWS\System32\powrprof.dll
0x00007ff905710000 - 0x00007ff905720000 	C:\WINDOWS\System32\UMPDC.dll
0x00007ff907df0000 - 0x00007ff907e42000 	C:\WINDOWS\System32\shlwapi.dll
0x00007ff905740000 - 0x00007ff905751000 	C:\WINDOWS\System32\kernel.appcore.dll
0x00007ff9057e0000 - 0x00007ff9057f7000 	C:\WINDOWS\System32\cryptsp.dll
0x00007ff8fe500000 - 0x00007ff8fe51a000 	C:\Program Files\JetBrains\IntelliJ IDEA Community Edition 2018.3\bin\breakgen64.dll
0x0000000065760000 - 0x000000006577a000 	C:\Program Files\Java\jdk1.8.0_191\jre\bin\net.dll
0x00007ff904f10000 - 0x00007ff904f77000 	C:\WINDOWS\system32\mswsock.dll
0x0000000066fe0000 - 0x0000000066fed000 	C:\Program Files\Java\jdk1.8.0_191\jre\bin\management.dll
0x00007ff8e4f00000 - 0x00007ff8e4f16000 	C:\WINDOWS\system32\napinsp.dll
0x00007ff8e4c30000 - 0x00007ff8e4c4a000 	C:\WINDOWS\system32\pnrpnsp.dll
0x00007ff904c70000 - 0x00007ff904d3b000 	C:\WINDOWS\SYSTEM32\DNSAPI.dll
0x00007ff908410000 - 0x00007ff908418000 	C:\WINDOWS\System32\NSI.dll
0x00007ff904c30000 - 0x00007ff904c6a000 	C:\WINDOWS\SYSTEM32\IPHLPAPI.DLL
0x00007ff8e4c20000 - 0x00007ff8e4c2e000 	C:\WINDOWS\System32\winrnr.dll
0x00007ff9015f0000 - 0x00007ff90160c000 	C:\WINDOWS\system32\NLAapi.dll
0x00007ff8e4c00000 - 0x00007ff8e4c15000 	C:\WINDOWS\system32\wshbth.dll
0x0000000067000000 - 0x0000000067026000 	C:\Program Files\Bonjour\mdnsNSP.dll
0x00007ff8f8210000 - 0x00007ff8f821a000 	C:\Windows\System32\rasadhlp.dll
0x00007ff8f97d0000 - 0x00007ff8f9847000 	C:\WINDOWS\System32\fwpuclnt.dll
0x00007ff905800000 - 0x00007ff905826000 	C:\WINDOWS\System32\bcrypt.dll
0x0000000065740000 - 0x0000000065751000 	C:\Program Files\Java\jdk1.8.0_191\jre\bin\nio.dll
0x00007ff904a90000 - 0x00007ff904ac3000 	C:\WINDOWS\system32\rsaenh.dll
0x00007ff9055f0000 - 0x00007ff905615000 	C:\WINDOWS\SYSTEM32\USERENV.dll
0x00007ff905090000 - 0x00007ff90509c000 	C:\WINDOWS\SYSTEM32\CRYPTBASE.dll
0x00007ff8fa080000 - 0x00007ff8fa096000 	C:\WINDOWS\SYSTEM32\dhcpcsvc6.DLL
0x00007ff8f9db0000 - 0x00007ff8f9dcc000 	C:\WINDOWS\SYSTEM32\dhcpcsvc.DLL

VM Arguments:
jvm_args: -javaagent:C:\Program Files\JetBrains\IntelliJ IDEA Community Edition 2018.3\lib\idea_rt.jar=53247:C:\Program Files\JetBrains\IntelliJ IDEA Community Edition 2018.3\bin -Dfile.encoding=UTF-8 
java_command: com.library.LibraryApplication
java_class_path (initial): C:\Program Files\Java\jdk1.8.0_191\jre\lib\charsets.jar;C:\Program Files\Java\jdk1.8.0_191\jre\lib\deploy.jar;C:\Program Files\Java\jdk1.8.0_191\jre\lib\ext\access-bridge-64.jar;C:\Program Files\Java\jdk1.8.0_191\jre\lib\ext\cldrdata.jar;C:\Program Files\Java\jdk1.8.0_191\jre\lib\ext\dnsns.jar;C:\Program Files\Java\jdk1.8.0_191\jre\lib\ext\jaccess.jar;C:\Program Files\Java\jdk1.8.0_191\jre\lib\ext\jfxrt.jar;C:\Program Files\Java\jdk1.8.0_191\jre\lib\ext\localedata.jar;C:\Program Files\Java\jdk1.8.0_191\jre\lib\ext\nashorn.jar;C:\Program Files\Java\jdk1.8.0_191\jre\lib\ext\sunec.jar;C:\Program Files\Java\jdk1.8.0_191\jre\lib\ext\sunjce_provider.jar;C:\Program Files\Java\jdk1.8.0_191\jre\lib\ext\sunmscapi.jar;C:\Program Files\Java\jdk1.8.0_191\jre\lib\ext\sunpkcs11.jar;C:\Program Files\Java\jdk1.8.0_191\jre\lib\ext\zipfs.jar;C:\Program Files\Java\jdk1.8.0_191\jre\lib\javaws.jar;C:\Program Files\Java\jdk1.8.0_191\jre\lib\jce.jar;C:\Program Files\Java\jdk1.8.0_191\jre\lib\jfr.jar;C:\Program Files\Java\jdk1.8.0_191\jre\lib\jfxswt.jar;C:\Program Files\Java\jdk1.8.0_191\jre\lib\jsse.jar;C:\Program Files\Java\jdk1.8.0_191\jre\lib\management-agent.jar;C:\Program Files\Java\jdk1.8.0_191\jre\lib\plugin.jar;C:\Program Files\Java\jdk1.8.0_191\jre\lib\resources.jar;C:\Program Files\Java\jdk1.8.0_191\jre\lib\rt.jar;C:\Users\Folio9470m\IdeaProjects\library\target\classes;C:\Users\Folio9470m\.m2\repository\org\springframework\boot\spring-boot-starter-data-jpa\2.3.2.RELEASE\spring-boot-starter-data-jpa-2.3.2.RELEASE.jar;C:\Users\Folio9470m\.m2\repository\org\springframework\boot\spring-boot-starter-aop\2.3.2.RELEASE\spring-boot-starter-aop-2.3.2.RELEASE.jar;C:\Users\Folio9470m\.m2\repository\org\springframework\spring-aop\5.2.8.RELEASE\spring-aop-5.2.8.RELEASE.jar;C:\Users\Folio9470m\.m2\repository\org\aspectj\aspectjweaver\1.9.6\aspectjweaver-1.9.6.jar;C:\Users\Folio9470m\.m2\repository\org\springframework\boot\spring-boot-starter-jdbc\2.3.2.RELEASE\spri
Launcher Type: SUN_STANDARD

Environment Variables:
JAVA_HOME=C:\Program Files\Java\jdk1.8.0_191\bin
PATH=C:\Program Files (x86)\Common Files\Oracle\Java\javapath;C:\ProgramData\DockerDesktop\version-bin;C:\Program Files\Docker\Docker\Resources\bin;C:\WINDOWS\system32;C:\WINDOWS;C:\WINDOWS\System32\Wbem;C:\WINDOWS\System32\WindowsPowerShell\v1.0\;C:\Program Files\Git\cmd;C:\WINDOWS\System32\OpenSSH\;C:\wamp\bin\mysql\mysql5.6.12\bin;C:\Program Files\nodejs\;C:\Program Files\heroku\bin;C:\Program Files\PostgreSQL\12\bin;C:\xampp\php;C:\ProgramData\ComposerSetup\bin;C:\Program Files\Microsoft VS Code\bin;C:\xampp\mysql\bin;C:\Program Files\Java\jdk1.8.0_191\bin;C:\Users\Folio9470m\AppData\Local\Microsoft\WindowsApps;C:\Users\Folio9470m\AppData\Roaming\npm;C:\Program Files\heroku\bin;C:\Program Files\PostgreSQL\12\bin;C:\xampp\php;C:\Users\Folio9470m\AppData\Roaming\Composer\vendor\bin;C:\xampp\mysql\bin;C:\Program Files\Java\jdk1.8.0_191\bin;
USERNAME=Folio9470m
OS=Windows_NT
PROCESSOR_IDENTIFIER=Intel64 Family 6 Model 58 Stepping 9, GenuineIntel



---------------  S Y S T E M  ---------------

OS: Windows 10.0 , 64 bit Build 18362 (10.0.18362.1110)

CPU:total 4 (initial active 4) (2 cores per cpu, 2 threads per core) family 6 model 58 stepping 9, cmov, cx8, fxsr, mmx, sse, sse2, sse3, ssse3, sse4.1, sse4.2, popcnt, avx, aes, clmul, erms, ht, tsc, tscinvbit, tscinv

Memory: 4k page, physical 8248876k(1207592k free), swap 13862832k(4524k free)

vm_info: Java HotSpot(TM) 64-Bit Server VM (25.191-b12) for windows-amd64 JRE (1.8.0_191-b12), built on Oct  6 2018 09:29:03 by "java_re" with MS VC++ 10.0 (VS2010)

time: Mon Nov 23 16:14:57 2020
elapsed time: 33 seconds (0d 0h 0m 33s)

