#
# There is insufficient memory for the Java Runtime Environment to continue.
# Native memory allocation (malloc) failed to allocate 872736 bytes for Chunk::new
# Possible reasons:
#   The system is out of physical RAM or swap space
#   In 32 bit mode, the process size limit was hit
# Possible solutions:
#   Reduce memory load on the system
#   Increase physical memory or swap space
#   Check if swap backing store is full
#   Use 64 bit Java on a 64 bit OS
#   Decrease Java heap size (-Xmx/-Xms)
#   Decrease number of Java threads
#   Decrease Java thread stack sizes (-Xss)
#   Set larger code cache with -XX:ReservedCodeCacheSize=
# This output file may be truncated or incomplete.
#
#  Out of Memory Error (allocation.cpp:390), pid=7776, tid=0x0000000000001a44
#
# JRE version: Java(TM) SE Runtime Environment (8.0_191-b12) (build 1.8.0_191-b12)
# Java VM: Java HotSpot(TM) 64-Bit Server VM (25.191-b12 mixed mode windows-amd64 compressed oops)
# Failed to write core dump. Minidumps are not enabled by default on client versions of Windows
#

---------------  T H R E A D  ---------------

Current thread (0x000000001900f800):  JavaThread "C2 CompilerThread0" daemon [_thread_in_native, id=6724, stack(0x0000000019140000,0x0000000019240000)]

Stack: [0x0000000019140000,0x0000000019240000]
[error occurred during error reporting (printing stack bounds), id 0xc0000005]

Native frames: (J=compiled Java code, j=interpreted, Vv=VM code, C=native code)


Current CompileTask:
C2:  18185 4328       4       java.lang.Class::getMethod0 (40 bytes)


---------------  P R O C E S S  ---------------

Java Threads: ( => current thread )
  0x000000002032e800 JavaThread "http-nio-8080-Acceptor" daemon [_thread_in_native, id=7476, stack(0x0000000021ca0000,0x0000000021da0000)]
  0x0000000020335800 JavaThread "http-nio-8080-ClientPoller" daemon [_thread_in_native, id=6468, stack(0x0000000021ba0000,0x0000000021ca0000)]
  0x0000000020334800 JavaThread "http-nio-8080-exec-10" daemon [_thread_blocked, id=2724, stack(0x0000000021aa0000,0x0000000021ba0000)]
  0x0000000020334000 JavaThread "http-nio-8080-exec-9" daemon [_thread_blocked, id=10428, stack(0x00000000219a0000,0x0000000021aa0000)]
  0x000000002032d000 JavaThread "http-nio-8080-exec-8" daemon [_thread_blocked, id=16872, stack(0x00000000218a0000,0x00000000219a0000)]
  0x000000002032c800 JavaThread "http-nio-8080-exec-7" daemon [_thread_blocked, id=11748, stack(0x00000000217a0000,0x00000000218a0000)]
  0x000000002032e000 JavaThread "http-nio-8080-exec-6" daemon [_thread_blocked, id=2416, stack(0x00000000216a0000,0x00000000217a0000)]
  0x0000000020332800 JavaThread "http-nio-8080-exec-5" daemon [_thread_blocked, id=2528, stack(0x00000000215a0000,0x00000000216a0000)]
  0x0000000020333000 JavaThread "http-nio-8080-exec-4" daemon [_thread_blocked, id=14704, stack(0x00000000214a0000,0x00000000215a0000)]
  0x0000000020331800 JavaThread "http-nio-8080-exec-3" daemon [_thread_blocked, id=16756, stack(0x00000000213a0000,0x00000000214a0000)]
  0x000000002032f800 JavaThread "http-nio-8080-exec-2" daemon [_thread_blocked, id=18880, stack(0x00000000212a0000,0x00000000213a0000)]
  0x0000000020331000 JavaThread "http-nio-8080-exec-1" daemon [_thread_blocked, id=17504, stack(0x00000000211a0000,0x00000000212a0000)]
  0x0000000019845800 JavaThread "http-nio-8080-BlockPoller" daemon [_thread_in_native, id=11912, stack(0x00000000210a0000,0x00000000211a0000)]
  0x0000000019846000 JavaThread "Live Reload Server" daemon [_thread_in_native, id=1112, stack(0x0000000020fa0000,0x00000000210a0000)]
  0x000000001984b800 JavaThread "File Watcher" daemon [_thread_blocked, id=13704, stack(0x000000001f760000,0x000000001f860000)]
  0x0000000019844800 JavaThread "task-1" [_thread_in_vm, id=2844, stack(0x000000001f260000,0x000000001f360000)]
  0x0000000019847000 JavaThread "container-0" [_thread_blocked, id=20412, stack(0x000000001f160000,0x000000001f260000)]
  0x0000000019847800 JavaThread "Catalina-utility-2" [_thread_blocked, id=11928, stack(0x000000001f060000,0x000000001f160000)]
  0x0000000019849000 JavaThread "Catalina-utility-1" [_thread_in_native, id=12420, stack(0x000000001ef60000,0x000000001f060000)]
  0x000000001984a800 JavaThread "HikariPool-1 connection adder" daemon [_thread_blocked, id=3532, stack(0x000000001ee60000,0x000000001ef60000)]
  0x000000001984a000 JavaThread "HikariPool-1 housekeeper" daemon [_thread_blocked, id=10304, stack(0x000000001ed60000,0x000000001ee60000)]
  0x0000000019848800 JavaThread "mysql-cj-abandoned-connection-cleanup" daemon [_thread_blocked, id=11252, stack(0x000000001e960000,0x000000001ea60000)]
  0x0000000019a2d000 JavaThread "restartedMain" [_thread_in_Java, id=5792, stack(0x000000001b080000,0x000000001b180000)]
  0x0000000018c9e800 JavaThread "Thread-0" [_thread_blocked, id=15852, stack(0x000000001af80000,0x000000001b080000)]
  0x00000000193af800 JavaThread "Service Thread" daemon [_thread_blocked, id=1764, stack(0x0000000019c40000,0x0000000019d40000)]
  0x0000000019378800 JavaThread "C1 CompilerThread2" daemon [_thread_in_native, id=19068, stack(0x0000000019b40000,0x0000000019c40000)]
  0x0000000019013000 JavaThread "C2 CompilerThread1" daemon [_thread_in_native, id=18672, stack(0x0000000019240000,0x0000000019340000)]
=>0x000000001900f800 JavaThread "C2 CompilerThread0" daemon [_thread_in_native, id=6724, stack(0x0000000019140000,0x0000000019240000)]
  0x0000000018f76800 JavaThread "Monitor Ctrl-Break" daemon [_thread_in_native, id=20032, stack(0x0000000019040000,0x0000000019140000)]
  0x00000000175ad000 JavaThread "Attach Listener" daemon [_thread_blocked, id=14812, stack(0x0000000018b40000,0x0000000018c40000)]
  0x00000000175ac000 JavaThread "Signal Dispatcher" daemon [_thread_blocked, id=10460, stack(0x0000000018a40000,0x0000000018b40000)]
  0x0000000002aca000 JavaThread "Finalizer" daemon [_thread_blocked, id=14284, stack(0x0000000018820000,0x0000000018920000)]
  0x0000000002ac7000 JavaThread "Reference Handler" daemon [_thread_blocked, id=5948, stack(0x0000000018720000,0x0000000018820000)]
  0x00000000029d7000 JavaThread "main" [_thread_blocked, id=14100, stack(0x00000000025d0000,0x00000000026d0000)]

Other Threads:
  0x0000000017567800 VMThread [stack: 0x0000000018620000,0x0000000018720000] [id=15876]
  0x00000000193e8800 WatcherThread [stack: 0x0000000019eb0000,0x0000000019fb0000] [id=7532]

VM state:not at safepoint (normal execution)

VM Mutex/Monitor currently owned by a thread: None

Heap:
 PSYoungGen      total 140288K, used 125741K [0x00000000d6100000, 0x00000000df500000, 0x0000000100000000)
  eden space 130560K, 96% used [0x00000000d6100000,0x00000000ddbcb768,0x00000000de080000)
  from space 9728K, 0% used [0x00000000dea80000,0x00000000dea80000,0x00000000df400000)
  to   space 10240K, 0% used [0x00000000de080000,0x00000000de080000,0x00000000dea80000)
 ParOldGen       total 70656K, used 16124K [0x0000000082200000, 0x0000000086700000, 0x00000000d6100000)
  object space 70656K, 22% used [0x0000000082200000,0x00000000831bf170,0x0000000086700000)
 Metaspace       used 44551K, capacity 47104K, committed 47232K, reserved 1091584K
  class space    used 5807K, capacity 6248K, committed 6272K, reserved 1048576K

Card table byte_map: [0x0000000011e90000,0x0000000012280000] byte_map_base: 0x0000000011a7f000

Marking Bits: (ParMarkBitMap*) 0x0000000066b23e30
 Begin Bits: [0x0000000012920000, 0x0000000014898000)
 End Bits:   [0x0000000014898000, 0x0000000016810000)

Polling page: 0x0000000000aa0000

CodeCache: size=245760Kb used=14142Kb max_used=14142Kb free=231617Kb
 bounds [0x0000000002ad0000, 0x00000000038b0000, 0x0000000011ad0000]
 total_blobs=4421 nmethods=3943 adapters=390
 compilation: enabled

Compilation events (10 events):
Event: 18.168 Thread 0x0000000019378800 nmethod 4385 0x000000000389bdd0 code [0x000000000389bfc0, 0x000000000389cb28]
Event: 18.170 Thread 0x0000000019378800 4386       3       java.beans.FeatureDescriptor::getParameterTypes (21 bytes)
Event: 18.172 Thread 0x0000000019378800 nmethod 4386 0x000000000389d210 code [0x000000000389d480, 0x000000000389e5c8]
Event: 18.172 Thread 0x0000000019378800 4387       3       com.sun.beans.TypeResolver::resolveInClass (9 bytes)
Event: 18.172 Thread 0x0000000019378800 nmethod 4387 0x000000000389eed0 code [0x000000000389f0a0, 0x000000000389f708]
Event: 18.173 Thread 0x0000000019378800 4388       1       org.hibernate.annotations.common.reflection.java.Pair::hashCode (5 bytes)
Event: 18.173 Thread 0x0000000019378800 nmethod 4388 0x000000000389fa50 code [0x000000000389fba0, 0x000000000389fcb0]
Event: 18.173 Thread 0x0000000019378800 4389       3       java.lang.reflect.Method::specificToGenericStringHeader (48 bytes)
Event: 18.177 Thread 0x0000000019378800 nmethod 4389 0x000000000389fd10 code [0x00000000038a0020, 0x00000000038a1aa8]
Event: 18.177 Thread 0x0000000019378800 4390       3       java.lang.reflect.Method::getGenericExceptionTypes (5 bytes)

GC Heap History (10 events):
Event: 6.758 GC heap before
{Heap before GC invocations=6 (full 0):
 PSYoungGen      total 70656K, used 50525K [0x00000000d6100000, 0x00000000df400000, 0x0000000100000000)
  eden space 65536K, 69% used [0x00000000d6100000,0x00000000d8d59a20,0x00000000da100000)
  from space 5120K, 99% used [0x00000000da100000,0x00000000da5fddc0,0x00000000da600000)
  to   space 9728K, 0% used [0x00000000dea80000,0x00000000dea80000,0x00000000df400000)
 ParOldGen       total 86016K, used 4859K [0x0000000082200000, 0x0000000087600000, 0x00000000d6100000)
  object space 86016K, 5% used [0x0000000082200000,0x00000000826becb0,0x0000000087600000)
 Metaspace       used 20414K, capacity 21216K, committed 21296K, reserved 1069056K
  class space    used 2498K, capacity 2688K, committed 2688K, reserved 1048576K
Event: 6.775 GC heap after
Heap after GC invocations=6 (full 0):
 PSYoungGen      total 140288K, used 7380K [0x00000000d6100000, 0x00000000df500000, 0x0000000100000000)
  eden space 130560K, 0% used [0x00000000d6100000,0x00000000d6100000,0x00000000de080000)
  from space 9728K, 75% used [0x00000000dea80000,0x00000000df1b53a8,0x00000000df400000)
  to   space 10240K, 0% used [0x00000000de080000,0x00000000de080000,0x00000000dea80000)
 ParOldGen       total 86016K, used 4867K [0x0000000082200000, 0x0000000087600000, 0x00000000d6100000)
  object space 86016K, 5% used [0x0000000082200000,0x00000000826c0cb0,0x0000000087600000)
 Metaspace       used 20414K, capacity 21216K, committed 21296K, reserved 1069056K
  class space    used 2498K, capacity 2688K, committed 2688K, reserved 1048576K
}
Event: 6.775 GC heap before
{Heap before GC invocations=7 (full 1):
 PSYoungGen      total 140288K, used 7380K [0x00000000d6100000, 0x00000000df500000, 0x0000000100000000)
  eden space 130560K, 0% used [0x00000000d6100000,0x00000000d6100000,0x00000000de080000)
  from space 9728K, 75% used [0x00000000dea80000,0x00000000df1b53a8,0x00000000df400000)
  to   space 10240K, 0% used [0x00000000de080000,0x00000000de080000,0x00000000dea80000)
 ParOldGen       total 86016K, used 4867K [0x0000000082200000, 0x0000000087600000, 0x00000000d6100000)
  object space 86016K, 5% used [0x0000000082200000,0x00000000826c0cb0,0x0000000087600000)
 Metaspace       used 20414K, capacity 21216K, committed 21296K, reserved 1069056K
  class space    used 2498K, capacity 2688K, committed 2688K, reserved 1048576K
Event: 6.835 GC heap after
Heap after GC invocations=7 (full 1):
 PSYoungGen      total 140288K, used 0K [0x00000000d6100000, 0x00000000df500000, 0x0000000100000000)
  eden space 130560K, 0% used [0x00000000d6100000,0x00000000d6100000,0x00000000de080000)
  from space 9728K, 0% used [0x00000000dea80000,0x00000000dea80000,0x00000000df400000)
  to   space 10240K, 0% used [0x00000000de080000,0x00000000de080000,0x00000000dea80000)
 ParOldGen       total 49664K, used 7770K [0x0000000082200000, 0x0000000085280000, 0x00000000d6100000)
  object space 49664K, 15% used [0x0000000082200000,0x0000000082996930,0x0000000085280000)
 Metaspace       used 20412K, capacity 21210K, committed 21296K, reserved 1069056K
  class space    used 2498K, capacity 2687K, committed 2688K, reserved 1048576K
}
Event: 11.890 GC heap before
{Heap before GC invocations=8 (full 1):
 PSYoungGen      total 140288K, used 130533K [0x00000000d6100000, 0x00000000df500000, 0x0000000100000000)
  eden space 130560K, 99% used [0x00000000d6100000,0x00000000de0795f8,0x00000000de080000)
  from space 9728K, 0% used [0x00000000dea80000,0x00000000dea80000,0x00000000df400000)
  to   space 10240K, 0% used [0x00000000de080000,0x00000000de080000,0x00000000dea80000)
 ParOldGen       total 49664K, used 7770K [0x0000000082200000, 0x0000000085280000, 0x00000000d6100000)
  object space 49664K, 15% used [0x0000000082200000,0x0000000082996930,0x0000000085280000)
 Metaspace       used 28980K, capacity 30758K, committed 30848K, reserved 1077248K
  class space    used 3644K, capacity 3949K, committed 3968K, reserved 1048576K
Event: 11.921 GC heap after
Heap after GC invocations=8 (full 1):
 PSYoungGen      total 140800K, used 10216K [0x00000000d6100000, 0x00000000df500000, 0x0000000100000000)
  eden space 130560K, 0% used [0x00000000d6100000,0x00000000d6100000,0x00000000de080000)
  from space 10240K, 99% used [0x00000000de080000,0x00000000dea7a308,0x00000000dea80000)
  to   space 9728K, 0% used [0x00000000dea80000,0x00000000dea80000,0x00000000df400000)
 ParOldGen       total 49664K, used 8729K [0x0000000082200000, 0x0000000085280000, 0x00000000d6100000)
  object space 49664K, 17% used [0x0000000082200000,0x0000000082a86468,0x0000000085280000)
 Metaspace       used 28980K, capacity 30758K, committed 30848K, reserved 1077248K
  class space    used 3644K, capacity 3949K, committed 3968K, reserved 1048576K
}
Event: 14.072 GC heap before
{Heap before GC invocations=9 (full 1):
 PSYoungGen      total 140800K, used 127614K [0x00000000d6100000, 0x00000000df500000, 0x0000000100000000)
  eden space 130560K, 89% used [0x00000000d6100000,0x00000000dd3a5730,0x00000000de080000)
  from space 10240K, 99% used [0x00000000de080000,0x00000000dea7a308,0x00000000dea80000)
  to   space 9728K, 0% used [0x00000000dea80000,0x00000000dea80000,0x00000000df400000)
 ParOldGen       total 49664K, used 8729K [0x0000000082200000, 0x0000000085280000, 0x00000000d6100000)
  object space 49664K, 17% used [0x0000000082200000,0x0000000082a86468,0x0000000085280000)
 Metaspace       used 33559K, capacity 35400K, committed 35456K, reserved 1081344K
  class space    used 4144K, capacity 4476K, committed 4480K, reserved 1048576K
Event: 14.142 GC heap after
Heap after GC invocations=9 (full 1):
 PSYoungGen      total 140288K, used 9716K [0x00000000d6100000, 0x00000000df500000, 0x0000000100000000)
  eden space 130560K, 0% used [0x00000000d6100000,0x00000000d6100000,0x00000000de080000)
  from space 9728K, 99% used [0x00000000dea80000,0x00000000df3fd3c8,0x00000000df400000)
  to   space 10240K, 0% used [0x00000000de080000,0x00000000de080000,0x00000000dea80000)
 ParOldGen       total 49664K, used 10241K [0x0000000082200000, 0x0000000085280000, 0x00000000d6100000)
  object space 49664K, 20% used [0x0000000082200000,0x0000000082c004f0,0x0000000085280000)
 Metaspace       used 33559K, capacity 35400K, committed 35456K, reserved 1081344K
  class space    used 4144K, capacity 4476K, committed 4480K, reserved 1048576K
}
Event: 14.142 GC heap before
{Heap before GC invocations=10 (full 2):
 PSYoungGen      total 140288K, used 9716K [0x00000000d6100000, 0x00000000df500000, 0x0000000100000000)
  eden space 130560K, 0% used [0x00000000d6100000,0x00000000d6100000,0x00000000de080000)
  from space 9728K, 99% used [0x00000000dea80000,0x00000000df3fd3c8,0x00000000df400000)
  to   space 10240K, 0% used [0x00000000de080000,0x00000000de080000,0x00000000dea80000)
 ParOldGen       total 49664K, used 10241K [0x0000000082200000, 0x0000000085280000, 0x00000000d6100000)
  object space 49664K, 20% used [0x0000000082200000,0x0000000082c004f0,0x0000000085280000)
 Metaspace       used 33559K, capacity 35400K, committed 35456K, reserved 1081344K
  class space    used 4144K, capacity 4476K, committed 4480K, reserved 1048576K
Event: 14.299 GC heap after
Heap after GC invocations=10 (full 2):
 PSYoungGen      total 140288K, used 0K [0x00000000d6100000, 0x00000000df500000, 0x0000000100000000)
  eden space 130560K, 0% used [0x00000000d6100000,0x00000000d6100000,0x00000000de080000)
  from space 9728K, 0% used [0x00000000dea80000,0x00000000dea80000,0x00000000df400000)
  to   space 10240K, 0% used [0x00000000de080000,0x00000000de080000,0x00000000dea80000)
 ParOldGen       total 70656K, used 16124K [0x0000000082200000, 0x0000000086700000, 0x00000000d6100000)
  object space 70656K, 22% used [0x0000000082200000,0x00000000831bf170,0x0000000086700000)
 Metaspace       used 33559K, capacity 35400K, committed 35456K, reserved 1081344K
  class space    used 4144K, capacity 4476K, committed 4480K, reserved 1048576K
}

Deoptimization events (10 events):
Event: 17.247 Thread 0x0000000019844800 Uncommon trap: reason=bimorphic action=maybe_recompile pc=0x00000000031e1aa0 method=java.lang.ClassLoader.loadClass(Ljava/lang/String;Z)Ljava/lang/Class; @ 70
Event: 17.332 Thread 0x0000000019a2d000 Uncommon trap: reason=unstable_if action=reinterpret pc=0x00000000030d8c24 method=java.io.WinNTFileSystem.isLetter(C)Z @ 3
Event: 17.368 Thread 0x0000000019a2d000 Uncommon trap: reason=unstable_if action=reinterpret pc=0x000000000371c0cc method=org.springframework.beans.factory.support.AbstractBeanFactory.isTypeMatch(Ljava/lang/String;Lorg/springframework/core/ResolvableType;Z)Z @ 34
Event: 17.541 Thread 0x0000000019a2d000 Uncommon trap: reason=unstable_if action=reinterpret pc=0x000000000324c708 method=java.util.concurrent.ConcurrentHashMap.transfer([Ljava/util/concurrent/ConcurrentHashMap$Node;[Ljava/util/concurrent/ConcurrentHashMap$Node;)V @ 356
Event: 17.543 Thread 0x0000000019a2d000 Uncommon trap: reason=unstable_if action=reinterpret pc=0x0000000003007f50 method=java.util.concurrent.ConcurrentHashMap.transfer([Ljava/util/concurrent/ConcurrentHashMap$Node;[Ljava/util/concurrent/ConcurrentHashMap$Node;)V @ 356
Event: 18.040 Thread 0x0000000019a2d000 Uncommon trap: reason=unstable_if action=reinterpret pc=0x0000000003732980 method=org.springframework.core.annotation.AnnotationsScanner.processClassInheritedAnnotations(Ljava/lang/Object;Ljava/lang/Class;Lorg/springframework/core/annotation/MergedAnnotat
Event: 18.068 Thread 0x0000000019844800 Uncommon trap: reason=class_check action=maybe_recompile pc=0x0000000002c9c734 method=java.util.TreeMap.getEntry(Ljava/lang/Object;)Ljava/util/TreeMap$Entry; @ 26
Event: 18.068 Thread 0x0000000019844800 Uncommon trap: reason=class_check action=maybe_recompile pc=0x0000000002c9c734 method=java.util.TreeMap.getEntry(Ljava/lang/Object;)Ljava/util/TreeMap$Entry; @ 26
Event: 18.150 Thread 0x0000000019a2d000 Uncommon trap: reason=class_check action=maybe_recompile pc=0x0000000002c9c734 method=java.util.TreeMap.getEntry(Ljava/lang/Object;)Ljava/util/TreeMap$Entry; @ 26
Event: 18.165 Thread 0x0000000019a2d000 Uncommon trap: reason=unstable_if action=reinterpret pc=0x0000000002c10bd8 method=sun.nio.cs.UTF_8$Encoder.encode([CII[B)I @ 33

Classes redefined (0 events):
No events

Internal exceptions (10 events):
Event: 16.080 Thread 0x0000000019a2d000 Exception <a 'java/lang/ClassNotFoundException': org/springframework/beans/factory/AwareCustomizer> (0x00000000d89c2e28) thrown at [C:\re\workspace\8-2-build-windows-amd64-cygwin\jdk8u191\11896\hotspot\src\share\vm\classfile\systemDictionary.cpp, line 210
Event: 16.082 Thread 0x0000000019a2d000 Exception <a 'java/lang/ClassNotFoundException': org/springframework/context/ApplicationContextAwareCustomizer> (0x00000000d89dc778) thrown at [C:\re\workspace\8-2-build-windows-amd64-cygwin\jdk8u191\11896\hotspot\src\share\vm\classfile\systemDictionary.c
Event: 16.083 Thread 0x0000000019a2d000 Exception <a 'java/lang/ClassNotFoundException': org/springframework/beans/factory/AwareCustomizer> (0x00000000d8af8e60) thrown at [C:\re\workspace\8-2-build-windows-amd64-cygwin\jdk8u191\11896\hotspot\src\share\vm\classfile\systemDictionary.cpp, line 210
Event: 16.084 Thread 0x0000000019a2d000 Exception <a 'java/lang/ClassNotFoundException': org/springframework/web/context/ServletContextAwareCustomizer> (0x00000000d8b12760) thrown at [C:\re\workspace\8-2-build-windows-amd64-cygwin\jdk8u191\11896\hotspot\src\share\vm\classfile\systemDictionary.c
Event: 16.085 Thread 0x0000000019a2d000 Exception <a 'java/lang/ClassNotFoundException': org/springframework/beans/factory/AwareCustomizer> (0x00000000d8b295a8) thrown at [C:\re\workspace\8-2-build-windows-amd64-cygwin\jdk8u191\11896\hotspot\src\share\vm\classfile\systemDictionary.cpp, line 210
Event: 17.404 Thread 0x0000000019a2d000 Exception <a 'java/lang/IncompatibleClassChangeError': Found class java.lang.Object, but interface was expected> (0x00000000dbafb9c8) thrown at [C:\re\workspace\8-2-build-windows-amd64-cygwin\jdk8u191\11896\hotspot\src\share\vm\interpreter\linkResolver.cp
Event: 17.843 Thread 0x0000000019a2d000 Exception <a 'java/io/FileNotFoundException'> (0x00000000dca14608) thrown at [C:\re\workspace\8-2-build-windows-amd64-cygwin\jdk8u191\11896\hotspot\src\share\vm\prims\jni.cpp, line 709]
Event: 17.843 Thread 0x0000000019a2d000 Exception <a 'java/io/FileNotFoundException'> (0x00000000dca151c0) thrown at [C:\re\workspace\8-2-build-windows-amd64-cygwin\jdk8u191\11896\hotspot\src\share\vm\prims\jni.cpp, line 709]
Event: 18.168 Thread 0x0000000019a2d000 Exception <a 'java/lang/ClassNotFoundException': java/lang/ObjectCustomizer> (0x00000000dd80d7a0) thrown at [C:\re\workspace\8-2-build-windows-amd64-cygwin\jdk8u191\11896\hotspot\src\share\vm\classfile\systemDictionary.cpp, line 210]
Event: 18.169 Thread 0x0000000019a2d000 Exception <a 'java/lang/ClassNotFoundException': org/springframework/data/repository/core/support/RepositoryFactoryBeanSupportCustomizer> (0x00000000dd831e80) thrown at [C:\re\workspace\8-2-build-windows-amd64-cygwin\jdk8u191\11896\hotspot\src\share\vm\cl

Events (10 events):
Event: 18.174 loading class javax/persistence/Version
Event: 18.174 loading class javax/persistence/Version done
Event: 18.175 loading class org/hibernate/annotations/ManyToAny
Event: 18.175 loading class org/hibernate/annotations/ManyToAny done
Event: 18.176 loading class javax/persistence/Embedded
Event: 18.176 loading class javax/persistence/Embedded done
Event: 18.177 loading class javax/persistence/Basic
Event: 18.177 loading class javax/persistence/Basic done
Event: 18.177 loading class org/hibernate/cfg/annotations/SimpleValueBinder
Event: 18.177 loading class org/hibernate/cfg/annotations/SimpleValueBinder done


Dynamic libraries:
0x00007ff686850000 - 0x00007ff686887000 	C:\Program Files\Java\jdk1.8.0_191\bin\java.exe
0x00007ffa1dc60000 - 0x00007ffa1de4d000 	C:\WINDOWS\SYSTEM32\ntdll.dll
0x00007ffa1daa0000 - 0x00007ffa1db53000 	C:\WINDOWS\System32\KERNEL32.DLL
0x00007ffa1a8d0000 - 0x00007ffa1ab65000 	C:\WINDOWS\System32\KERNELBASE.dll
0x00007ffa1b250000 - 0x00007ffa1b2f3000 	C:\WINDOWS\System32\ADVAPI32.dll
0x00007ffa1ce70000 - 0x00007ffa1cf0e000 	C:\WINDOWS\System32\msvcrt.dll
0x00007ffa1b1b0000 - 0x00007ffa1b24e000 	C:\WINDOWS\System32\sechost.dll
0x00007ffa1d400000 - 0x00007ffa1d522000 	C:\WINDOWS\System32\RPCRT4.dll
0x00007ffa1c880000 - 0x00007ffa1ca17000 	C:\WINDOWS\System32\USER32.dll
0x00007ffa1ab70000 - 0x00007ffa1ab90000 	C:\WINDOWS\System32\win32u.dll
0x00007ffa1d530000 - 0x00007ffa1d559000 	C:\WINDOWS\System32\GDI32.dll
0x00007ffa1ac60000 - 0x00007ffa1adfa000 	C:\WINDOWS\System32\gdi32full.dll
0x00007ffa1abc0000 - 0x00007ffa1ac60000 	C:\WINDOWS\System32\msvcp_win.dll
0x00007ffa1ae00000 - 0x00007ffa1aefa000 	C:\WINDOWS\System32\ucrtbase.dll
0x00007ffa02940000 - 0x00007ffa02bb9000 	C:\WINDOWS\WinSxS\amd64_microsoft.windows.common-controls_6595b64144ccf1df_6.0.17763.1282_none_de75b6f253473c0f\COMCTL32.dll
0x00007ffa1d560000 - 0x00007ffa1d88c000 	C:\WINDOWS\System32\combase.dll
0x00007ffa1a830000 - 0x00007ffa1a8ae000 	C:\WINDOWS\System32\bcryptPrimitives.dll
0x00007ffa1af10000 - 0x00007ffa1af3e000 	C:\WINDOWS\System32\IMM32.DLL
0x0000000066bb0000 - 0x0000000066c82000 	C:\Program Files\Java\jdk1.8.0_191\jre\bin\msvcr100.dll
0x0000000066300000 - 0x0000000066ba4000 	C:\Program Files\Java\jdk1.8.0_191\jre\bin\server\jvm.dll
0x00007ffa1af00000 - 0x00007ffa1af08000 	C:\WINDOWS\System32\PSAPI.DLL
0x00007ffa15fd0000 - 0x00007ffa15fd9000 	C:\WINDOWS\SYSTEM32\WSOCK32.dll
0x00007ffa1d390000 - 0x00007ffa1d3fd000 	C:\WINDOWS\System32\WS2_32.dll
0x00007ffa163b0000 - 0x00007ffa163d4000 	C:\WINDOWS\SYSTEM32\WINMM.dll
0x00007ffa0a8f0000 - 0x00007ffa0a8fa000 	C:\WINDOWS\SYSTEM32\VERSION.dll
0x00007ffa16380000 - 0x00007ffa163ad000 	C:\WINDOWS\SYSTEM32\WINMMBASE.dll
0x00007ffa1a7e0000 - 0x00007ffa1a82a000 	C:\WINDOWS\System32\cfgmgr32.dll
0x00000000662f0000 - 0x00000000662ff000 	C:\Program Files\Java\jdk1.8.0_191\jre\bin\verify.dll
0x00000000662c0000 - 0x00000000662e9000 	C:\Program Files\Java\jdk1.8.0_191\jre\bin\java.dll
0x00000000660a0000 - 0x00000000660c3000 	C:\Program Files\Java\jdk1.8.0_191\jre\bin\instrument.dll
0x00000000662a0000 - 0x00000000662b6000 	C:\Program Files\Java\jdk1.8.0_191\jre\bin\zip.dll
0x00007ffa1b380000 - 0x00007ffa1c878000 	C:\WINDOWS\System32\SHELL32.dll
0x00007ffa1db80000 - 0x00007ffa1dc28000 	C:\WINDOWS\System32\shcore.dll
0x00007ffa19e00000 - 0x00007ffa1a54f000 	C:\WINDOWS\System32\windows.storage.dll
0x00007ffa19d70000 - 0x00007ffa19d94000 	C:\WINDOWS\System32\profapi.dll
0x00007ffa19cf0000 - 0x00007ffa19d4d000 	C:\WINDOWS\System32\powrprof.dll
0x00007ffa1ca20000 - 0x00007ffa1ca72000 	C:\WINDOWS\System32\shlwapi.dll
0x00007ffa19cd0000 - 0x00007ffa19ce1000 	C:\WINDOWS\System32\kernel.appcore.dll
0x00007ffa1a8b0000 - 0x00007ffa1a8c7000 	C:\WINDOWS\System32\cryptsp.dll
0x00007ff9e4300000 - 0x00007ff9e431a000 	C:\Program Files\JetBrains\IntelliJ IDEA Community Edition 2018.3\bin\breakgen64.dll
0x0000000066280000 - 0x000000006629a000 	C:\Program Files\Java\jdk1.8.0_191\jre\bin\net.dll
0x00007ffa194e0000 - 0x00007ffa19547000 	C:\WINDOWS\system32\mswsock.dll
0x00000000660d0000 - 0x00000000660dd000 	C:\Program Files\Java\jdk1.8.0_191\jre\bin\management.dll
0x00007ff9f9370000 - 0x00007ff9f9386000 	C:\WINDOWS\system32\napinsp.dll
0x00007ff9f8ed0000 - 0x00007ff9f8eea000 	C:\WINDOWS\system32\pnrpnsp.dll
0x00007ffa191f0000 - 0x00007ffa192b7000 	C:\WINDOWS\SYSTEM32\DNSAPI.dll
0x00007ffa1da90000 - 0x00007ffa1da98000 	C:\WINDOWS\System32\NSI.dll
0x00007ffa191b0000 - 0x00007ffa191ed000 	C:\WINDOWS\SYSTEM32\IPHLPAPI.DLL
0x00007ff9f9ad0000 - 0x00007ff9f9ade000 	C:\WINDOWS\System32\winrnr.dll
0x00007ffa15ea0000 - 0x00007ffa15ebb000 	C:\WINDOWS\system32\NLAapi.dll
0x00007ffa10b20000 - 0x00007ffa10b35000 	C:\WINDOWS\system32\wshbth.dll
0x00007ffa0b7e0000 - 0x00007ffa0b7ea000 	C:\Windows\System32\rasadhlp.dll
0x00007ffa0b9b0000 - 0x00007ffa0ba29000 	C:\WINDOWS\System32\fwpuclnt.dll
0x00007ffa1ab90000 - 0x00007ffa1abb6000 	C:\WINDOWS\System32\bcrypt.dll
0x0000000066260000 - 0x0000000066271000 	C:\Program Files\Java\jdk1.8.0_191\jre\bin\nio.dll
0x00007ffa19010000 - 0x00007ffa19043000 	C:\WINDOWS\system32\rsaenh.dll
0x00007ffa19bc0000 - 0x00007ffa19be8000 	C:\WINDOWS\SYSTEM32\USERENV.dll
0x00007ffa19660000 - 0x00007ffa1966c000 	C:\WINDOWS\SYSTEM32\CRYPTBASE.dll
0x00007ffa0ed00000 - 0x00007ffa0ed16000 	C:\WINDOWS\SYSTEM32\dhcpcsvc6.DLL
0x00007ffa0ece0000 - 0x00007ffa0ecfc000 	C:\WINDOWS\SYSTEM32\dhcpcsvc.DLL

VM Arguments:
jvm_args: -javaagent:C:\Program Files\JetBrains\IntelliJ IDEA Community Edition 2018.3\lib\idea_rt.jar=55488:C:\Program Files\JetBrains\IntelliJ IDEA Community Edition 2018.3\bin -Dfile.encoding=UTF-8 
java_command: com.library.LibraryApplication
java_class_path (initial): C:\Users\Folio9470m\IdeaProjects\Library\target\classes;C:\Program Files\Java\jdk1.8.0_191\jre\lib\charsets.jar;C:\Program Files\Java\jdk1.8.0_191\jre\lib\deploy.jar;C:\Program Files\Java\jdk1.8.0_191\jre\lib\ext\access-bridge-64.jar;C:\Program Files\Java\jdk1.8.0_191\jre\lib\ext\cldrdata.jar;C:\Program Files\Java\jdk1.8.0_191\jre\lib\ext\dnsns.jar;C:\Program Files\Java\jdk1.8.0_191\jre\lib\ext\jaccess.jar;C:\Program Files\Java\jdk1.8.0_191\jre\lib\ext\jfxrt.jar;C:\Program Files\Java\jdk1.8.0_191\jre\lib\ext\localedata.jar;C:\Program Files\Java\jdk1.8.0_191\jre\lib\ext\nashorn.jar;C:\Program Files\Java\jdk1.8.0_191\jre\lib\ext\sunec.jar;C:\Program Files\Java\jdk1.8.0_191\jre\lib\ext\sunjce_provider.jar;C:\Program Files\Java\jdk1.8.0_191\jre\lib\ext\sunmscapi.jar;C:\Program Files\Java\jdk1.8.0_191\jre\lib\ext\sunpkcs11.jar;C:\Program Files\Java\jdk1.8.0_191\jre\lib\ext\zipfs.jar;C:\Program Files\Java\jdk1.8.0_191\jre\lib\javaws.jar;C:\Program Files\Java\jdk1.8.0_191\jre\lib\jce.jar;C:\Program Files\Java\jdk1.8.0_191\jre\lib\jfr.jar;C:\Program Files\Java\jdk1.8.0_191\jre\lib\jfxswt.jar;C:\Program Files\Java\jdk1.8.0_191\jre\lib\jsse.jar;C:\Program Files\Java\jdk1.8.0_191\jre\lib\management-agent.jar;C:\Program Files\Java\jdk1.8.0_191\jre\lib\plugin.jar;C:\Program Files\Java\jdk1.8.0_191\jre\lib\resources.jar;C:\Program Files\Java\jdk1.8.0_191\jre\lib\rt.jar;C:\Users\Folio9470m\.m2\repository\org\springframework\boot\spring-boot-starter-data-jpa\2.3.2.RELEASE\spring-boot-starter-data-jpa-2.3.2.RELEASE.jar;C:\Users\Folio9470m\.m2\repository\org\springframework\boot\spring-boot-starter-aop\2.3.2.RELEASE\spring-boot-starter-aop-2.3.2.RELEASE.jar;C:\Users\Folio9470m\.m2\repository\org\springframework\spring-aop\5.2.8.RELEASE\spring-aop-5.2.8.RELEASE.jar;C:\Users\Folio9470m\.m2\repository\org\aspectj\aspectjweaver\1.9.6\aspectjweaver-1.9.6.jar;C:\Users\Folio9470m\.m2\repository\org\springframework\boot\spring-boot-starter-jdbc\2.3.2.RELEASE\spri
Launcher Type: SUN_STANDARD

Environment Variables:
JAVA_HOME=C:\Program Files\Java\jdk1.8.0_191\bin
PATH=C:\Program Files (x86)\Common Files\Oracle\Java\javapath;C:\ProgramData\DockerDesktop\version-bin;C:\Program Files\Docker\Docker\Resources\bin;C:\WINDOWS\system32;C:\WINDOWS;C:\WINDOWS\System32\Wbem;C:\WINDOWS\System32\WindowsPowerShell\v1.0\;C:\Program Files\Git\cmd;C:\WINDOWS\System32\OpenSSH\;C:\wamp\bin\mysql\mysql5.6.12\bin;C:\Program Files\nodejs\;C:\Program Files\Java\jdk1.8.0_191\bin;C:\Program Files\heroku\bin;C:\Program Files\PostgreSQL\12\bin;C:\xampp\php;C:\ProgramData\ComposerSetup\bin;C:\Program Files\Microsoft VS Code\bin;C:\xampp\mysql\bin;C:\Users\Folio9470m\AppData\Local\Microsoft\WindowsApps;C:\Users\Folio9470m\AppData\Roaming\npm;C:\Program Files\Java\jdk1.8.0_191\bin;C:\Program Files\heroku\bin;C:\Program Files\heroku\bin;C:\Program Files\PostgreSQL\12\bin;C:\xampp\php;C:\Users\Folio9470m\AppData\Roaming\Composer\vendor\bin;C:\xampp\mysql\bin;
USERNAME=Folio9470m
OS=Windows_NT
PROCESSOR_IDENTIFIER=Intel64 Family 6 Model 58 Stepping 9, GenuineIntel



---------------  S Y S T E M  ---------------

OS: Windows 10.0 , 64 bit Build 17763 (10.0.17763.1158)

CPU:total 4 (initial active 4) (2 cores per cpu, 2 threads per core) family 6 model 58 stepping 9, cmov, cx8, fxsr, mmx, sse, sse2, sse3, ssse3, sse4.1, sse4.2, popcnt, avx, aes, clmul, erms, ht, tsc, tscinvbit, tscinv

Memory: 4k page, physical 8248876k(459048k free), swap 12836876k(4128k free)

vm_info: Java HotSpot(TM) 64-Bit Server VM (25.191-b12) for windows-amd64 JRE (1.8.0_191-b12), built on Oct  6 2018 09:29:03 by "java_re" with MS VC++ 10.0 (VS2010)

time: Tue Sep 15 00:28:18 2020
elapsed time: 18 seconds (0d 0h 0m 18s)

