#
# There is insufficient memory for the Java Runtime Environment to continue.
# Native memory allocation (malloc) failed to allocate 1097296 bytes for Chunk::new
# Possible reasons:
#   The system is out of physical RAM or swap space
#   In 32 bit mode, the process size limit was hit
# Possible solutions:
#   Reduce memory load on the system
#   Increase physical memory or swap space
#   Check if swap backing store is full
#   Use 64 bit Java on a 64 bit OS
#   Decrease Java heap size (-Xmx/-Xms)
#   Decrease number of Java threads
#   Decrease Java thread stack sizes (-Xss)
#   Set larger code cache with -XX:ReservedCodeCacheSize=
# This output file may be truncated or incomplete.
#
#  Out of Memory Error (allocation.cpp:390), pid=21668, tid=0x0000000000002d88
#
# JRE version: Java(TM) SE Runtime Environment (8.0_191-b12) (build 1.8.0_191-b12)
# Java VM: Java HotSpot(TM) 64-Bit Server VM (25.191-b12 mixed mode windows-amd64 compressed oops)
# Failed to write core dump. Minidumps are not enabled by default on client versions of Windows
#

---------------  T H R E A D  ---------------

Current thread (0x0000000019828000):  JavaThread "C2 CompilerThread1" daemon [_thread_in_native, id=11656, stack(0x0000000019aa0000,0x0000000019ba0000)]

Stack: [0x0000000019aa0000,0x0000000019ba0000]
[error occurred during error reporting (printing stack bounds), id 0xc0000005]

Native frames: (J=compiled Java code, j=interpreted, Vv=VM code, C=native code)


Current CompileTask:
C2:  14448 3279   !   4       java.net.URL::<init> (543 bytes)


---------------  P R O C E S S  ---------------

Java Threads: ( => current thread )
  0x000000001d27f800 JavaThread "mysql-cj-abandoned-connection-cleanup" daemon [_thread_blocked, id=20940, stack(0x0000000020190000,0x0000000020290000)]
  0x00000000194e6800 JavaThread "restartedMain" [_thread_in_native, id=21880, stack(0x000000001b8e0000,0x000000001b9e0000)]
  0x000000001aaff800 JavaThread "Thread-0" [_thread_blocked, id=21568, stack(0x000000001b7e0000,0x000000001b8e0000)]
  0x0000000019ce8000 JavaThread "Service Thread" daemon [_thread_blocked, id=10488, stack(0x000000001a4a0000,0x000000001a5a0000)]
  0x0000000019829000 JavaThread "C1 CompilerThread2" daemon [_thread_in_native, id=12680, stack(0x0000000019ba0000,0x0000000019ca0000)]
=>0x0000000019828000 JavaThread "C2 CompilerThread1" daemon [_thread_in_native, id=11656, stack(0x0000000019aa0000,0x0000000019ba0000)]
  0x0000000019824800 JavaThread "C2 CompilerThread0" daemon [_thread_in_native, id=16424, stack(0x00000000199a0000,0x0000000019aa0000)]
  0x0000000019870800 JavaThread "Monitor Ctrl-Break" daemon [_thread_in_native, id=420, stack(0x00000000198a0000,0x00000000199a0000)]
  0x0000000017e3e000 JavaThread "Attach Listener" daemon [_thread_blocked, id=11668, stack(0x00000000193a0000,0x00000000194a0000)]
  0x0000000017e3d000 JavaThread "Signal Dispatcher" daemon [_thread_blocked, id=18384, stack(0x00000000192a0000,0x00000000193a0000)]
  0x000000000335a000 JavaThread "Finalizer" daemon [_thread_blocked, id=15628, stack(0x0000000019080000,0x0000000019180000)]
  0x0000000003357000 JavaThread "Reference Handler" daemon [_thread_blocked, id=15284, stack(0x0000000018f80000,0x0000000019080000)]
  0x0000000003267000 JavaThread "main" [_thread_blocked, id=7764, stack(0x0000000002f40000,0x0000000003040000)]

Other Threads:
  0x0000000017df7800 VMThread [stack: 0x0000000018e80000,0x0000000018f80000] [id=3528]
  0x0000000019d5c800 WatcherThread [stack: 0x000000001a710000,0x000000001a810000] [id=20324]

VM state:not at safepoint (normal execution)

VM Mutex/Monitor currently owned by a thread: None

Heap:
 PSYoungGen      total 140800K, used 98363K [0x00000000d6100000, 0x00000000e5a00000, 0x0000000100000000)
  eden space 130560K, 67% used [0x00000000d6100000,0x00000000db714d40,0x00000000de080000)
  from space 10240K, 99% used [0x00000000de080000,0x00000000dea7a070,0x00000000dea80000)
  to   space 12288K, 0% used [0x00000000e4e00000,0x00000000e4e00000,0x00000000e5a00000)
 ParOldGen       total 50176K, used 8720K [0x0000000082200000, 0x0000000085300000, 0x00000000d6100000)
  object space 50176K, 17% used [0x0000000082200000,0x0000000082a84310,0x0000000085300000)
 Metaspace       used 30263K, capacity 32052K, committed 32384K, reserved 1077248K
  class space    used 3791K, capacity 4098K, committed 4224K, reserved 1048576K

Card table byte_map: [0x0000000012720000,0x0000000012b10000] byte_map_base: 0x000000001230f000

Marking Bits: (ParMarkBitMap*) 0x0000000055413e30
 Begin Bits: [0x00000000131b0000, 0x0000000015128000)
 End Bits:   [0x0000000015128000, 0x00000000170a0000)

Polling page: 0x0000000000fc0000

CodeCache: size=245760Kb used=11118Kb max_used=11263Kb free=234642Kb
 bounds [0x0000000003360000, 0x0000000003e70000, 0x0000000012360000]
 total_blobs=3549 nmethods=3155 adapters=306
 compilation: enabled

Compilation events (10 events):
Event: 14.361 Thread 0x0000000019829000 3350       3       org.springframework.beans.factory.InjectionPoint::obtainMethodParameter (22 bytes)
Event: 14.361 Thread 0x0000000019829000 nmethod 3350 0x00000000034b1b10 code [0x00000000034b1c80, 0x00000000034b1f88]
Event: 14.364 Thread 0x0000000019829000 3351       3       java.util.ArrayList::addAll (92 bytes)
Event: 14.366 Thread 0x0000000019829000 nmethod 3351 0x0000000003603ed0 code [0x00000000036040e0, 0x0000000003604ad8]
Event: 14.370 Thread 0x0000000019829000 3352       3       java.util.concurrent.ConcurrentHashMap$BaseIterator::hasNext (13 bytes)
Event: 14.370 Thread 0x0000000019829000 nmethod 3352 0x000000000354e410 code [0x000000000354e560, 0x000000000354e710]
Event: 14.410 Thread 0x0000000019829000 3353       3       java.util.Arrays::equals (54 bytes)
Event: 14.410 Thread 0x0000000019829000 nmethod 3353 0x000000000354de10 code [0x000000000354df80, 0x000000000354e2f0]
Event: 14.431 Thread 0x0000000019829000 3354       3       java.util.regex.Pattern$BitClass::isSatisfiedBy (22 bytes)
Event: 14.432 Thread 0x0000000019829000 nmethod 3354 0x000000000354d990 code [0x000000000354db00, 0x000000000354dd10]

GC Heap History (10 events):
Event: 4.311 GC heap before
{Heap before GC invocations=4 (full 0):
 PSYoungGen      total 37888K, used 37873K [0x00000000d6100000, 0x00000000dab00000, 0x0000000100000000)
  eden space 32768K, 100% used [0x00000000d6100000,0x00000000d8100000,0x00000000d8100000)
  from space 5120K, 99% used [0x00000000d8100000,0x00000000d85fc688,0x00000000d8600000)
  to   space 5120K, 0% used [0x00000000da600000,0x00000000da600000,0x00000000dab00000)
 ParOldGen       total 86016K, used 235K [0x0000000082200000, 0x0000000087600000, 0x00000000d6100000)
  object space 86016K, 0% used [0x0000000082200000,0x000000008223ad50,0x0000000087600000)
 Metaspace       used 14766K, capacity 15248K, committed 15488K, reserved 1062912K
  class space    used 1755K, capacity 1875K, committed 1920K, reserved 1048576K
Event: 4.323 GC heap after
Heap after GC invocations=4 (full 0):
 PSYoungGen      total 70656K, used 5093K [0x00000000d6100000, 0x00000000dab00000, 0x0000000100000000)
  eden space 65536K, 0% used [0x00000000d6100000,0x00000000d6100000,0x00000000da100000)
  from space 5120K, 99% used [0x00000000da600000,0x00000000daaf9448,0x00000000dab00000)
  to   space 5120K, 0% used [0x00000000da100000,0x00000000da100000,0x00000000da600000)
 ParOldGen       total 86016K, used 1705K [0x0000000082200000, 0x0000000087600000, 0x00000000d6100000)
  object space 86016K, 1% used [0x0000000082200000,0x00000000823aa4a8,0x0000000087600000)
 Metaspace       used 14766K, capacity 15248K, committed 15488K, reserved 1062912K
  class space    used 1755K, capacity 1875K, committed 1920K, reserved 1048576K
}
Event: 6.079 GC heap before
{Heap before GC invocations=5 (full 0):
 PSYoungGen      total 70656K, used 70590K [0x00000000d6100000, 0x00000000dab00000, 0x0000000100000000)
  eden space 65536K, 99% used [0x00000000d6100000,0x00000000da0f6408,0x00000000da100000)
  from space 5120K, 99% used [0x00000000da600000,0x00000000daaf9448,0x00000000dab00000)
  to   space 5120K, 0% used [0x00000000da100000,0x00000000da100000,0x00000000da600000)
 ParOldGen       total 86016K, used 1705K [0x0000000082200000, 0x0000000087600000, 0x00000000d6100000)
  object space 86016K, 1% used [0x0000000082200000,0x00000000823aa4a8,0x0000000087600000)
 Metaspace       used 19151K, capacity 19850K, committed 19968K, reserved 1067008K
  class space    used 2360K, capacity 2522K, committed 2560K, reserved 1048576K
Event: 6.100 GC heap after
Heap after GC invocations=5 (full 0):
 PSYoungGen      total 70656K, used 5090K [0x00000000d6100000, 0x00000000df400000, 0x0000000100000000)
  eden space 65536K, 0% used [0x00000000d6100000,0x00000000d6100000,0x00000000da100000)
  from space 5120K, 99% used [0x00000000da100000,0x00000000da5f8800,0x00000000da600000)
  to   space 9728K, 0% used [0x00000000dea80000,0x00000000dea80000,0x00000000df400000)
 ParOldGen       total 86016K, used 4844K [0x0000000082200000, 0x0000000087600000, 0x00000000d6100000)
  object space 86016K, 5% used [0x0000000082200000,0x00000000826bb318,0x0000000087600000)
 Metaspace       used 19151K, capacity 19850K, committed 19968K, reserved 1067008K
  class space    used 2360K, capacity 2522K, committed 2560K, reserved 1048576K
}
Event: 7.048 GC heap before
{Heap before GC invocations=6 (full 0):
 PSYoungGen      total 70656K, used 49307K [0x00000000d6100000, 0x00000000df400000, 0x0000000100000000)
  eden space 65536K, 67% used [0x00000000d6100000,0x00000000d8c2e5c0,0x00000000da100000)
  from space 5120K, 99% used [0x00000000da100000,0x00000000da5f8800,0x00000000da600000)
  to   space 9728K, 0% used [0x00000000dea80000,0x00000000dea80000,0x00000000df400000)
 ParOldGen       total 86016K, used 4844K [0x0000000082200000, 0x0000000087600000, 0x00000000d6100000)
  object space 86016K, 5% used [0x0000000082200000,0x00000000826bb318,0x0000000087600000)
 Metaspace       used 20404K, capacity 21204K, committed 21296K, reserved 1069056K
  class space    used 2494K, capacity 2686K, committed 2688K, reserved 1048576K
Event: 7.073 GC heap after
Heap after GC invocations=6 (full 0):
 PSYoungGen      total 140288K, used 7326K [0x00000000d6100000, 0x00000000df500000, 0x0000000100000000)
  eden space 130560K, 0% used [0x00000000d6100000,0x00000000d6100000,0x00000000de080000)
  from space 9728K, 75% used [0x00000000dea80000,0x00000000df1a7850,0x00000000df400000)
  to   space 10240K, 0% used [0x00000000de080000,0x00000000de080000,0x00000000dea80000)
 ParOldGen       total 86016K, used 4852K [0x0000000082200000, 0x0000000087600000, 0x00000000d6100000)
  object space 86016K, 5% used [0x0000000082200000,0x00000000826bd318,0x0000000087600000)
 Metaspace       used 20404K, capacity 21204K, committed 21296K, reserved 1069056K
  class space    used 2494K, capacity 2686K, committed 2688K, reserved 1048576K
}
Event: 7.073 GC heap before
{Heap before GC invocations=7 (full 1):
 PSYoungGen      total 140288K, used 7326K [0x00000000d6100000, 0x00000000df500000, 0x0000000100000000)
  eden space 130560K, 0% used [0x00000000d6100000,0x00000000d6100000,0x00000000de080000)
  from space 9728K, 75% used [0x00000000dea80000,0x00000000df1a7850,0x00000000df400000)
  to   space 10240K, 0% used [0x00000000de080000,0x00000000de080000,0x00000000dea80000)
 ParOldGen       total 86016K, used 4852K [0x0000000082200000, 0x0000000087600000, 0x00000000d6100000)
  object space 86016K, 5% used [0x0000000082200000,0x00000000826bd318,0x0000000087600000)
 Metaspace       used 20404K, capacity 21204K, committed 21296K, reserved 1069056K
  class space    used 2494K, capacity 2686K, committed 2688K, reserved 1048576K
Event: 7.141 GC heap after
Heap after GC invocations=7 (full 1):
 PSYoungGen      total 140288K, used 0K [0x00000000d6100000, 0x00000000df500000, 0x0000000100000000)
  eden space 130560K, 0% used [0x00000000d6100000,0x00000000d6100000,0x00000000de080000)
  from space 9728K, 0% used [0x00000000dea80000,0x00000000dea80000,0x00000000df400000)
  to   space 10240K, 0% used [0x00000000de080000,0x00000000de080000,0x00000000dea80000)
 ParOldGen       total 50176K, used 7695K [0x0000000082200000, 0x0000000085300000, 0x00000000d6100000)
  object space 50176K, 15% used [0x0000000082200000,0x0000000082983d88,0x0000000085300000)
 Metaspace       used 20403K, capacity 21198K, committed 21296K, reserved 1069056K
  class space    used 2494K, capacity 2685K, committed 2688K, reserved 1048576K
}
Event: 13.308 GC heap before
{Heap before GC invocations=8 (full 1):
 PSYoungGen      total 140288K, used 130560K [0x00000000d6100000, 0x00000000df500000, 0x0000000100000000)
  eden space 130560K, 100% used [0x00000000d6100000,0x00000000de080000,0x00000000de080000)
  from space 9728K, 0% used [0x00000000dea80000,0x00000000dea80000,0x00000000df400000)
  to   space 10240K, 0% used [0x00000000de080000,0x00000000de080000,0x00000000dea80000)
 ParOldGen       total 50176K, used 7695K [0x0000000082200000, 0x0000000085300000, 0x00000000d6100000)
  object space 50176K, 15% used [0x0000000082200000,0x0000000082983d88,0x0000000085300000)
 Metaspace       used 28993K, capacity 30750K, committed 30848K, reserved 1077248K
  class space    used 3646K, capacity 3949K, committed 3968K, reserved 1048576K
Event: 13.340 GC heap after
Heap after GC invocations=8 (full 1):
 PSYoungGen      total 140800K, used 10216K [0x00000000d6100000, 0x00000000e5a00000, 0x0000000100000000)
  eden space 130560K, 0% used [0x00000000d6100000,0x00000000d6100000,0x00000000de080000)
  from space 10240K, 99% used [0x00000000de080000,0x00000000dea7a070,0x00000000dea80000)
  to   space 12288K, 0% used [0x00000000e4e00000,0x00000000e4e00000,0x00000000e5a00000)
 ParOldGen       total 50176K, used 8720K [0x0000000082200000, 0x0000000085300000, 0x00000000d6100000)
  object space 50176K, 17% used [0x0000000082200000,0x0000000082a84310,0x0000000085300000)
 Metaspace       used 28993K, capacity 30750K, committed 30848K, reserved 1077248K
  class space    used 3646K, capacity 3949K, committed 3968K, reserved 1048576K
}

Deoptimization events (10 events):
Event: 13.153 Thread 0x00000000194e6800 Uncommon trap: reason=class_check action=maybe_recompile pc=0x00000000035a1800 method=java.util.jar.JarFile.getJarEntry(Ljava/lang/String;)Ljava/util/jar/JarEntry; @ 2
Event: 13.223 Thread 0x00000000194e6800 Uncommon trap: reason=unstable_if action=reinterpret pc=0x000000000369ca7c method=java.lang.CharacterDataLatin1.isWhitespace(I)Z @ 14
Event: 13.522 Thread 0x00000000194e6800 Uncommon trap: reason=unstable_if action=reinterpret pc=0x0000000003e13ecc method=java.lang.ThreadLocal$ThreadLocalMap.getEntry(Ljava/lang/ThreadLocal;)Ljava/lang/ThreadLocal$ThreadLocalMap$Entry; @ 29
Event: 13.523 Thread 0x00000000194e6800 Uncommon trap: reason=null_check action=make_not_entrant pc=0x0000000003e59290 method=java.net.URL.getURLStreamHandler(Ljava/lang/String;)Ljava/net/URLStreamHandler; @ 7
Event: 13.534 Thread 0x00000000194e6800 Uncommon trap: reason=class_check action=maybe_recompile pc=0x0000000003a03e3c method=java.util.zip.InflaterInputStream.read([BII)I @ 100
Event: 13.534 Thread 0x00000000194e6800 Uncommon trap: reason=class_check action=maybe_recompile pc=0x0000000003a03e3c method=java.util.zip.InflaterInputStream.read([BII)I @ 100
Event: 13.535 Thread 0x00000000194e6800 Uncommon trap: reason=class_check action=maybe_recompile pc=0x0000000003a03e3c method=java.util.zip.InflaterInputStream.read([BII)I @ 100
Event: 13.535 Thread 0x00000000194e6800 Uncommon trap: reason=class_check action=maybe_recompile pc=0x0000000003a03e3c method=java.util.zip.InflaterInputStream.read([BII)I @ 100
Event: 14.304 Thread 0x00000000194e6800 Uncommon trap: reason=unstable_if action=reinterpret pc=0x00000000035e0edc method=java.lang.AbstractStringBuilder.append(Ljava/lang/String;)Ljava/lang/AbstractStringBuilder; @ 1
Event: 14.405 Thread 0x000000001d27f800 Uncommon trap: reason=unstable_if action=reinterpret pc=0x00000000034a9970 method=java.net.URLStreamHandler.parseURL(Ljava/net/URL;Ljava/lang/String;II)V @ 57

Classes redefined (0 events):
No events

Internal exceptions (10 events):
Event: 10.955 Thread 0x00000000194e6800 Exception <a 'java/lang/ClassNotFoundException': org/springframework/transaction/annotation/ProxyTransactionManagementConfigurationCustomizer> (0x00000000db12c760) thrown at [C:\re\workspace\8-2-build-windows-amd64-cygwin\jdk8u191\11896\hotspot\src\share\
Event: 10.960 Thread 0x00000000194e6800 Exception <a 'java/lang/ClassNotFoundException': org/springframework/context/annotation/ImportAwareCustomizer> (0x00000000db14ad80) thrown at [C:\re\workspace\8-2-build-windows-amd64-cygwin\jdk8u191\11896\hotspot\src\share\vm\classfile\systemDictionary.cp
Event: 10.962 Thread 0x00000000194e6800 Exception <a 'java/lang/ClassNotFoundException': org/springframework/beans/factory/AwareCustomizer> (0x00000000db162658) thrown at [C:\re\workspace\8-2-build-windows-amd64-cygwin\jdk8u191\11896\hotspot\src\share\vm\classfile\systemDictionary.cpp, line 210
Event: 10.962 Thread 0x00000000194e6800 Implicit null exception at 0x0000000003bad40c to 0x0000000003bad581
Event: 11.572 Thread 0x00000000194e6800 Exception <a 'java/lang/IncompatibleClassChangeError': Found class java.lang.Object, but interface was expected> (0x00000000dbd6d540) thrown at [C:\re\workspace\8-2-build-windows-amd64-cygwin\jdk8u191\11896\hotspot\src\share\vm\interpreter\linkResolver.cp
Event: 11.592 Thread 0x00000000194e6800 Exception <a 'java/lang/NoSuchMethodError': java.lang.Object.lambda$and$0(Ljava/util/function/Predicate;Ljava/lang/Object;)Z> (0x00000000dbdb44f8) thrown at [C:\re\workspace\8-2-build-windows-amd64-cygwin\jdk8u191\11896\hotspot\src\share\vm\interpreter\li
Event: 13.523 Thread 0x00000000194e6800 Implicit null exception at 0x0000000003e56ab7 to 0x0000000003e59285
Event: 14.074 Thread 0x00000000194e6800 Exception <a 'java/io/FileNotFoundException'> (0x00000000dae18158) thrown at [C:\re\workspace\8-2-build-windows-amd64-cygwin\jdk8u191\11896\hotspot\src\share\vm\prims\jni.cpp, line 709]
Event: 14.259 Thread 0x00000000194e6800 Exception <a 'java/lang/NoSuchMethodError': java.lang.Object.lambda$static$0(Ljava/lang/Object;)Ljava/lang/Object;> (0x00000000db104228) thrown at [C:\re\workspace\8-2-build-windows-amd64-cygwin\jdk8u191\11896\hotspot\src\share\vm\interpreter\linkResolver
Event: 14.304 Thread 0x00000000194e6800 Implicit null exception at 0x00000000035e0b19 to 0x00000000035e0ec5

Events (10 events):
Event: 14.432 loading class com/mysql/cj/conf/ConnectionUrl
Event: 14.432 loading class com/mysql/cj/conf/ConnectionUrl done
Event: 14.435 loading class com/mysql/cj/conf/DatabaseUrlContainer
Event: 14.435 loading class com/mysql/cj/conf/DatabaseUrlContainer done
Event: 14.436 loading class com/mysql/cj/exceptions/WrongArgumentException
Event: 14.436 loading class com/mysql/cj/exceptions/WrongArgumentException done
Event: 14.439 loading class com/mysql/cj/exceptions/InvalidConnectionAttributeException
Event: 14.439 loading class com/mysql/cj/exceptions/InvalidConnectionAttributeException done
Event: 14.442 loading class com/mysql/cj/util/LRUCache
Event: 14.442 loading class com/mysql/cj/util/LRUCache done


Dynamic libraries:
0x00007ff64a980000 - 0x00007ff64a9b7000 	C:\Program Files\Java\jdk1.8.0_191\bin\java.exe
0x00007ff8cb980000 - 0x00007ff8cbb6d000 	C:\WINDOWS\SYSTEM32\ntdll.dll
0x00007ff8cb0c0000 - 0x00007ff8cb173000 	C:\WINDOWS\System32\KERNEL32.DLL
0x00007ff8c7a90000 - 0x00007ff8c7d25000 	C:\WINDOWS\System32\KERNELBASE.dll
0x00007ff8cb180000 - 0x00007ff8cb223000 	C:\WINDOWS\System32\ADVAPI32.dll
0x00007ff8cac90000 - 0x00007ff8cad2e000 	C:\WINDOWS\System32\msvcrt.dll
0x00007ff8ca0b0000 - 0x00007ff8ca14e000 	C:\WINDOWS\System32\sechost.dll
0x00007ff8ca420000 - 0x00007ff8ca542000 	C:\WINDOWS\System32\RPCRT4.dll
0x00007ff8ca280000 - 0x00007ff8ca417000 	C:\WINDOWS\System32\USER32.dll
0x00007ff8c8b80000 - 0x00007ff8c8ba0000 	C:\WINDOWS\System32\win32u.dll
0x00007ff8cb310000 - 0x00007ff8cb339000 	C:\WINDOWS\System32\GDI32.dll
0x00007ff8c86b0000 - 0x00007ff8c884a000 	C:\WINDOWS\System32\gdi32full.dll
0x00007ff8c7de0000 - 0x00007ff8c7e80000 	C:\WINDOWS\System32\msvcp_win.dll
0x00007ff8c8a80000 - 0x00007ff8c8b7a000 	C:\WINDOWS\System32\ucrtbase.dll
0x00007ff8b1f40000 - 0x00007ff8b21b9000 	C:\WINDOWS\WinSxS\amd64_microsoft.windows.common-controls_6595b64144ccf1df_6.0.17763.1282_none_de75b6f253473c0f\COMCTL32.dll
0x00007ff8cad30000 - 0x00007ff8cb05c000 	C:\WINDOWS\System32\combase.dll
0x00007ff8c7e80000 - 0x00007ff8c7efe000 	C:\WINDOWS\System32\bcryptPrimitives.dll
0x00007ff8ca780000 - 0x00007ff8ca7ae000 	C:\WINDOWS\System32\IMM32.DLL
0x00000000554a0000 - 0x0000000055572000 	C:\Program Files\Java\jdk1.8.0_191\jre\bin\msvcr100.dll
0x0000000054bf0000 - 0x0000000055494000 	C:\Program Files\Java\jdk1.8.0_191\jre\bin\server\jvm.dll
0x00007ff8ca550000 - 0x00007ff8ca558000 	C:\WINDOWS\System32\PSAPI.DLL
0x00007ff8bb0d0000 - 0x00007ff8bb0d9000 	C:\WINDOWS\SYSTEM32\WSOCK32.dll
0x00007ff8ca580000 - 0x00007ff8ca5ed000 	C:\WINDOWS\System32\WS2_32.dll
0x00007ff8c4050000 - 0x00007ff8c4074000 	C:\WINDOWS\SYSTEM32\WINMM.dll
0x00007ff8bb450000 - 0x00007ff8bb45a000 	C:\WINDOWS\SYSTEM32\VERSION.dll
0x00007ff8c4020000 - 0x00007ff8c404d000 	C:\WINDOWS\SYSTEM32\WINMMBASE.dll
0x00007ff8c7a40000 - 0x00007ff8c7a8a000 	C:\WINDOWS\System32\cfgmgr32.dll
0x0000000054be0000 - 0x0000000054bef000 	C:\Program Files\Java\jdk1.8.0_191\jre\bin\verify.dll
0x0000000054bb0000 - 0x0000000054bd9000 	C:\Program Files\Java\jdk1.8.0_191\jre\bin\java.dll
0x0000000054b80000 - 0x0000000054ba3000 	C:\Program Files\Java\jdk1.8.0_191\jre\bin\instrument.dll
0x0000000054b60000 - 0x0000000054b76000 	C:\Program Files\Java\jdk1.8.0_191\jre\bin\zip.dll
0x00007ff8c8ba0000 - 0x00007ff8ca098000 	C:\WINDOWS\System32\SHELL32.dll
0x00007ff8cb340000 - 0x00007ff8cb3e8000 	C:\WINDOWS\System32\shcore.dll
0x00007ff8c7f00000 - 0x00007ff8c864f000 	C:\WINDOWS\System32\windows.storage.dll
0x00007ff8c7990000 - 0x00007ff8c79b4000 	C:\WINDOWS\System32\profapi.dll
0x00007ff8c79c0000 - 0x00007ff8c7a1d000 	C:\WINDOWS\System32\powrprof.dll
0x00007ff8caad0000 - 0x00007ff8cab22000 	C:\WINDOWS\System32\shlwapi.dll
0x00007ff8c7a20000 - 0x00007ff8c7a31000 	C:\WINDOWS\System32\kernel.appcore.dll
0x00007ff8c8880000 - 0x00007ff8c8897000 	C:\WINDOWS\System32\cryptsp.dll
0x00007ff8942b0000 - 0x00007ff8942ca000 	C:\Program Files\JetBrains\IntelliJ IDEA Community Edition 2018.3\bin\breakgen64.dll
0x0000000054a50000 - 0x0000000054a6a000 	C:\Program Files\Java\jdk1.8.0_191\jre\bin\net.dll
0x00007ff8c7120000 - 0x00007ff8c7187000 	C:\WINDOWS\system32\mswsock.dll
0x0000000054b50000 - 0x0000000054b5d000 	C:\Program Files\Java\jdk1.8.0_191\jre\bin\management.dll
0x00007ff8aa6c0000 - 0x00007ff8aa6d6000 	C:\WINDOWS\system32\napinsp.dll
0x00007ff8aa6a0000 - 0x00007ff8aa6ba000 	C:\WINDOWS\system32\pnrpnsp.dll
0x00007ff8c6e90000 - 0x00007ff8c6f57000 	C:\WINDOWS\SYSTEM32\DNSAPI.dll
0x00007ff8cb4c0000 - 0x00007ff8cb4c8000 	C:\WINDOWS\System32\NSI.dll
0x00007ff8c6e50000 - 0x00007ff8c6e8d000 	C:\WINDOWS\SYSTEM32\IPHLPAPI.DLL
0x00007ff8c3ec0000 - 0x00007ff8c3ece000 	C:\WINDOWS\System32\winrnr.dll
0x00007ff8c39c0000 - 0x00007ff8c39db000 	C:\WINDOWS\system32\NLAapi.dll
0x00007ff8bed00000 - 0x00007ff8bed15000 	C:\WINDOWS\system32\wshbth.dll
0x00007ff8bb540000 - 0x00007ff8bb54a000 	C:\Windows\System32\rasadhlp.dll
0x00007ff8bc0a0000 - 0x00007ff8bc119000 	C:\WINDOWS\System32\fwpuclnt.dll
0x00007ff8c8850000 - 0x00007ff8c8876000 	C:\WINDOWS\System32\bcrypt.dll
0x0000000054a30000 - 0x0000000054a41000 	C:\Program Files\Java\jdk1.8.0_191\jre\bin\nio.dll
0x00007ff8c6cb0000 - 0x00007ff8c6ce3000 	C:\WINDOWS\system32\rsaenh.dll
0x00007ff8c78a0000 - 0x00007ff8c78c8000 	C:\WINDOWS\SYSTEM32\USERENV.dll
0x00007ff8c72a0000 - 0x00007ff8c72ac000 	C:\WINDOWS\SYSTEM32\CRYPTBASE.dll
0x00007ff8bd570000 - 0x00007ff8bd586000 	C:\WINDOWS\SYSTEM32\dhcpcsvc6.DLL
0x00007ff8bd420000 - 0x00007ff8bd43c000 	C:\WINDOWS\SYSTEM32\dhcpcsvc.DLL

VM Arguments:
jvm_args: -javaagent:C:\Program Files\JetBrains\IntelliJ IDEA Community Edition 2018.3\lib\idea_rt.jar=61730:C:\Program Files\JetBrains\IntelliJ IDEA Community Edition 2018.3\bin -Dfile.encoding=UTF-8 
java_command: com.library.LibraryApplication
java_class_path (initial): C:\Users\Folio9470m\IdeaProjects\Library\target\classes;C:\Program Files\Java\jdk1.8.0_191\jre\lib\charsets.jar;C:\Program Files\Java\jdk1.8.0_191\jre\lib\deploy.jar;C:\Program Files\Java\jdk1.8.0_191\jre\lib\ext\access-bridge-64.jar;C:\Program Files\Java\jdk1.8.0_191\jre\lib\ext\cldrdata.jar;C:\Program Files\Java\jdk1.8.0_191\jre\lib\ext\dnsns.jar;C:\Program Files\Java\jdk1.8.0_191\jre\lib\ext\jaccess.jar;C:\Program Files\Java\jdk1.8.0_191\jre\lib\ext\jfxrt.jar;C:\Program Files\Java\jdk1.8.0_191\jre\lib\ext\localedata.jar;C:\Program Files\Java\jdk1.8.0_191\jre\lib\ext\nashorn.jar;C:\Program Files\Java\jdk1.8.0_191\jre\lib\ext\sunec.jar;C:\Program Files\Java\jdk1.8.0_191\jre\lib\ext\sunjce_provider.jar;C:\Program Files\Java\jdk1.8.0_191\jre\lib\ext\sunmscapi.jar;C:\Program Files\Java\jdk1.8.0_191\jre\lib\ext\sunpkcs11.jar;C:\Program Files\Java\jdk1.8.0_191\jre\lib\ext\zipfs.jar;C:\Program Files\Java\jdk1.8.0_191\jre\lib\javaws.jar;C:\Program Files\Java\jdk1.8.0_191\jre\lib\jce.jar;C:\Program Files\Java\jdk1.8.0_191\jre\lib\jfr.jar;C:\Program Files\Java\jdk1.8.0_191\jre\lib\jfxswt.jar;C:\Program Files\Java\jdk1.8.0_191\jre\lib\jsse.jar;C:\Program Files\Java\jdk1.8.0_191\jre\lib\management-agent.jar;C:\Program Files\Java\jdk1.8.0_191\jre\lib\plugin.jar;C:\Program Files\Java\jdk1.8.0_191\jre\lib\resources.jar;C:\Program Files\Java\jdk1.8.0_191\jre\lib\rt.jar;C:\Users\Folio9470m\.m2\repository\org\springframework\boot\spring-boot-starter-data-jpa\2.3.2.RELEASE\spring-boot-starter-data-jpa-2.3.2.RELEASE.jar;C:\Users\Folio9470m\.m2\repository\org\springframework\boot\spring-boot-starter-aop\2.3.2.RELEASE\spring-boot-starter-aop-2.3.2.RELEASE.jar;C:\Users\Folio9470m\.m2\repository\org\springframework\spring-aop\5.2.8.RELEASE\spring-aop-5.2.8.RELEASE.jar;C:\Users\Folio9470m\.m2\repository\org\aspectj\aspectjweaver\1.9.6\aspectjweaver-1.9.6.jar;C:\Users\Folio9470m\.m2\repository\org\springframework\boot\spring-boot-starter-jdbc\2.3.2.RELEASE\spri
Launcher Type: SUN_STANDARD

Environment Variables:
JAVA_HOME=C:\Program Files\Java\jdk1.8.0_191\bin
PATH=C:\Program Files (x86)\Common Files\Oracle\Java\javapath;C:\ProgramData\DockerDesktop\version-bin;C:\Program Files\Docker\Docker\Resources\bin;C:\WINDOWS\system32;C:\WINDOWS;C:\WINDOWS\System32\Wbem;C:\WINDOWS\System32\WindowsPowerShell\v1.0\;C:\Program Files\Git\cmd;C:\WINDOWS\System32\OpenSSH\;C:\wamp\bin\mysql\mysql5.6.12\bin;C:\Program Files\nodejs\;C:\Program Files\Java\jdk1.8.0_191\bin;C:\Program Files\heroku\bin;C:\Program Files\PostgreSQL\12\bin;C:\xampp\php;C:\ProgramData\ComposerSetup\bin;C:\Program Files\Microsoft VS Code\bin;C:\xampp\mysql\bin;C:\Users\Folio9470m\AppData\Local\Microsoft\WindowsApps;C:\Users\Folio9470m\AppData\Roaming\npm;C:\Program Files\Java\jdk1.8.0_191\bin;C:\Program Files\heroku\bin;C:\Program Files\heroku\bin;C:\Program Files\PostgreSQL\12\bin;C:\xampp\php;C:\Users\Folio9470m\AppData\Roaming\Composer\vendor\bin;C:\xampp\mysql\bin;
USERNAME=Folio9470m
OS=Windows_NT
PROCESSOR_IDENTIFIER=Intel64 Family 6 Model 58 Stepping 9, GenuineIntel



---------------  S Y S T E M  ---------------

OS: Windows 10.0 , 64 bit Build 17763 (10.0.17763.1158)

CPU:total 4 (initial active 4) (2 cores per cpu, 2 threads per core) family 6 model 58 stepping 9, cmov, cx8, fxsr, mmx, sse, sse2, sse3, ssse3, sse4.1, sse4.2, popcnt, avx, aes, clmul, erms, ht, tsc, tscinvbit, tscinv

Memory: 4k page, physical 8248876k(1591720k free), swap 13234176k(5100k free)

vm_info: Java HotSpot(TM) 64-Bit Server VM (25.191-b12) for windows-amd64 JRE (1.8.0_191-b12), built on Oct  6 2018 09:29:03 by "java_re" with MS VC++ 10.0 (VS2010)

time: Tue Sep 08 16:12:34 2020
elapsed time: 14 seconds (0d 0h 0m 14s)

