#
# There is insufficient memory for the Java Runtime Environment to continue.
# Native memory allocation (malloc) failed to allocate 1356416 bytes for Chunk::new
# Possible reasons:
#   The system is out of physical RAM or swap space
#   The process is running with CompressedOops enabled, and the Java Heap may be blocking the growth of the native heap
# Possible solutions:
#   Reduce memory load on the system
#   Increase physical memory or swap space
#   Check if swap backing store is full
#   Decrease Java heap size (-Xmx/-Xms)
#   Decrease number of Java threads
#   Decrease Java thread stack sizes (-Xss)
#   Set larger code cache with -XX:ReservedCodeCacheSize=
#   JVM is running with Unscaled Compressed Oops mode in which the Java heap is
#     placed in the first 4GB address space. The Java Heap base address is the
#     maximum limit for the native heap growth. Please use -XX:HeapBaseMinAddress
#     to set the Java Heap base and to place the Java Heap above 4GB virtual address.
# This output file may be truncated or incomplete.
#
#  Out of Memory Error (allocation.cpp:389), pid=8640, tid=0x00000000000007f0
#
# JRE version: Java(TM) SE Runtime Environment (8.0_301-b09) (build 1.8.0_301-b09)
# Java VM: Java HotSpot(TM) 64-Bit Server VM (25.301-b09 mixed mode windows-amd64 compressed oops)
# Failed to write core dump. Minidumps are not enabled by default on client versions of Windows
#

---------------  T H R E A D  ---------------

Current thread (0x00000203779d4800):  JavaThread "C2 CompilerThread0" daemon [_thread_in_native, id=2032, stack(0x000000238bb00000,0x000000238bc00000)]

Stack: [0x000000238bb00000,0x000000238bc00000]
Native frames: (J=compiled Java code, j=interpreted, Vv=VM code, C=native code)
V  [jvm.dll+0x32ed79]
V  [jvm.dll+0x275722]
V  [jvm.dll+0x2763cd]
V  [jvm.dll+0x26ce05]
V  [jvm.dll+0xd551c]
V  [jvm.dll+0xd5d1c]
V  [jvm.dll+0x452c72]
V  [jvm.dll+0x48dcdd]
V  [jvm.dll+0x442c71]
V  [jvm.dll+0x43fee4]
V  [jvm.dll+0x42ae57]
V  [jvm.dll+0xac1bb]
V  [jvm.dll+0xaa81b]
V  [jvm.dll+0x23ddc2]
V  [jvm.dll+0x2923dc]
C  [ucrtbase.dll+0x21bb2]
C  [KERNEL32.DLL+0x17034]
C  [ntdll.dll+0x52651]


Current CompileTask:
C2:  33484 3879   !   4       org.springframework.core.annotation.AnnotationsScanner::processMethodHierarchy (286 bytes)


---------------  P R O C E S S  ---------------

Java Threads: ( => current thread )
  0x000002037ad43000 JavaThread "task-1" [_thread_in_native, id=14096, stack(0x000000238c100000,0x000000238c200000)]
  0x000002037ad73800 JavaThread "mysql-cj-abandoned-connection-cleanup" daemon [_thread_blocked, id=14104, stack(0x000000238c000000,0x000000238c100000)]
  0x0000020377a43000 JavaThread "Service Thread" daemon [_thread_blocked, id=9716, stack(0x000000238be00000,0x000000238bf00000)]
  0x00000203778ee000 JavaThread "C1 CompilerThread2" daemon [_thread_blocked, id=6612, stack(0x000000238bd00000,0x000000238be00000)]
  0x00000203779d5000 JavaThread "C2 CompilerThread1" daemon [_thread_in_native, id=3328, stack(0x000000238bc00000,0x000000238bd00000)]
=>0x00000203779d4800 JavaThread "C2 CompilerThread0" daemon [_thread_in_native, id=2032, stack(0x000000238bb00000,0x000000238bc00000)]
  0x00000203779ce000 JavaThread "Monitor Ctrl-Break" daemon [_thread_in_native, id=4516, stack(0x000000238ba00000,0x000000238bb00000)]
  0x00000203762dc800 JavaThread "Attach Listener" daemon [_thread_blocked, id=2588, stack(0x000000238b900000,0x000000238ba00000)]
  0x00000203762db800 JavaThread "Signal Dispatcher" daemon [_thread_blocked, id=2008, stack(0x000000238b800000,0x000000238b900000)]
  0x00000203762b0000 JavaThread "Finalizer" daemon [_thread_blocked, id=10964, stack(0x000000238b700000,0x000000238b800000)]
  0x00000203762af000 JavaThread "Reference Handler" daemon [_thread_blocked, id=8968, stack(0x000000238b600000,0x000000238b700000)]
  0x0000020371895000 JavaThread "main" [_thread_in_Java, id=9528, stack(0x000000238b000000,0x000000238b100000)]

Other Threads:
  0x0000020376283000 VMThread [stack: 0x000000238b500000,0x000000238b600000] [id=3376]
  0x0000020377b07800 WatcherThread [stack: 0x000000238bf00000,0x000000238c000000] [id=4820]

VM state:not at safepoint (normal execution)

VM Mutex/Monitor currently owned by a thread:  ([mutex/lock_event])
[0x000002037188e4c0] CodeCache_lock - owner thread: 0x00000203778ee000

heap address: 0x00000000c2200000, size: 990 MB, Compressed Oops mode: 32-bit
Narrow klass base: 0x0000000000000000, Narrow klass shift: 3
Compressed class space size: 1073741824 Address: 0x0000000100000000

Heap:
 PSYoungGen      total 205312K, used 4689K [0x00000000eb600000, 0x00000000ff200000, 0x0000000100000000)
  eden space 194048K, 2% used [0x00000000eb600000,0x00000000eba94678,0x00000000f7380000)
  from space 11264K, 0% used [0x00000000f7380000,0x00000000f7380000,0x00000000f7e80000)
  to   space 11776K, 0% used [0x00000000fe680000,0x00000000fe680000,0x00000000ff200000)
 ParOldGen       total 28160K, used 15253K [0x00000000c2200000, 0x00000000c3d80000, 0x00000000eb600000)
  object space 28160K, 54% used [0x00000000c2200000,0x00000000c30e5748,0x00000000c3d80000)
 Metaspace       used 33668K, capacity 35642K, committed 35752K, reserved 1081344K
  class space    used 4242K, capacity 4589K, committed 4608K, reserved 1048576K

Card table byte_map: [0x0000020373600000,0x00000203737f0000] byte_map_base: 0x0000020372fef000

Marking Bits: (ParMarkBitMap*) 0x0000000056157fe0
 Begin Bits: [0x00000203737f0000, 0x0000020374768000)
 End Bits:   [0x0000020374768000, 0x00000203756e0000)

Polling page: 0x00000203717e0000

CodeCache: size=245760Kb used=13203Kb max_used=13329Kb free=232556Kb
 bounds [0x0000020300000000, 0x0000020300d40000, 0x000002030f000000]
 total_blobs=3863 nmethods=3465 adapters=310
 compilation: enabled

Compilation events (10 events):
Event: 33.188 Thread 0x00000203778ee000 3900       3       org.springframework.core.ResolvableType::isInstance (21 bytes)
Event: 33.188 Thread 0x00000203778ee000 nmethod 3900 0x0000020300340450 code [0x00000203003405c0, 0x0000020300340910]
Event: 33.196 Thread 0x00000203779d5000 nmethod 3872 0x0000020300483a10 code [0x0000020300483ba0, 0x00000203004841b8]
Event: 33.196 Thread 0x00000203779d5000 3899       4       org.springframework.beans.factory.support.AbstractBeanFactory::isTypeMatch (607 bytes)
Event: 33.202 Thread 0x00000203778ee000 3902       3       org.springframework.core.annotation.AnnotationTypeMappings$$Lambda$144/336371513::get$Lambda (9 bytes)
Event: 33.202 Thread 0x00000203778ee000 nmethod 3902 0x000002030054cbd0 code [0x000002030054cd40, 0x000002030054cf98]
Event: 33.202 Thread 0x00000203778ee000 3903       3       org.springframework.core.annotation.AnnotationTypeMappings$$Lambda$144/336371513::<init> (10 bytes)
Event: 33.202 Thread 0x00000203778ee000 nmethod 3903 0x00000203003a4ed0 code [0x00000203003a5020, 0x00000203003a51f8]
Event: 33.203 Thread 0x00000203778ee000 3904       1       org.springframework.aop.support.StaticMethodMatcherPointcut::getClassFilter (5 bytes)
Event: 33.203 Thread 0x00000203778ee000 nmethod 3904 0x0000020300483690 code [0x00000203004837e0, 0x00000203004838f8]

GC Heap History (10 events):
Event: 13.407 GC heap before
{Heap before GC invocations=9 (full 1):
 PSYoungGen      total 132608K, used 4824K [0x00000000eb600000, 0x00000000f3f00000, 0x0000000100000000)
  eden space 125952K, 0% used [0x00000000eb600000,0x00000000eb600000,0x00000000f3100000)
  from space 6656K, 72% used [0x00000000f3880000,0x00000000f3d36188,0x00000000f3f00000)
  to   space 7168K, 0% used [0x00000000f3100000,0x00000000f3100000,0x00000000f3800000)
 ParOldGen       total 42496K, used 9221K [0x00000000c2200000, 0x00000000c4b80000, 0x00000000eb600000)
  object space 42496K, 21% used [0x00000000c2200000,0x00000000c2b01548,0x00000000c4b80000)
 Metaspace       used 20525K, capacity 21218K, committed 21296K, reserved 1069056K
  class space    used 2503K, capacity 2677K, committed 2688K, reserved 1048576K
Event: 13.506 GC heap after
Heap after GC invocations=9 (full 1):
 PSYoungGen      total 132608K, used 0K [0x00000000eb600000, 0x00000000f3f00000, 0x0000000100000000)
  eden space 125952K, 0% used [0x00000000eb600000,0x00000000eb600000,0x00000000f3100000)
  from space 6656K, 0% used [0x00000000f3880000,0x00000000f3880000,0x00000000f3f00000)
  to   space 7168K, 0% used [0x00000000f3100000,0x00000000f3100000,0x00000000f3800000)
 ParOldGen       total 28160K, used 7640K [0x00000000c2200000, 0x00000000c3d80000, 0x00000000eb600000)
  object space 28160K, 27% used [0x00000000c2200000,0x00000000c29760d0,0x00000000c3d80000)
 Metaspace       used 20524K, capacity 21216K, committed 21296K, reserved 1069056K
  class space    used 2502K, capacity 2676K, committed 2688K, reserved 1048576K
}
Event: 22.684 GC heap before
{Heap before GC invocations=10 (full 1):
 PSYoungGen      total 132608K, used 125952K [0x00000000eb600000, 0x00000000f3f00000, 0x0000000100000000)
  eden space 125952K, 100% used [0x00000000eb600000,0x00000000f3100000,0x00000000f3100000)
  from space 6656K, 0% used [0x00000000f3880000,0x00000000f3880000,0x00000000f3f00000)
  to   space 7168K, 0% used [0x00000000f3100000,0x00000000f3100000,0x00000000f3800000)
 ParOldGen       total 28160K, used 7640K [0x00000000c2200000, 0x00000000c3d80000, 0x00000000eb600000)
  object space 28160K, 27% used [0x00000000c2200000,0x00000000c29760d0,0x00000000c3d80000)
 Metaspace       used 27086K, capacity 28330K, committed 28544K, reserved 1075200K
  class space    used 3376K, capacity 3611K, committed 3712K, reserved 1048576K
Event: 22.719 GC heap after
Heap after GC invocations=10 (full 1):
 PSYoungGen      total 133120K, used 7144K [0x00000000eb600000, 0x00000000f8780000, 0x0000000100000000)
  eden space 125952K, 0% used [0x00000000eb600000,0x00000000eb600000,0x00000000f3100000)
  from space 7168K, 99% used [0x00000000f3100000,0x00000000f37fa3c0,0x00000000f3800000)
  to   space 9216K, 0% used [0x00000000f7e80000,0x00000000f7e80000,0x00000000f8780000)
 ParOldGen       total 28160K, used 10613K [0x00000000c2200000, 0x00000000c3d80000, 0x00000000eb600000)
  object space 28160K, 37% used [0x00000000c2200000,0x00000000c2c5d4a8,0x00000000c3d80000)
 Metaspace       used 27086K, capacity 28330K, committed 28544K, reserved 1075200K
  class space    used 3376K, capacity 3611K, committed 3712K, reserved 1048576K
}
Event: 32.678 GC heap before
{Heap before GC invocations=11 (full 1):
 PSYoungGen      total 133120K, used 133096K [0x00000000eb600000, 0x00000000f8780000, 0x0000000100000000)
  eden space 125952K, 100% used [0x00000000eb600000,0x00000000f3100000,0x00000000f3100000)
  from space 7168K, 99% used [0x00000000f3100000,0x00000000f37fa3c0,0x00000000f3800000)
  to   space 9216K, 0% used [0x00000000f7e80000,0x00000000f7e80000,0x00000000f8780000)
 ParOldGen       total 28160K, used 10613K [0x00000000c2200000, 0x00000000c3d80000, 0x00000000eb600000)
  object space 28160K, 37% used [0x00000000c2200000,0x00000000c2c5d4a8,0x00000000c3d80000)
 Metaspace       used 33111K, capacity 35012K, committed 35328K, reserved 1079296K
  class space    used 4191K, capacity 4516K, committed 4608K, reserved 1048576K
Event: 32.732 GC heap after
Heap after GC invocations=11 (full 1):
 PSYoungGen      total 203264K, used 9200K [0x00000000eb600000, 0x00000000f8a00000, 0x0000000100000000)
  eden space 194048K, 0% used [0x00000000eb600000,0x00000000eb600000,0x00000000f7380000)
  from space 9216K, 99% used [0x00000000f7e80000,0x00000000f877c010,0x00000000f8780000)
  to   space 11264K, 0% used [0x00000000f7380000,0x00000000f7380000,0x00000000f7e80000)
 ParOldGen       total 28160K, used 13403K [0x00000000c2200000, 0x00000000c3d80000, 0x00000000eb600000)
  object space 28160K, 47% used [0x00000000c2200000,0x00000000c2f16e58,0x00000000c3d80000)
 Metaspace       used 33111K, capacity 35012K, committed 35328K, reserved 1079296K
  class space    used 4191K, capacity 4516K, committed 4608K, reserved 1048576K
}
Event: 33.217 GC heap before
{Heap before GC invocations=12 (full 1):
 PSYoungGen      total 203264K, used 18241K [0x00000000eb600000, 0x00000000f8a00000, 0x0000000100000000)
  eden space 194048K, 4% used [0x00000000eb600000,0x00000000ebed4698,0x00000000f7380000)
  from space 9216K, 99% used [0x00000000f7e80000,0x00000000f877c010,0x00000000f8780000)
  to   space 11264K, 0% used [0x00000000f7380000,0x00000000f7380000,0x00000000f7e80000)
 ParOldGen       total 28160K, used 13403K [0x00000000c2200000, 0x00000000c3d80000, 0x00000000eb600000)
  object space 28160K, 47% used [0x00000000c2200000,0x00000000c2f16e58,0x00000000c3d80000)
 Metaspace       used 33481K, capacity 35360K, committed 35496K, reserved 1081344K
  class space    used 4213K, capacity 4520K, committed 4608K, reserved 1048576K
Event: 33.256 GC heap after
Heap after GC invocations=12 (full 1):
 PSYoungGen      total 205312K, used 595K [0x00000000eb600000, 0x00000000ff200000, 0x0000000100000000)
  eden space 194048K, 0% used [0x00000000eb600000,0x00000000eb600000,0x00000000f7380000)
  from space 11264K, 5% used [0x00000000f7380000,0x00000000f7414de0,0x00000000f7e80000)
  to   space 11776K, 0% used [0x00000000fe680000,0x00000000fe680000,0x00000000ff200000)
 ParOldGen       total 28160K, used 21433K [0x00000000c2200000, 0x00000000c3d80000, 0x00000000eb600000)
  object space 28160K, 76% used [0x00000000c2200000,0x00000000c36ee6d8,0x00000000c3d80000)
 Metaspace       used 33481K, capacity 35360K, committed 35496K, reserved 1081344K
  class space    used 4213K, capacity 4520K, committed 4608K, reserved 1048576K
}
Event: 33.256 GC heap before
{Heap before GC invocations=13 (full 2):
 PSYoungGen      total 205312K, used 595K [0x00000000eb600000, 0x00000000ff200000, 0x0000000100000000)
  eden space 194048K, 0% used [0x00000000eb600000,0x00000000eb600000,0x00000000f7380000)
  from space 11264K, 5% used [0x00000000f7380000,0x00000000f7414de0,0x00000000f7e80000)
  to   space 11776K, 0% used [0x00000000fe680000,0x00000000fe680000,0x00000000ff200000)
 ParOldGen       total 28160K, used 21433K [0x00000000c2200000, 0x00000000c3d80000, 0x00000000eb600000)
  object space 28160K, 76% used [0x00000000c2200000,0x00000000c36ee6d8,0x00000000c3d80000)
 Metaspace       used 33481K, capacity 35360K, committed 35496K, reserved 1081344K
  class space    used 4213K, capacity 4520K, committed 4608K, reserved 1048576K
Event: 33.428 GC heap after
Heap after GC invocations=13 (full 2):
 PSYoungGen      total 205312K, used 0K [0x00000000eb600000, 0x00000000ff200000, 0x0000000100000000)
  eden space 194048K, 0% used [0x00000000eb600000,0x00000000eb600000,0x00000000f7380000)
  from space 11264K, 0% used [0x00000000f7380000,0x00000000f7380000,0x00000000f7e80000)
  to   space 11776K, 0% used [0x00000000fe680000,0x00000000fe680000,0x00000000ff200000)
 ParOldGen       total 28160K, used 15253K [0x00000000c2200000, 0x00000000c3d80000, 0x00000000eb600000)
  object space 28160K, 54% used [0x00000000c2200000,0x00000000c30e5748,0x00000000c3d80000)
 Metaspace       used 33481K, capacity 35360K, committed 35496K, reserved 1081344K
  class space    used 4213K, capacity 4520K, committed 4608K, reserved 1048576K
}

Deoptimization events (10 events):
Event: 31.456 Thread 0x000002037ad73800 Uncommon trap: reason=unstable_if action=reinterpret pc=0x0000020300c244a8 method=java.net.URLStreamHandler.parseURL(Ljava/net/URL;Ljava/lang/String;II)V @ 57
Event: 31.456 Thread 0x0000020371895000 Uncommon trap: reason=unstable_if action=reinterpret pc=0x000002030027eabc method=java.lang.AbstractStringBuilder.append(Ljava/lang/String;)Ljava/lang/AbstractStringBuilder; @ 1
Event: 31.934 Thread 0x0000020371895000 Uncommon trap: reason=unstable_if action=reinterpret pc=0x00000203009b53bc method=java.util.regex.Pattern$CharProperty.match(Ljava/util/regex/Matcher;ILjava/lang/CharSequence;)Z @ 21
Event: 32.824 Thread 0x0000020371895000 Uncommon trap: reason=unstable_if action=reinterpret pc=0x0000020300a08494 method=org.springframework.util.StringUtils.cleanPath(Ljava/lang/String;)Ljava/lang/String; @ 4
Event: 33.062 Thread 0x0000020371895000 Uncommon trap: reason=class_check action=maybe_recompile pc=0x0000020300b0caa4 method=org.springframework.beans.factory.support.AbstractBeanFactory.isTypeMatch(Ljava/lang/String;Lorg/springframework/core/ResolvableType;Z)Z @ 53
Event: 33.099 Thread 0x0000020371895000 Uncommon trap: reason=class_check action=maybe_recompile pc=0x0000020300b0caa4 method=org.springframework.beans.factory.support.AbstractBeanFactory.isTypeMatch(Ljava/lang/String;Lorg/springframework/core/ResolvableType;Z)Z @ 53
Event: 33.178 Thread 0x0000020371895000 Uncommon trap: reason=class_check action=maybe_recompile pc=0x000002030015d080 method=org.springframework.core.ResolvableType.calculateHashCode()I @ 23
Event: 33.180 Thread 0x0000020371895000 Uncommon trap: reason=class_check action=maybe_recompile pc=0x0000020300b0caa4 method=org.springframework.beans.factory.support.AbstractBeanFactory.isTypeMatch(Ljava/lang/String;Lorg/springframework/core/ResolvableType;Z)Z @ 53
Event: 33.182 Thread 0x0000020371895000 Uncommon trap: reason=class_check action=maybe_recompile pc=0x0000020300b0caa4 method=org.springframework.beans.factory.support.AbstractBeanFactory.isTypeMatch(Ljava/lang/String;Lorg/springframework/core/ResolvableType;Z)Z @ 53
Event: 33.196 Thread 0x0000020371895000 Uncommon trap: reason=class_check action=maybe_recompile pc=0x000002030015d080 method=org.springframework.core.ResolvableType.calculateHashCode()I @ 23

Classes redefined (0 events):
No events

Internal exceptions (10 events):
Event: 30.737 Thread 0x0000020371895000 Exception <a 'java/lang/ClassNotFoundException': org/springframework/web/servlet/config/annotation/DelegatingWebMvcConfigurationCustomizer> (0x00000000f198d8c0) thrown at [C:\jenkins\workspace\8-2-build-windows-amd64-cygwin\jdk8u301\1513\hotspot\src\share
Event: 30.740 Thread 0x0000020371895000 Exception <a 'java/lang/ClassNotFoundException': org/springframework/boot/autoconfigure/web/servlet/WebMvcAutoConfiguration$EnableWebMvcConfigurationCustomizer> (0x00000000f19c9e10) thrown at [C:\jenkins\workspace\8-2-build-windows-amd64-cygwin\jdk8u301\1
Event: 30.754 Thread 0x0000020371895000 Exception <a 'java/lang/ClassNotFoundException': org/springframework/context/ResourceLoaderAwareCustomizer> (0x00000000f19fceb0) thrown at [C:\jenkins\workspace\8-2-build-windows-amd64-cygwin\jdk8u301\1513\hotspot\src\share\vm\classfile\systemDictionary.c
Event: 30.756 Thread 0x0000020371895000 Exception <a 'java/lang/ClassNotFoundException': org/springframework/beans/factory/AwareCustomizer> (0x00000000f1a1c5d8) thrown at [C:\jenkins\workspace\8-2-build-windows-amd64-cygwin\jdk8u301\1513\hotspot\src\share\vm\classfile\systemDictionary.cpp, line
Event: 30.784 Thread 0x0000020371895000 Exception <a 'java/lang/ClassNotFoundException': org/springframework/context/ApplicationContextAwareCustomizer> (0x00000000f1a401d8) thrown at [C:\jenkins\workspace\8-2-build-windows-amd64-cygwin\jdk8u301\1513\hotspot\src\share\vm\classfile\systemDictiona
Event: 30.786 Thread 0x0000020371895000 Exception <a 'java/lang/ClassNotFoundException': org/springframework/beans/factory/AwareCustomizer> (0x00000000f1a5ff08) thrown at [C:\jenkins\workspace\8-2-build-windows-amd64-cygwin\jdk8u301\1513\hotspot\src\share\vm\classfile\systemDictionary.cpp, line
Event: 30.789 Thread 0x0000020371895000 Exception <a 'java/lang/ClassNotFoundException': org/springframework/web/context/ServletContextAwareCustomizer> (0x00000000f1a83b30) thrown at [C:\jenkins\workspace\8-2-build-windows-amd64-cygwin\jdk8u301\1513\hotspot\src\share\vm\classfile\systemDictiona
Event: 30.791 Thread 0x0000020371895000 Exception <a 'java/lang/ClassNotFoundException': org/springframework/beans/factory/AwareCustomizer> (0x00000000f1aa32e0) thrown at [C:\jenkins\workspace\8-2-build-windows-amd64-cygwin\jdk8u301\1513\hotspot\src\share\vm\classfile\systemDictionary.cpp, line
Event: 31.149 Thread 0x0000020371895000 Exception <a 'java/lang/NoSuchMethodError': java.lang.Object.lambda$static$0(Ljava/lang/Object;)Ljava/lang/Object;> (0x00000000f205c9a0) thrown at [C:\jenkins\workspace\8-2-build-windows-amd64-cygwin\jdk8u301\1513\hotspot\src\share\vm\interpreter\linkReso
Event: 31.456 Thread 0x0000020371895000 Implicit null exception at 0x000002030027e697 to 0x000002030027eaa5

Events (10 events):
Event: 33.205 loading class org/jboss/logging/LoggingLocale
Event: 33.205 loading class org/jboss/logging/LoggingLocale done
Event: 33.208 loading class org/hibernate/internal/EntityManagerMessageLogger_$logger_fr_FR
Event: 33.208 loading class org/hibernate/internal/EntityManagerMessageLogger_$logger_fr_FR done
Event: 33.209 loading class org/hibernate/internal/EntityManagerMessageLogger_$logger_fr
Event: 33.209 loading class org/hibernate/internal/EntityManagerMessageLogger_$logger_fr done
Event: 33.209 loading class org/hibernate/internal/EntityManagerMessageLogger_$logger
Event: 33.209 loading class org/hibernate/internal/EntityManagerMessageLogger_$logger done
Event: 33.217 Executing VM operation: CollectForMetadataAllocation
Event: 33.428 Executing VM operation: CollectForMetadataAllocation done


Dynamic libraries:
0x00007ff64e0e0000 - 0x00007ff64e127000 	C:\Program Files\Java\jdk1.8.0_301\bin\java.exe
0x00007ffe4e350000 - 0x00007ffe4e545000 	C:\WINDOWS\SYSTEM32\ntdll.dll
0x00007ffe4d5a0000 - 0x00007ffe4d65e000 	C:\WINDOWS\System32\KERNEL32.DLL
0x00007ffe4bda0000 - 0x00007ffe4c068000 	C:\WINDOWS\System32\KERNELBASE.dll
0x00007ffe4e1b0000 - 0x00007ffe4e25e000 	C:\WINDOWS\System32\ADVAPI32.dll
0x00007ffe4db10000 - 0x00007ffe4dbae000 	C:\WINDOWS\System32\msvcrt.dll
0x00007ffe4d140000 - 0x00007ffe4d1dc000 	C:\WINDOWS\System32\sechost.dll
0x00007ffe4d1e0000 - 0x00007ffe4d305000 	C:\WINDOWS\System32\RPCRT4.dll
0x00007ffe4d3f0000 - 0x00007ffe4d591000 	C:\WINDOWS\System32\USER32.dll
0x00007ffe4bd40000 - 0x00007ffe4bd62000 	C:\WINDOWS\System32\win32u.dll
0x00007ffe4dbb0000 - 0x00007ffe4dbdb000 	C:\WINDOWS\System32\GDI32.dll
0x00007ffe4bbd0000 - 0x00007ffe4bcdd000 	C:\WINDOWS\System32\gdi32full.dll
0x00007ffe4bb30000 - 0x00007ffe4bbcd000 	C:\WINDOWS\System32\msvcp_win.dll
0x00007ffe4ba30000 - 0x00007ffe4bb30000 	C:\WINDOWS\System32\ucrtbase.dll
0x00007ffe34310000 - 0x00007ffe345aa000 	C:\WINDOWS\WinSxS\amd64_microsoft.windows.common-controls_6595b64144ccf1df_6.0.19041.1110_none_60b5254171f9507e\COMCTL32.dll
0x00007ffe4c7f0000 - 0x00007ffe4c820000 	C:\WINDOWS\System32\IMM32.DLL
0x00007ffe43010000 - 0x00007ffe43025000 	C:\Program Files\Java\jdk1.8.0_301\jre\bin\vcruntime140.dll
0x00007ffdf3fd0000 - 0x00007ffdf406b000 	C:\Program Files\Java\jdk1.8.0_301\jre\bin\msvcp140.dll
0x0000000055970000 - 0x00000000561d0000 	C:\Program Files\Java\jdk1.8.0_301\jre\bin\server\jvm.dll
0x00007ffe4c820000 - 0x00007ffe4c828000 	C:\WINDOWS\System32\PSAPI.DLL
0x00007ffe2eb10000 - 0x00007ffe2eb19000 	C:\WINDOWS\SYSTEM32\WSOCK32.dll
0x00007ffe4d660000 - 0x00007ffe4d6cb000 	C:\WINDOWS\System32\WS2_32.dll
0x00007ffe36ae0000 - 0x00007ffe36b07000 	C:\WINDOWS\SYSTEM32\WINMM.dll
0x00007ffe3ba90000 - 0x00007ffe3ba9a000 	C:\WINDOWS\SYSTEM32\VERSION.dll
0x00007ffe4a2c0000 - 0x00007ffe4a2d2000 	C:\WINDOWS\SYSTEM32\kernel.appcore.dll
0x00007ffe46990000 - 0x00007ffe469a0000 	C:\Program Files\Java\jdk1.8.0_301\jre\bin\verify.dll
0x00007ffe2a570000 - 0x00007ffe2a59b000 	C:\Program Files\Java\jdk1.8.0_301\jre\bin\java.dll
0x00007ffdf3ea0000 - 0x00007ffdf3ed0000 	C:\Program Files\Java\jdk1.8.0_301\jre\bin\instrument.dll
0x00007ffe00080000 - 0x00007ffe00098000 	C:\Program Files\Java\jdk1.8.0_301\jre\bin\zip.dll
0x00007ffe4c9f0000 - 0x00007ffe4d134000 	C:\WINDOWS\System32\SHELL32.dll
0x00007ffe497f0000 - 0x00007ffe49f85000 	C:\WINDOWS\SYSTEM32\windows.storage.dll
0x00007ffe4c360000 - 0x00007ffe4c6b5000 	C:\WINDOWS\System32\combase.dll
0x00007ffe4b3a0000 - 0x00007ffe4b3ce000 	C:\WINDOWS\SYSTEM32\Wldp.dll
0x00007ffe4c830000 - 0x00007ffe4c8dd000 	C:\WINDOWS\System32\SHCORE.dll
0x00007ffe4d740000 - 0x00007ffe4d795000 	C:\WINDOWS\System32\shlwapi.dll
0x00007ffe4b970000 - 0x00007ffe4b98f000 	C:\WINDOWS\SYSTEM32\profapi.dll
0x00007ffe45e80000 - 0x00007ffe45e9a000 	C:\Program Files\JetBrains\IntelliJ IDEA Community Edition 2021.2\bin\breakgen64.dll
0x00007ffdf3fb0000 - 0x00007ffdf3fcc000 	C:\Program Files\Java\jdk1.8.0_301\jre\bin\net.dll
0x00007ffe4b180000 - 0x00007ffe4b1ea000 	C:\WINDOWS\system32\mswsock.dll
0x00007ffe430a0000 - 0x00007ffe430ad000 	C:\Program Files\Java\jdk1.8.0_301\jre\bin\management.dll
0x00007ffe42f20000 - 0x00007ffe42f37000 	C:\WINDOWS\system32\napinsp.dll
0x00007ffe42f40000 - 0x00007ffe42f5b000 	C:\WINDOWS\system32\pnrpnsp.dll
0x00007ffe46910000 - 0x00007ffe4692d000 	C:\WINDOWS\system32\NLAapi.dll
0x00007ffe4ae40000 - 0x00007ffe4ae7b000 	C:\WINDOWS\SYSTEM32\IPHLPAPI.DLL
0x00007ffe463d0000 - 0x00007ffe463e5000 	C:\WINDOWS\system32\wshbth.dll
0x00007ffe4ae90000 - 0x00007ffe4af5b000 	C:\WINDOWS\SYSTEM32\DNSAPI.dll
0x00007ffe4e080000 - 0x00007ffe4e088000 	C:\WINDOWS\System32\NSI.dll
0x00007ffe42f80000 - 0x00007ffe42f92000 	C:\WINDOWS\System32\winrnr.dll
0x00007ffe3ec70000 - 0x00007ffe3ec7a000 	C:\Windows\System32\rasadhlp.dll
0x00007ffe414b0000 - 0x00007ffe4152f000 	C:\WINDOWS\System32\fwpuclnt.dll
0x00007ffe4bd70000 - 0x00007ffe4bd97000 	C:\WINDOWS\System32\bcrypt.dll
0x00007ffdf3f90000 - 0x00007ffdf3fa3000 	C:\Program Files\Java\jdk1.8.0_301\jre\bin\nio.dll
0x00007ffe4b6e0000 - 0x00007ffe4b6f8000 	C:\WINDOWS\SYSTEM32\CRYPTSP.dll
0x00007ffe4aab0000 - 0x00007ffe4aae4000 	C:\WINDOWS\system32\rsaenh.dll
0x00007ffe4b930000 - 0x00007ffe4b95e000 	C:\WINDOWS\SYSTEM32\USERENV.dll
0x00007ffe4c280000 - 0x00007ffe4c302000 	C:\WINDOWS\System32\bcryptprimitives.dll
0x00007ffe4b310000 - 0x00007ffe4b31c000 	C:\WINDOWS\SYSTEM32\CRYPTBASE.dll
0x00007ffe42350000 - 0x00007ffe42367000 	C:\WINDOWS\SYSTEM32\dhcpcsvc6.DLL
0x00007ffe42220000 - 0x00007ffe4223d000 	C:\WINDOWS\SYSTEM32\dhcpcsvc.DLL
0x00007ffe4a050000 - 0x00007ffe4a234000 	C:\WINDOWS\SYSTEM32\dbghelp.dll

VM Arguments:
jvm_args: -javaagent:C:\Program Files\JetBrains\IntelliJ IDEA Community Edition 2021.2\lib\idea_rt.jar=50487:C:\Program Files\JetBrains\IntelliJ IDEA Community Edition 2021.2\bin -Dfile.encoding=UTF-8 
java_command: com.library.LibraryApplication
java_class_path (initial): C:\Program Files\Java\jdk1.8.0_301\jre\lib\charsets.jar;C:\Program Files\Java\jdk1.8.0_301\jre\lib\deploy.jar;C:\Program Files\Java\jdk1.8.0_301\jre\lib\ext\access-bridge-64.jar;C:\Program Files\Java\jdk1.8.0_301\jre\lib\ext\cldrdata.jar;C:\Program Files\Java\jdk1.8.0_301\jre\lib\ext\dnsns.jar;C:\Program Files\Java\jdk1.8.0_301\jre\lib\ext\jaccess.jar;C:\Program Files\Java\jdk1.8.0_301\jre\lib\ext\jfxrt.jar;C:\Program Files\Java\jdk1.8.0_301\jre\lib\ext\localedata.jar;C:\Program Files\Java\jdk1.8.0_301\jre\lib\ext\nashorn.jar;C:\Program Files\Java\jdk1.8.0_301\jre\lib\ext\sunec.jar;C:\Program Files\Java\jdk1.8.0_301\jre\lib\ext\sunjce_provider.jar;C:\Program Files\Java\jdk1.8.0_301\jre\lib\ext\sunmscapi.jar;C:\Program Files\Java\jdk1.8.0_301\jre\lib\ext\sunpkcs11.jar;C:\Program Files\Java\jdk1.8.0_301\jre\lib\ext\zipfs.jar;C:\Program Files\Java\jdk1.8.0_301\jre\lib\javaws.jar;C:\Program Files\Java\jdk1.8.0_301\jre\lib\jce.jar;C:\Program Files\Java\jdk1.8.0_301\jre\lib\jfr.jar;C:\Program Files\Java\jdk1.8.0_301\jre\lib\jfxswt.jar;C:\Program Files\Java\jdk1.8.0_301\jre\lib\jsse.jar;C:\Program Files\Java\jdk1.8.0_301\jre\lib\management-agent.jar;C:\Program Files\Java\jdk1.8.0_301\jre\lib\plugin.jar;C:\Program Files\Java\jdk1.8.0_301\jre\lib\resources.jar;C:\Program Files\Java\jdk1.8.0_301\jre\lib\rt.jar;C:\Users\Folio9470m\IdeaProjects\library\target\classes;C:\Users\Folio9470m\.m2\repository\org\springframework\boot\spring-boot-starter-data-jpa\2.3.2.RELEASE\spring-boot-starter-data-jpa-2.3.2.RELEASE.jar;C:\Users\Folio9470m\.m2\repository\org\springframework\boot\spring-boot-starter-aop\2.3.2.RELEASE\spring-boot-starter-aop-2.3.2.RELEASE.jar;C:\Users\Folio9470m\.m2\repository\org\aspectj\aspectjweaver\1.9.6\aspectjweaver-1.9.6.jar;C:\Users\Folio9470m\.m2\repository\org\springframework\boot\spring-boot-starter-jdbc\2.3.2.RELEASE\spring-boot-starter-jdbc-2.3.2.RELEASE.jar;C:\Users\Folio9470m\.m2\repository\com\zaxxer\HikariCP\3.4.5\HikariCP-
Launcher Type: SUN_STANDARD

Environment Variables:
JAVA_HOME=C:\Program Files\Java\jdk1.8.0_301
PATH=C:\Program Files (x86)\Common Files\Oracle\Java\javapath;C:\WINDOWS\system32;C:\WINDOWS;C:\WINDOWS\System32\Wbem;C:\WINDOWS\System32\WindowsPowerShell\v1.0\;C:\WINDOWS\System32\OpenSSH\;C:\Program Files\Git\cmd;C:\Program Files\nodejs\;C:\Program Files\apache-maven-3.8.2\bin;C:\xampp\mysql\bin;C:\Program Files\Java\jdk1.8.0_301\bin;C:\wamp\bin\php\php5.5.12;C:\xampp\php`\php.exe;C:\xampp\php;C:\ProgramData\ComposerSetup\bin;C:\Program Files\PuTTY\;C:\Program Files\ActiveBarcode;;C:\Program Files\Docker\Docker\resources\bin;C:\ProgramData\DockerDesktop\version-bin;C:\Users\Folio9470m\AppData\Local\Microsoft\WindowsApps;C:\Users\Folio9470m\AppData\Local\Programs\Microsoft VS Code\bin;C:\Users\Folio9470m\AppData\Roaming\npm;C:\xampp\mysql\bin;C:\Program Files\Java\jdk1.8.0_301\bin;C:\Program Files\heroku\bin;C:\wamp\bin\php\php5.5.12;C:\xampp\php`\php.exe;C:\Users\Folio9470m\AppData\Roaming\Composer\vendor\bin;
USERNAME=Folio9470m
OS=Windows_NT
PROCESSOR_IDENTIFIER=Intel64 Family 6 Model 58 Stepping 9, GenuineIntel



---------------  S Y S T E M  ---------------

OS: Windows 10.0 , 64 bit Build 19041 (10.0.19041.1466)

CPU:total 4 (initial active 4) (2 cores per cpu, 2 threads per core) family 6 model 58 stepping 9, cmov, cx8, fxsr, mmx, sse, sse2, sse3, ssse3, sse4.1, sse4.2, popcnt, avx, aes, clmul, erms, ht, tsc, tscinvbit, tscinv

Memory: 4k page, physical 4054572k(237480k free), swap 7412652k(4588k free)

vm_info: Java HotSpot(TM) 64-Bit Server VM (25.301-b09) for windows-amd64 JRE (1.8.0_301-b09), built on Jun  9 2021 06:46:21 by "java_re" with MS VC++ 15.9 (VS2017)

time: Wed Jan 26 00:33:05 2022
timezone: Temps universel coordonné
elapsed time: 33.496314 seconds (0d 0h 0m 33s)

